<?xml version="1.0" encoding="UTF-8"?>
<testsuite name="com.uniritter.monitor.rest.TestMetricaTipoController" tests="1" skipped="0" failures="0" errors="0" timestamp="2016-06-01T01:40:08" hostname="Note_Fontana" time="0.022">
  <properties/>
  <testcase name="testGetTipos" classname="com.uniritter.monitor.rest.TestMetricaTipoController" time="0.022"/>
  <system-out><![CDATA[2016-05-31 22:40:08.587  INFO 668 --- [    Test worker] o.s.t.c.support.AbstractContextLoader    : Could not detect default resource locations for test class [com.uniritter.monitor.rest.TestMetricaTipoController]: no resource found for suffixes {-context.xml, Context.groovy}.
2016-05-31 22:40:08.593  INFO 668 --- [    Test worker] WebAppIntegrationTestContextBootstrapper : Loaded default TestExecutionListener class names from location [META-INF/spring.factories]: [org.springframework.test.context.web.ServletTestExecutionListener, org.springframework.test.context.support.DirtiesContextBeforeModesTestExecutionListener, org.springframework.test.context.support.DependencyInjectionTestExecutionListener, org.springframework.test.context.support.DirtiesContextTestExecutionListener, org.springframework.test.context.transaction.TransactionalTestExecutionListener, org.springframework.test.context.jdbc.SqlScriptsTestExecutionListener]
2016-05-31 22:40:08.593  INFO 668 --- [    Test worker] WebAppIntegrationTestContextBootstrapper : Using TestExecutionListeners: [org.springframework.test.context.web.ServletTestExecutionListener@4462d15d, org.springframework.test.context.support.DirtiesContextBeforeModesTestExecutionListener@c94ac2a, org.springframework.test.context.support.DependencyInjectionTestExecutionListener@229394db, org.springframework.test.context.support.DirtiesContextTestExecutionListener@34657eed, org.springframework.test.context.transaction.TransactionalTestExecutionListener@665fa905, org.springframework.test.context.jdbc.SqlScriptsTestExecutionListener@4f83bc18]
]]></system-out>
  <system-err><![CDATA[]]></system-err>
</testsuite>
