<?xml version="1.0" encoding="UTF-8"?>
<testsuite name="com.uniritter.monitor.domain.TestHostService" tests="2" skipped="0" failures="0" errors="0" timestamp="2016-06-07T01:58:00" hostname="Note_Fontana" time="0.057">
  <properties/>
  <testcase name="testGetHosts" classname="com.uniritter.monitor.domain.TestHostService" time="0.036"/>
  <testcase name="testCreateHost" classname="com.uniritter.monitor.domain.TestHostService" time="0.018"/>
  <system-out><![CDATA[2016-06-06 22:58:00.199  INFO 4940 --- [    Test worker] o.s.t.c.support.AbstractContextLoader    : Could not detect default resource locations for test class [com.uniritter.monitor.domain.TestHostService]: no resource found for suffixes {-context.xml, Context.groovy}.
2016-06-06 22:58:00.202  INFO 4940 --- [    Test worker] o.s.t.c.web.WebTestContextBootstrapper   : Loaded default TestExecutionListener class names from location [META-INF/spring.factories]: [org.springframework.test.context.web.ServletTestExecutionListener, org.springframework.test.context.support.DirtiesContextBeforeModesTestExecutionListener, org.springframework.test.context.support.DependencyInjectionTestExecutionListener, org.springframework.test.context.support.DirtiesContextTestExecutionListener, org.springframework.test.context.transaction.TransactionalTestExecutionListener, org.springframework.test.context.jdbc.SqlScriptsTestExecutionListener]
2016-06-06 22:58:00.203  INFO 4940 --- [    Test worker] o.s.t.c.web.WebTestContextBootstrapper   : Using TestExecutionListeners: [org.springframework.test.context.web.ServletTestExecutionListener@5745d6a, org.springframework.test.context.support.DirtiesContextBeforeModesTestExecutionListener@210e14ef, org.springframework.test.context.support.DependencyInjectionTestExecutionListener@2d7b7016, org.springframework.test.context.support.DirtiesContextTestExecutionListener@4f2aa11a, org.springframework.test.context.transaction.TransactionalTestExecutionListener@68923a98, org.springframework.test.context.jdbc.SqlScriptsTestExecutionListener@39eaf209]
]]></system-out>
  <system-err><![CDATA[]]></system-err>
</testsuite>
