<?xml version="1.0" encoding="UTF-8"?>
<testsuite name="com.uniritter.monitor.persistence.TestMetricaDao" tests="3" skipped="0" failures="0" errors="0" timestamp="2016-05-29T12:03:59" hostname="Note_Fontana" time="0.059">
  <properties/>
  <testcase name="testDataBase" classname="com.uniritter.monitor.persistence.TestMetricaDao" time="0.012"/>
  <testcase name="testMetricaDaoCreateMetrica" classname="com.uniritter.monitor.persistence.TestMetricaDao" time="0.001"/>
  <testcase name="testMetricaDaoGetMetricas" classname="com.uniritter.monitor.persistence.TestMetricaDao" time="0.044"/>
  <system-out><![CDATA[2016-05-29 09:03:59.954  INFO 5960 --- [    Test worker] o.s.t.c.support.AbstractContextLoader    : Could not detect default resource locations for test class [com.uniritter.monitor.persistence.TestMetricaDao]: no resource found for suffixes {-context.xml, Context.groovy}.
2016-05-29 09:03:59.958  INFO 5960 --- [    Test worker] o.s.t.c.web.WebTestContextBootstrapper   : Loaded default TestExecutionListener class names from location [META-INF/spring.factories]: [org.springframework.test.context.web.ServletTestExecutionListener, org.springframework.test.context.support.DirtiesContextBeforeModesTestExecutionListener, org.springframework.test.context.support.DependencyInjectionTestExecutionListener, org.springframework.test.context.support.DirtiesContextTestExecutionListener, org.springframework.test.context.transaction.TransactionalTestExecutionListener, org.springframework.test.context.jdbc.SqlScriptsTestExecutionListener]
2016-05-29 09:03:59.958  INFO 5960 --- [    Test worker] o.s.t.c.web.WebTestContextBootstrapper   : Using TestExecutionListeners: [org.springframework.test.context.web.ServletTestExecutionListener@664bd10c, org.springframework.test.context.support.DirtiesContextBeforeModesTestExecutionListener@4e22060d, org.springframework.test.context.support.DependencyInjectionTestExecutionListener@ef0f768, org.springframework.test.context.support.DirtiesContextTestExecutionListener@2e34333b, org.springframework.test.context.transaction.TransactionalTestExecutionListener@164f5440, org.springframework.test.context.jdbc.SqlScriptsTestExecutionListener@48032aea]
]]></system-out>
  <system-err><![CDATA[]]></system-err>
</testsuite>
