<?xml version="1.0" encoding="UTF-8"?>
<testsuite name="com.uniritter.monitor.domain.TestMetricaService" tests="8" skipped="0" failures="0" errors="0" timestamp="2016-07-01T21:37:26" hostname="ZS-LAB103-65023" time="0.716">
  <properties/>
  <testcase name="testMetricaGetHistoricoMedicoes" classname="com.uniritter.monitor.domain.TestMetricaService" time="0.118"/>
  <testcase name="testAddHostNaMetrica" classname="com.uniritter.monitor.domain.TestMetricaService" time="0.209"/>
  <testcase name="testDeleteMetricaEHosts" classname="com.uniritter.monitor.domain.TestMetricaService" time="0.004"/>
  <testcase name="testGetMetricaComHosts" classname="com.uniritter.monitor.domain.TestMetricaService" time="0.059"/>
  <testcase name="testMetricaGetUltimaMedicao" classname="com.uniritter.monitor.domain.TestMetricaService" time="0.14"/>
  <testcase name="testCriarNovaMetrica" classname="com.uniritter.monitor.domain.TestMetricaService" time="0.002"/>
  <testcase name="testGetMetricas" classname="com.uniritter.monitor.domain.TestMetricaService" time="0.18"/>
  <testcase name="testGetMetrica" classname="com.uniritter.monitor.domain.TestMetricaService" time="0.001"/>
  <system-out><![CDATA[2016-07-01 18:37:26.233  INFO 8124 --- [    Test worker] o.s.t.c.support.AbstractContextLoader    : Could not detect default resource locations for test class [com.uniritter.monitor.domain.TestMetricaService]: no resource found for suffixes {-context.xml, Context.groovy}.
2016-07-01 18:37:26.235  INFO 8124 --- [    Test worker] o.s.t.c.web.WebTestContextBootstrapper   : Loaded default TestExecutionListener class names from location [META-INF/spring.factories]: [org.springframework.test.context.web.ServletTestExecutionListener, org.springframework.test.context.support.DirtiesContextBeforeModesTestExecutionListener, org.springframework.test.context.support.DependencyInjectionTestExecutionListener, org.springframework.test.context.support.DirtiesContextTestExecutionListener, org.springframework.test.context.transaction.TransactionalTestExecutionListener, org.springframework.test.context.jdbc.SqlScriptsTestExecutionListener]
2016-07-01 18:37:26.235  INFO 8124 --- [    Test worker] o.s.t.c.web.WebTestContextBootstrapper   : Using TestExecutionListeners: [org.springframework.test.context.web.ServletTestExecutionListener@5f98506e, org.springframework.test.context.support.DirtiesContextBeforeModesTestExecutionListener@8c896ca, org.springframework.test.context.support.DependencyInjectionTestExecutionListener@2923ac47, org.springframework.test.context.support.DirtiesContextTestExecutionListener@65037e6a, org.springframework.test.context.transaction.TransactionalTestExecutionListener@486094f5, org.springframework.test.context.jdbc.SqlScriptsTestExecutionListener@3cd385f2]
]]></system-out>
  <system-err><![CDATA[]]></system-err>
</testsuite>
