<?xml version="1.0" encoding="UTF-8"?>
<testsuite name="com.uniritter.monitor.rest.TestHostGrupoController" tests="1" skipped="0" failures="0" errors="0" timestamp="2016-06-08T00:49:27" hostname="Note_Fontana" time="0.05">
  <properties/>
  <testcase name="testGetGrupos" classname="com.uniritter.monitor.rest.TestHostGrupoController" time="0.05"/>
  <system-out><![CDATA[2016-06-07 21:49:27.951  INFO 4768 --- [    Test worker] o.s.t.c.support.AbstractContextLoader    : Could not detect default resource locations for test class [com.uniritter.monitor.rest.TestHostGrupoController]: no resource found for suffixes {-context.xml, Context.groovy}.
2016-06-07 21:49:27.956  INFO 4768 --- [    Test worker] WebAppIntegrationTestContextBootstrapper : Loaded default TestExecutionListener class names from location [META-INF/spring.factories]: [org.springframework.test.context.web.ServletTestExecutionListener, org.springframework.test.context.support.DirtiesContextBeforeModesTestExecutionListener, org.springframework.test.context.support.DependencyInjectionTestExecutionListener, org.springframework.test.context.support.DirtiesContextTestExecutionListener, org.springframework.test.context.transaction.TransactionalTestExecutionListener, org.springframework.test.context.jdbc.SqlScriptsTestExecutionListener]
2016-06-07 21:49:27.956  INFO 4768 --- [    Test worker] WebAppIntegrationTestContextBootstrapper : Using TestExecutionListeners: [org.springframework.test.context.web.ServletTestExecutionListener@3b1ec58d, org.springframework.test.context.support.DirtiesContextBeforeModesTestExecutionListener@4c8d4348, org.springframework.test.context.support.DependencyInjectionTestExecutionListener@7bad0c96, org.springframework.test.context.support.DirtiesContextTestExecutionListener@5e14dd48, org.springframework.test.context.transaction.TransactionalTestExecutionListener@136b49aa, org.springframework.test.context.jdbc.SqlScriptsTestExecutionListener@35dadf8c]
]]></system-out>
  <system-err><![CDATA[]]></system-err>
</testsuite>
