<?xml version="1.0" encoding="UTF-8"?>
<testsuite name="com.uniritter.monitor.persistence.TestMetricaRepository" tests="2" skipped="0" failures="0" errors="0" timestamp="2016-05-31T01:23:24" hostname="Note_Fontana" time="0.035">
  <properties/>
  <testcase name="testMetricaRepositorySave" classname="com.uniritter.monitor.persistence.TestMetricaRepository" time="0.0"/>
  <testcase name="testMetricaRepositoryGetList" classname="com.uniritter.monitor.persistence.TestMetricaRepository" time="0.033"/>
  <system-out><![CDATA[2016-05-30 22:23:24.542  INFO 7152 --- [    Test worker] o.s.t.c.support.AbstractContextLoader    : Could not detect default resource locations for test class [com.uniritter.monitor.persistence.TestMetricaRepository]: no resource found for suffixes {-context.xml, Context.groovy}.
2016-05-30 22:23:24.544  INFO 7152 --- [    Test worker] o.s.t.c.web.WebTestContextBootstrapper   : Loaded default TestExecutionListener class names from location [META-INF/spring.factories]: [org.springframework.test.context.web.ServletTestExecutionListener, org.springframework.test.context.support.DirtiesContextBeforeModesTestExecutionListener, org.springframework.test.context.support.DependencyInjectionTestExecutionListener, org.springframework.test.context.support.DirtiesContextTestExecutionListener, org.springframework.test.context.transaction.TransactionalTestExecutionListener, org.springframework.test.context.jdbc.SqlScriptsTestExecutionListener]
2016-05-30 22:23:24.545  INFO 7152 --- [    Test worker] o.s.t.c.web.WebTestContextBootstrapper   : Using TestExecutionListeners: [org.springframework.test.context.web.ServletTestExecutionListener@1df70e99, org.springframework.test.context.support.DirtiesContextBeforeModesTestExecutionListener@e6fa442, org.springframework.test.context.support.DependencyInjectionTestExecutionListener@6437c689, org.springframework.test.context.support.DirtiesContextTestExecutionListener@6155f54e, org.springframework.test.context.transaction.TransactionalTestExecutionListener@4473ac3b, org.springframework.test.context.jdbc.SqlScriptsTestExecutionListener@374d5d43]
]]></system-out>
  <system-err><![CDATA[]]></system-err>
</testsuite>
