<?xml version="1.0" encoding="UTF-8"?>
<testsuite name="com.uniritter.monitor.rest.TestHostController" tests="2" skipped="0" failures="0" errors="0" timestamp="2016-06-17T00:59:19" hostname="Note_Fontana" time="0.119">
  <properties/>
  <testcase name="testCreateHost" classname="com.uniritter.monitor.rest.TestHostController" time="0.035"/>
  <testcase name="testGetTodoHostsDaMetrica" classname="com.uniritter.monitor.rest.TestHostController" time="0.083"/>
  <system-out><![CDATA[2016-06-16 21:59:19.554  INFO 5164 --- [    Test worker] o.s.t.c.support.AbstractContextLoader    : Could not detect default resource locations for test class [com.uniritter.monitor.rest.TestHostController]: no resource found for suffixes {-context.xml, Context.groovy}.
2016-06-16 21:59:19.556  INFO 5164 --- [    Test worker] WebAppIntegrationTestContextBootstrapper : Loaded default TestExecutionListener class names from location [META-INF/spring.factories]: [org.springframework.test.context.web.ServletTestExecutionListener, org.springframework.test.context.support.DirtiesContextBeforeModesTestExecutionListener, org.springframework.test.context.support.DependencyInjectionTestExecutionListener, org.springframework.test.context.support.DirtiesContextTestExecutionListener, org.springframework.test.context.transaction.TransactionalTestExecutionListener, org.springframework.test.context.jdbc.SqlScriptsTestExecutionListener]
2016-06-16 21:59:19.557  INFO 5164 --- [    Test worker] WebAppIntegrationTestContextBootstrapper : Using TestExecutionListeners: [org.springframework.test.context.web.ServletTestExecutionListener@107c96f5, org.springframework.test.context.support.DirtiesContextBeforeModesTestExecutionListener@3ddf8f0, org.springframework.test.context.support.DependencyInjectionTestExecutionListener@740ad6fb, org.springframework.test.context.support.DirtiesContextTestExecutionListener@5f8e42be, org.springframework.test.context.transaction.TransactionalTestExecutionListener@2b31bc84, org.springframework.test.context.jdbc.SqlScriptsTestExecutionListener@4747db6a]
]]></system-out>
  <system-err><![CDATA[]]></system-err>
</testsuite>
