<?xml version="1.0" encoding="UTF-8"?>
<testsuite name="com.uniritter.monitor.persistence.TestMetricaDao" tests="3" skipped="0" failures="0" errors="0" timestamp="2016-06-07T01:58:00" hostname="Note_Fontana" time="0.089">
  <properties/>
  <testcase name="testDataBase" classname="com.uniritter.monitor.persistence.TestMetricaDao" time="0.065"/>
  <testcase name="testMetricaDaoCreateMetrica" classname="com.uniritter.monitor.persistence.TestMetricaDao" time="0.002"/>
  <testcase name="testMetricaDaoGetMetricas" classname="com.uniritter.monitor.persistence.TestMetricaDao" time="0.019"/>
  <system-out><![CDATA[2016-06-06 22:58:00.516  INFO 4940 --- [    Test worker] o.s.t.c.support.AbstractContextLoader    : Could not detect default resource locations for test class [com.uniritter.monitor.persistence.TestMetricaDao]: no resource found for suffixes {-context.xml, Context.groovy}.
2016-06-06 22:58:00.519  INFO 4940 --- [    Test worker] o.s.t.c.web.WebTestContextBootstrapper   : Loaded default TestExecutionListener class names from location [META-INF/spring.factories]: [org.springframework.test.context.web.ServletTestExecutionListener, org.springframework.test.context.support.DirtiesContextBeforeModesTestExecutionListener, org.springframework.test.context.support.DependencyInjectionTestExecutionListener, org.springframework.test.context.support.DirtiesContextTestExecutionListener, org.springframework.test.context.transaction.TransactionalTestExecutionListener, org.springframework.test.context.jdbc.SqlScriptsTestExecutionListener]
2016-06-06 22:58:00.520  INFO 4940 --- [    Test worker] o.s.t.c.web.WebTestContextBootstrapper   : Using TestExecutionListeners: [org.springframework.test.context.web.ServletTestExecutionListener@63b1bc7b, org.springframework.test.context.support.DirtiesContextBeforeModesTestExecutionListener@23432519, org.springframework.test.context.support.DependencyInjectionTestExecutionListener@64722302, org.springframework.test.context.support.DirtiesContextTestExecutionListener@23720390, org.springframework.test.context.transaction.TransactionalTestExecutionListener@4dce31e1, org.springframework.test.context.jdbc.SqlScriptsTestExecutionListener@771faeac]
]]></system-out>
  <system-err><![CDATA[]]></system-err>
</testsuite>
