<?xml version="1.0" encoding="UTF-8"?>
<testsuite name="com.uniritter.monitor.persistence.TestMetricaRepository" tests="2" skipped="0" failures="0" errors="0" timestamp="2016-06-07T01:58:00" hostname="Note_Fontana" time="0.018">
  <properties/>
  <testcase name="testMetricaRepositorySave" classname="com.uniritter.monitor.persistence.TestMetricaRepository" time="0.0"/>
  <testcase name="testMetricaRepositoryGetList" classname="com.uniritter.monitor.persistence.TestMetricaRepository" time="0.016"/>
  <system-out><![CDATA[2016-06-06 22:58:00.618  INFO 4940 --- [    Test worker] o.s.t.c.support.AbstractContextLoader    : Could not detect default resource locations for test class [com.uniritter.monitor.persistence.TestMetricaRepository]: no resource found for suffixes {-context.xml, Context.groovy}.
2016-06-06 22:58:00.622  INFO 4940 --- [    Test worker] o.s.t.c.web.WebTestContextBootstrapper   : Loaded default TestExecutionListener class names from location [META-INF/spring.factories]: [org.springframework.test.context.web.ServletTestExecutionListener, org.springframework.test.context.support.DirtiesContextBeforeModesTestExecutionListener, org.springframework.test.context.support.DependencyInjectionTestExecutionListener, org.springframework.test.context.support.DirtiesContextTestExecutionListener, org.springframework.test.context.transaction.TransactionalTestExecutionListener, org.springframework.test.context.jdbc.SqlScriptsTestExecutionListener]
2016-06-06 22:58:00.623  INFO 4940 --- [    Test worker] o.s.t.c.web.WebTestContextBootstrapper   : Using TestExecutionListeners: [org.springframework.test.context.web.ServletTestExecutionListener@4e5198c0, org.springframework.test.context.support.DirtiesContextBeforeModesTestExecutionListener@7578e692, org.springframework.test.context.support.DependencyInjectionTestExecutionListener@10e1debc, org.springframework.test.context.support.DirtiesContextTestExecutionListener@692ef59e, org.springframework.test.context.transaction.TransactionalTestExecutionListener@2b7bf7e3, org.springframework.test.context.jdbc.SqlScriptsTestExecutionListener@1985d868]
]]></system-out>
  <system-err><![CDATA[]]></system-err>
</testsuite>
