<?xml version="1.0" encoding="UTF-8"?>
<testsuite name="com.uniritter.monitor.rest.TestHostGrupoController" tests="1" skipped="0" failures="0" errors="0" timestamp="2016-06-26T15:07:21" hostname="Note_Fontana" time="0.025">
  <properties/>
  <testcase name="testGetGrupos" classname="com.uniritter.monitor.rest.TestHostGrupoController" time="0.025"/>
  <system-out><![CDATA[2016-06-26 12:07:21.242  INFO 3284 --- [    Test worker] o.s.t.c.support.AbstractContextLoader    : Could not detect default resource locations for test class [com.uniritter.monitor.rest.TestHostGrupoController]: no resource found for suffixes {-context.xml, Context.groovy}.
2016-06-26 12:07:21.245  INFO 3284 --- [    Test worker] WebAppIntegrationTestContextBootstrapper : Loaded default TestExecutionListener class names from location [META-INF/spring.factories]: [org.springframework.test.context.web.ServletTestExecutionListener, org.springframework.test.context.support.DirtiesContextBeforeModesTestExecutionListener, org.springframework.test.context.support.DependencyInjectionTestExecutionListener, org.springframework.test.context.support.DirtiesContextTestExecutionListener, org.springframework.test.context.transaction.TransactionalTestExecutionListener, org.springframework.test.context.jdbc.SqlScriptsTestExecutionListener]
2016-06-26 12:07:21.246  INFO 3284 --- [    Test worker] WebAppIntegrationTestContextBootstrapper : Using TestExecutionListeners: [org.springframework.test.context.web.ServletTestExecutionListener@d2afba3, org.springframework.test.context.support.DirtiesContextBeforeModesTestExecutionListener@59809a93, org.springframework.test.context.support.DependencyInjectionTestExecutionListener@7dee31cf, org.springframework.test.context.support.DirtiesContextTestExecutionListener@17d83244, org.springframework.test.context.transaction.TransactionalTestExecutionListener@4df524ff, org.springframework.test.context.jdbc.SqlScriptsTestExecutionListener@107c6bd0]
]]></system-out>
  <system-err><![CDATA[]]></system-err>
</testsuite>
