<?xml version="1.0" encoding="UTF-8"?>
<testsuite name="com.uniritter.monitor.domain.TestMetricaService" tests="7" skipped="0" failures="0" errors="0" timestamp="2016-06-17T21:38:24" hostname="ZS-LAB103-65023" time="0.358">
  <properties/>
  <testcase name="testMetricaGetHistoricoMedicoes" classname="com.uniritter.monitor.domain.TestMetricaService" time="0.071"/>
  <testcase name="testDeleteMetricaEHosts" classname="com.uniritter.monitor.domain.TestMetricaService" time="0.006"/>
  <testcase name="testGetMetricaComHosts" classname="com.uniritter.monitor.domain.TestMetricaService" time="0.051"/>
  <testcase name="testMetricaGetUltimaMedicao" classname="com.uniritter.monitor.domain.TestMetricaService" time="0.07"/>
  <testcase name="testCriarNovaMetrica" classname="com.uniritter.monitor.domain.TestMetricaService" time="0.002"/>
  <testcase name="testGetMetricas" classname="com.uniritter.monitor.domain.TestMetricaService" time="0.154"/>
  <testcase name="testGetMetrica" classname="com.uniritter.monitor.domain.TestMetricaService" time="0.002"/>
  <system-out><![CDATA[2016-06-17 18:38:24.415  INFO 5636 --- [    Test worker] o.s.t.c.support.AbstractContextLoader    : Could not detect default resource locations for test class [com.uniritter.monitor.domain.TestMetricaService]: no resource found for suffixes {-context.xml, Context.groovy}.
2016-06-17 18:38:24.416  INFO 5636 --- [    Test worker] o.s.t.c.web.WebTestContextBootstrapper   : Loaded default TestExecutionListener class names from location [META-INF/spring.factories]: [org.springframework.test.context.web.ServletTestExecutionListener, org.springframework.test.context.support.DirtiesContextBeforeModesTestExecutionListener, org.springframework.test.context.support.DependencyInjectionTestExecutionListener, org.springframework.test.context.support.DirtiesContextTestExecutionListener, org.springframework.test.context.transaction.TransactionalTestExecutionListener, org.springframework.test.context.jdbc.SqlScriptsTestExecutionListener]
2016-06-17 18:38:24.417  INFO 5636 --- [    Test worker] o.s.t.c.web.WebTestContextBootstrapper   : Using TestExecutionListeners: [org.springframework.test.context.web.ServletTestExecutionListener@7e2132d4, org.springframework.test.context.support.DirtiesContextBeforeModesTestExecutionListener@35903cfd, org.springframework.test.context.support.DependencyInjectionTestExecutionListener@10942184, org.springframework.test.context.support.DirtiesContextTestExecutionListener@6d24699c, org.springframework.test.context.transaction.TransactionalTestExecutionListener@7191b8be, org.springframework.test.context.jdbc.SqlScriptsTestExecutionListener@15f7fc32]
]]></system-out>
  <system-err><![CDATA[]]></system-err>
</testsuite>
