<?xml version="1.0" encoding="UTF-8"?>
<testsuite name="com.uniritter.monitor.persistence.TestMedicaoDao" tests="4" skipped="0" failures="0" errors="0" timestamp="2016-06-26T15:07:09" hostname="Note_Fontana" time="0.069">
  <properties/>
  <testcase name="testMedicaoDaoGetById" classname="com.uniritter.monitor.persistence.TestMedicaoDao" time="0.008"/>
  <testcase name="testMedicaoDaoGetList" classname="com.uniritter.monitor.persistence.TestMedicaoDao" time="0.037"/>
  <testcase name="testMedicaoDaoCreate" classname="com.uniritter.monitor.persistence.TestMedicaoDao" time="0.007"/>
  <testcase name="testMedicaoDaoGetFromParent" classname="com.uniritter.monitor.persistence.TestMedicaoDao" time="0.013"/>
  <system-out><![CDATA[2016-06-26 12:07:09.549  INFO 3284 --- [    Test worker] o.s.t.c.support.AbstractContextLoader    : Could not detect default resource locations for test class [com.uniritter.monitor.persistence.TestMedicaoDao]: no resource found for suffixes {-context.xml, Context.groovy}.
2016-06-26 12:07:09.556  INFO 3284 --- [    Test worker] o.s.t.c.web.WebTestContextBootstrapper   : Loaded default TestExecutionListener class names from location [META-INF/spring.factories]: [org.springframework.test.context.web.ServletTestExecutionListener, org.springframework.test.context.support.DirtiesContextBeforeModesTestExecutionListener, org.springframework.test.context.support.DependencyInjectionTestExecutionListener, org.springframework.test.context.support.DirtiesContextTestExecutionListener, org.springframework.test.context.transaction.TransactionalTestExecutionListener, org.springframework.test.context.jdbc.SqlScriptsTestExecutionListener]
2016-06-26 12:07:09.556  INFO 3284 --- [    Test worker] o.s.t.c.web.WebTestContextBootstrapper   : Using TestExecutionListeners: [org.springframework.test.context.web.ServletTestExecutionListener@6313a2cd, org.springframework.test.context.support.DirtiesContextBeforeModesTestExecutionListener@a5a96be, org.springframework.test.context.support.DependencyInjectionTestExecutionListener@5c35196f, org.springframework.test.context.support.DirtiesContextTestExecutionListener@72c3a91c, org.springframework.test.context.transaction.TransactionalTestExecutionListener@c387843, org.springframework.test.context.jdbc.SqlScriptsTestExecutionListener@5209f01c]
]]></system-out>
  <system-err><![CDATA[]]></system-err>
</testsuite>
