<?xml version="1.0" encoding="UTF-8"?>
<testsuite name="com.uniritter.monitor.rest.TestMetricaTipoController" tests="1" skipped="0" failures="0" errors="0" timestamp="2016-05-29T16:40:10" hostname="Note_Fontana" time="0.043">
  <properties/>
  <testcase name="testGetTipos" classname="com.uniritter.monitor.rest.TestMetricaTipoController" time="0.043"/>
  <system-out><![CDATA[2016-05-29 13:40:10.858  INFO 2724 --- [    Test worker] o.s.t.c.support.AbstractContextLoader    : Could not detect default resource locations for test class [com.uniritter.monitor.rest.TestMetricaTipoController]: no resource found for suffixes {-context.xml, Context.groovy}.
2016-05-29 13:40:10.863  INFO 2724 --- [    Test worker] WebAppIntegrationTestContextBootstrapper : Loaded default TestExecutionListener class names from location [META-INF/spring.factories]: [org.springframework.test.context.web.ServletTestExecutionListener, org.springframework.test.context.support.DirtiesContextBeforeModesTestExecutionListener, org.springframework.test.context.support.DependencyInjectionTestExecutionListener, org.springframework.test.context.support.DirtiesContextTestExecutionListener, org.springframework.test.context.transaction.TransactionalTestExecutionListener, org.springframework.test.context.jdbc.SqlScriptsTestExecutionListener]
2016-05-29 13:40:10.864  INFO 2724 --- [    Test worker] WebAppIntegrationTestContextBootstrapper : Using TestExecutionListeners: [org.springframework.test.context.web.ServletTestExecutionListener@62382632, org.springframework.test.context.support.DirtiesContextBeforeModesTestExecutionListener@6d1b73a1, org.springframework.test.context.support.DependencyInjectionTestExecutionListener@38b54aac, org.springframework.test.context.support.DirtiesContextTestExecutionListener@4f41ca5b, org.springframework.test.context.transaction.TransactionalTestExecutionListener@6ceb7c37, org.springframework.test.context.jdbc.SqlScriptsTestExecutionListener@5a5b9c70]
]]></system-out>
  <system-err><![CDATA[]]></system-err>
</testsuite>
