<?xml version="1.0" encoding="UTF-8"?>
<testsuite name="com.uniritter.monitor.persistence.TestMetricaRepository" tests="2" skipped="0" failures="0" errors="0" timestamp="2016-06-01T01:39:59" hostname="Note_Fontana" time="0.04">
  <properties/>
  <testcase name="testMetricaRepositorySave" classname="com.uniritter.monitor.persistence.TestMetricaRepository" time="0.001"/>
  <testcase name="testMetricaRepositoryGetList" classname="com.uniritter.monitor.persistence.TestMetricaRepository" time="0.037"/>
  <system-out><![CDATA[2016-05-31 22:39:59.538  INFO 668 --- [    Test worker] o.s.t.c.support.AbstractContextLoader    : Could not detect default resource locations for test class [com.uniritter.monitor.persistence.TestMetricaRepository]: no resource found for suffixes {-context.xml, Context.groovy}.
2016-05-31 22:39:59.541  INFO 668 --- [    Test worker] o.s.t.c.web.WebTestContextBootstrapper   : Loaded default TestExecutionListener class names from location [META-INF/spring.factories]: [org.springframework.test.context.web.ServletTestExecutionListener, org.springframework.test.context.support.DirtiesContextBeforeModesTestExecutionListener, org.springframework.test.context.support.DependencyInjectionTestExecutionListener, org.springframework.test.context.support.DirtiesContextTestExecutionListener, org.springframework.test.context.transaction.TransactionalTestExecutionListener, org.springframework.test.context.jdbc.SqlScriptsTestExecutionListener]
2016-05-31 22:39:59.541  INFO 668 --- [    Test worker] o.s.t.c.web.WebTestContextBootstrapper   : Using TestExecutionListeners: [org.springframework.test.context.web.ServletTestExecutionListener@1e78b24c, org.springframework.test.context.support.DirtiesContextBeforeModesTestExecutionListener@33201104, org.springframework.test.context.support.DependencyInjectionTestExecutionListener@3825fdb6, org.springframework.test.context.support.DirtiesContextTestExecutionListener@6bda7fe1, org.springframework.test.context.transaction.TransactionalTestExecutionListener@306b4a04, org.springframework.test.context.jdbc.SqlScriptsTestExecutionListener@3f0d53c]
]]></system-out>
  <system-err><![CDATA[]]></system-err>
</testsuite>
