<?xml version="1.0" encoding="UTF-8"?>
<testsuite name="com.uniritter.monitor.rest.TestMetricaTipoController" tests="1" skipped="0" failures="0" errors="0" timestamp="2016-06-17T00:59:21" hostname="Note_Fontana" time="0.019">
  <properties/>
  <testcase name="testGetTipos" classname="com.uniritter.monitor.rest.TestMetricaTipoController" time="0.019"/>
  <system-out><![CDATA[2016-06-16 21:59:21.064  INFO 5164 --- [    Test worker] o.s.t.c.support.AbstractContextLoader    : Could not detect default resource locations for test class [com.uniritter.monitor.rest.TestMetricaTipoController]: no resource found for suffixes {-context.xml, Context.groovy}.
2016-06-16 21:59:21.066  INFO 5164 --- [    Test worker] WebAppIntegrationTestContextBootstrapper : Loaded default TestExecutionListener class names from location [META-INF/spring.factories]: [org.springframework.test.context.web.ServletTestExecutionListener, org.springframework.test.context.support.DirtiesContextBeforeModesTestExecutionListener, org.springframework.test.context.support.DependencyInjectionTestExecutionListener, org.springframework.test.context.support.DirtiesContextTestExecutionListener, org.springframework.test.context.transaction.TransactionalTestExecutionListener, org.springframework.test.context.jdbc.SqlScriptsTestExecutionListener]
2016-06-16 21:59:21.067  INFO 5164 --- [    Test worker] WebAppIntegrationTestContextBootstrapper : Using TestExecutionListeners: [org.springframework.test.context.web.ServletTestExecutionListener@3a3e7519, org.springframework.test.context.support.DirtiesContextBeforeModesTestExecutionListener@6193b289, org.springframework.test.context.support.DependencyInjectionTestExecutionListener@558346fc, org.springframework.test.context.support.DirtiesContextTestExecutionListener@3835a042, org.springframework.test.context.transaction.TransactionalTestExecutionListener@71ea9ce0, org.springframework.test.context.jdbc.SqlScriptsTestExecutionListener@d917fae]
]]></system-out>
  <system-err><![CDATA[]]></system-err>
</testsuite>
