<?xml version="1.0" encoding="UTF-8"?>
<testsuite name="com.uniritter.monitor.persistence.TestMetricaDao" tests="3" skipped="0" failures="0" errors="0" timestamp="2016-06-08T00:49:21" hostname="Note_Fontana" time="0.051">
  <properties/>
  <testcase name="testDataBase" classname="com.uniritter.monitor.persistence.TestMetricaDao" time="0.012"/>
  <testcase name="testMetricaDaoCreateMetrica" classname="com.uniritter.monitor.persistence.TestMetricaDao" time="0.0"/>
  <testcase name="testMetricaDaoGetMetricas" classname="com.uniritter.monitor.persistence.TestMetricaDao" time="0.037"/>
  <system-out><![CDATA[2016-06-07 21:49:21.302  INFO 4768 --- [    Test worker] o.s.t.c.support.AbstractContextLoader    : Could not detect default resource locations for test class [com.uniritter.monitor.persistence.TestMetricaDao]: no resource found for suffixes {-context.xml, Context.groovy}.
2016-06-07 21:49:21.307  INFO 4768 --- [    Test worker] o.s.t.c.web.WebTestContextBootstrapper   : Loaded default TestExecutionListener class names from location [META-INF/spring.factories]: [org.springframework.test.context.web.ServletTestExecutionListener, org.springframework.test.context.support.DirtiesContextBeforeModesTestExecutionListener, org.springframework.test.context.support.DependencyInjectionTestExecutionListener, org.springframework.test.context.support.DirtiesContextTestExecutionListener, org.springframework.test.context.transaction.TransactionalTestExecutionListener, org.springframework.test.context.jdbc.SqlScriptsTestExecutionListener]
2016-06-07 21:49:21.307  INFO 4768 --- [    Test worker] o.s.t.c.web.WebTestContextBootstrapper   : Using TestExecutionListeners: [org.springframework.test.context.web.ServletTestExecutionListener@7e640b76, org.springframework.test.context.support.DirtiesContextBeforeModesTestExecutionListener@509afa19, org.springframework.test.context.support.DependencyInjectionTestExecutionListener@43477e07, org.springframework.test.context.support.DirtiesContextTestExecutionListener@114c6aed, org.springframework.test.context.transaction.TransactionalTestExecutionListener@4fadec09, org.springframework.test.context.jdbc.SqlScriptsTestExecutionListener@48e08dd7]
]]></system-out>
  <system-err><![CDATA[]]></system-err>
</testsuite>
