<?xml version="1.0" encoding="UTF-8"?>
<testsuite name="com.uniritter.monitor.rest.TestAlertaRegraController" tests="1" skipped="0" failures="0" errors="0" timestamp="2016-06-19T13:33:06" hostname="Note_Fontana" time="0.123">
  <properties/>
  <testcase name="testGetRegras" classname="com.uniritter.monitor.rest.TestAlertaRegraController" time="0.123"/>
  <system-out><![CDATA[2016-06-19 10:33:06.915  INFO 2012 --- [    Test worker] o.s.t.c.support.AbstractContextLoader    : Could not detect default resource locations for test class [com.uniritter.monitor.rest.TestAlertaRegraController]: no resource found for suffixes {-context.xml, Context.groovy}.
2016-06-19 10:33:06.923  INFO 2012 --- [    Test worker] WebAppIntegrationTestContextBootstrapper : Loaded default TestExecutionListener class names from location [META-INF/spring.factories]: [org.springframework.test.context.web.ServletTestExecutionListener, org.springframework.test.context.support.DirtiesContextBeforeModesTestExecutionListener, org.springframework.test.context.support.DependencyInjectionTestExecutionListener, org.springframework.test.context.support.DirtiesContextTestExecutionListener, org.springframework.test.context.transaction.TransactionalTestExecutionListener, org.springframework.test.context.jdbc.SqlScriptsTestExecutionListener]
2016-06-19 10:33:06.924  INFO 2012 --- [    Test worker] WebAppIntegrationTestContextBootstrapper : Using TestExecutionListeners: [org.springframework.test.context.web.ServletTestExecutionListener@6189417b, org.springframework.test.context.support.DirtiesContextBeforeModesTestExecutionListener@43d82fb6, org.springframework.test.context.support.DependencyInjectionTestExecutionListener@b29f6c0, org.springframework.test.context.support.DirtiesContextTestExecutionListener@5702f56c, org.springframework.test.context.transaction.TransactionalTestExecutionListener@7cabf46e, org.springframework.test.context.jdbc.SqlScriptsTestExecutionListener@7e8cd1d2]
]]></system-out>
  <system-err><![CDATA[]]></system-err>
</testsuite>
