<?xml version="1.0" encoding="UTF-8"?>
<testsuite name="com.uniritter.monitor.rest.TestHostController" tests="2" skipped="0" failures="0" errors="0" timestamp="2016-06-19T13:33:07" hostname="Note_Fontana" time="1.059">
  <properties/>
  <testcase name="testCreateHost" classname="com.uniritter.monitor.rest.TestHostController" time="0.105"/>
  <testcase name="testGetTodoHostsDaMetrica" classname="com.uniritter.monitor.rest.TestHostController" time="0.954"/>
  <system-out><![CDATA[2016-06-19 10:33:07.069  INFO 2012 --- [    Test worker] o.s.t.c.support.AbstractContextLoader    : Could not detect default resource locations for test class [com.uniritter.monitor.rest.TestHostController]: no resource found for suffixes {-context.xml, Context.groovy}.
2016-06-19 10:33:07.077  INFO 2012 --- [    Test worker] WebAppIntegrationTestContextBootstrapper : Loaded default TestExecutionListener class names from location [META-INF/spring.factories]: [org.springframework.test.context.web.ServletTestExecutionListener, org.springframework.test.context.support.DirtiesContextBeforeModesTestExecutionListener, org.springframework.test.context.support.DependencyInjectionTestExecutionListener, org.springframework.test.context.support.DirtiesContextTestExecutionListener, org.springframework.test.context.transaction.TransactionalTestExecutionListener, org.springframework.test.context.jdbc.SqlScriptsTestExecutionListener]
2016-06-19 10:33:07.077  INFO 2012 --- [    Test worker] WebAppIntegrationTestContextBootstrapper : Using TestExecutionListeners: [org.springframework.test.context.web.ServletTestExecutionListener@78351efd, org.springframework.test.context.support.DirtiesContextBeforeModesTestExecutionListener@81253ad, org.springframework.test.context.support.DependencyInjectionTestExecutionListener@db6140d, org.springframework.test.context.support.DirtiesContextTestExecutionListener@69804241, org.springframework.test.context.transaction.TransactionalTestExecutionListener@39126b7a, org.springframework.test.context.jdbc.SqlScriptsTestExecutionListener@2387c8ce]
]]></system-out>
  <system-err><![CDATA[]]></system-err>
</testsuite>
