<?xml version="1.0" encoding="UTF-8"?>
<testsuite name="com.uniritter.monitor.rest.TestMetricaTipoController" tests="1" skipped="0" failures="0" errors="0" timestamp="2016-05-29T22:56:34" hostname="Note_Fontana" time="0.03">
  <properties/>
  <testcase name="testGetTipos" classname="com.uniritter.monitor.rest.TestMetricaTipoController" time="0.03"/>
  <system-out><![CDATA[2016-05-29 19:56:34.875  INFO 5236 --- [    Test worker] o.s.t.c.support.AbstractContextLoader    : Could not detect default resource locations for test class [com.uniritter.monitor.rest.TestMetricaTipoController]: no resource found for suffixes {-context.xml, Context.groovy}.
2016-05-29 19:56:34.881  INFO 5236 --- [    Test worker] WebAppIntegrationTestContextBootstrapper : Loaded default TestExecutionListener class names from location [META-INF/spring.factories]: [org.springframework.test.context.web.ServletTestExecutionListener, org.springframework.test.context.support.DirtiesContextBeforeModesTestExecutionListener, org.springframework.test.context.support.DependencyInjectionTestExecutionListener, org.springframework.test.context.support.DirtiesContextTestExecutionListener, org.springframework.test.context.transaction.TransactionalTestExecutionListener, org.springframework.test.context.jdbc.SqlScriptsTestExecutionListener]
2016-05-29 19:56:34.881  INFO 5236 --- [    Test worker] WebAppIntegrationTestContextBootstrapper : Using TestExecutionListeners: [org.springframework.test.context.web.ServletTestExecutionListener@5d94d26d, org.springframework.test.context.support.DirtiesContextBeforeModesTestExecutionListener@30f66ec4, org.springframework.test.context.support.DependencyInjectionTestExecutionListener@528c0456, org.springframework.test.context.support.DirtiesContextTestExecutionListener@2130f163, org.springframework.test.context.transaction.TransactionalTestExecutionListener@5a4c5892, org.springframework.test.context.jdbc.SqlScriptsTestExecutionListener@59cf8d51]
]]></system-out>
  <system-err><![CDATA[]]></system-err>
</testsuite>
