<?xml version="1.0" encoding="UTF-8"?>
<testsuite name="com.uniritter.monitor.persistence.TestMetricaRepository" tests="2" skipped="0" failures="0" errors="0" timestamp="2016-06-08T00:49:21" hostname="Note_Fontana" time="0.015">
  <properties/>
  <testcase name="testMetricaRepositorySave" classname="com.uniritter.monitor.persistence.TestMetricaRepository" time="0.0"/>
  <testcase name="testMetricaRepositoryGetList" classname="com.uniritter.monitor.persistence.TestMetricaRepository" time="0.013"/>
  <system-out><![CDATA[2016-06-07 21:49:21.366  INFO 4768 --- [    Test worker] o.s.t.c.support.AbstractContextLoader    : Could not detect default resource locations for test class [com.uniritter.monitor.persistence.TestMetricaRepository]: no resource found for suffixes {-context.xml, Context.groovy}.
2016-06-07 21:49:21.378  INFO 4768 --- [    Test worker] o.s.t.c.web.WebTestContextBootstrapper   : Loaded default TestExecutionListener class names from location [META-INF/spring.factories]: [org.springframework.test.context.web.ServletTestExecutionListener, org.springframework.test.context.support.DirtiesContextBeforeModesTestExecutionListener, org.springframework.test.context.support.DependencyInjectionTestExecutionListener, org.springframework.test.context.support.DirtiesContextTestExecutionListener, org.springframework.test.context.transaction.TransactionalTestExecutionListener, org.springframework.test.context.jdbc.SqlScriptsTestExecutionListener]
2016-06-07 21:49:21.379  INFO 4768 --- [    Test worker] o.s.t.c.web.WebTestContextBootstrapper   : Using TestExecutionListeners: [org.springframework.test.context.web.ServletTestExecutionListener@3ff681f3, org.springframework.test.context.support.DirtiesContextBeforeModesTestExecutionListener@27775ecf, org.springframework.test.context.support.DependencyInjectionTestExecutionListener@52790b66, org.springframework.test.context.support.DirtiesContextTestExecutionListener@53f106e0, org.springframework.test.context.transaction.TransactionalTestExecutionListener@5883ec74, org.springframework.test.context.jdbc.SqlScriptsTestExecutionListener@451f508d]
]]></system-out>
  <system-err><![CDATA[]]></system-err>
</testsuite>
