<?xml version="1.0" encoding="UTF-8"?>
<testsuite name="com.uniritter.monitor.rest.TestHostGrupoController" tests="1" skipped="0" failures="0" errors="0" timestamp="2016-07-01T22:52:00" hostname="ZS-LAB103-65023" time="0.015">
  <properties/>
  <testcase name="testGetGrupos" classname="com.uniritter.monitor.rest.TestHostGrupoController" time="0.015"/>
  <system-out><![CDATA[2016-07-01 19:52:00.519  INFO 6560 --- [    Test worker] o.s.t.c.support.AbstractContextLoader    : Could not detect default resource locations for test class [com.uniritter.monitor.rest.TestHostGrupoController]: no resource found for suffixes {-context.xml, Context.groovy}.
2016-07-01 19:52:00.519  INFO 6560 --- [    Test worker] WebAppIntegrationTestContextBootstrapper : Loaded default TestExecutionListener class names from location [META-INF/spring.factories]: [org.springframework.test.context.web.ServletTestExecutionListener, org.springframework.test.context.support.DirtiesContextBeforeModesTestExecutionListener, org.springframework.test.context.support.DependencyInjectionTestExecutionListener, org.springframework.test.context.support.DirtiesContextTestExecutionListener, org.springframework.test.context.transaction.TransactionalTestExecutionListener, org.springframework.test.context.jdbc.SqlScriptsTestExecutionListener]
2016-07-01 19:52:00.519  INFO 6560 --- [    Test worker] WebAppIntegrationTestContextBootstrapper : Using TestExecutionListeners: [org.springframework.test.context.web.ServletTestExecutionListener@4d404a56, org.springframework.test.context.support.DirtiesContextBeforeModesTestExecutionListener@37d07bb9, org.springframework.test.context.support.DependencyInjectionTestExecutionListener@586acb4f, org.springframework.test.context.support.DirtiesContextTestExecutionListener@4b49dce2, org.springframework.test.context.transaction.TransactionalTestExecutionListener@5e44a00b, org.springframework.test.context.jdbc.SqlScriptsTestExecutionListener@6b676286]
]]></system-out>
  <system-err><![CDATA[]]></system-err>
</testsuite>
