<?xml version="1.0" encoding="UTF-8"?>
<testsuite name="com.uniritter.monitor.persistence.TestMedicaoDao" tests="4" skipped="0" failures="0" errors="0" timestamp="2016-07-01T23:57:17" hostname="ZS-LAB103-65023" time="0.063">
  <properties/>
  <testcase name="testMedicaoDaoGetById" classname="com.uniritter.monitor.persistence.TestMedicaoDao" time="0.0"/>
  <testcase name="testMedicaoDaoGetList" classname="com.uniritter.monitor.persistence.TestMedicaoDao" time="0.047"/>
  <testcase name="testMedicaoDaoCreate" classname="com.uniritter.monitor.persistence.TestMedicaoDao" time="0.0"/>
  <testcase name="testMedicaoDaoGetFromParent" classname="com.uniritter.monitor.persistence.TestMedicaoDao" time="0.016"/>
  <system-out><![CDATA[2016-07-01 20:57:17.069  INFO 5668 --- [    Test worker] o.s.t.c.support.AbstractContextLoader    : Could not detect default resource locations for test class [com.uniritter.monitor.persistence.TestMedicaoDao]: no resource found for suffixes {-context.xml, Context.groovy}.
2016-07-01 20:57:17.084  INFO 5668 --- [    Test worker] o.s.t.c.web.WebTestContextBootstrapper   : Loaded default TestExecutionListener class names from location [META-INF/spring.factories]: [org.springframework.test.context.web.ServletTestExecutionListener, org.springframework.test.context.support.DirtiesContextBeforeModesTestExecutionListener, org.springframework.test.context.support.DependencyInjectionTestExecutionListener, org.springframework.test.context.support.DirtiesContextTestExecutionListener, org.springframework.test.context.transaction.TransactionalTestExecutionListener, org.springframework.test.context.jdbc.SqlScriptsTestExecutionListener]
2016-07-01 20:57:17.084  INFO 5668 --- [    Test worker] o.s.t.c.web.WebTestContextBootstrapper   : Using TestExecutionListeners: [org.springframework.test.context.web.ServletTestExecutionListener@567fa4ca, org.springframework.test.context.support.DirtiesContextBeforeModesTestExecutionListener@561bf623, org.springframework.test.context.support.DependencyInjectionTestExecutionListener@45bc9fff, org.springframework.test.context.support.DirtiesContextTestExecutionListener@62ac421d, org.springframework.test.context.transaction.TransactionalTestExecutionListener@1b28b087, org.springframework.test.context.jdbc.SqlScriptsTestExecutionListener@c5d7cff]
]]></system-out>
  <system-err><![CDATA[]]></system-err>
</testsuite>
