<?xml version="1.0" encoding="UTF-8"?>
<testsuite name="com.uniritter.monitor.rest.TestAlertaRegraController" tests="1" skipped="0" failures="0" errors="0" timestamp="2016-06-17T00:59:19" hostname="Note_Fontana" time="0.03">
  <properties/>
  <testcase name="testGetRegras" classname="com.uniritter.monitor.rest.TestAlertaRegraController" time="0.03"/>
  <system-out><![CDATA[2016-06-16 21:59:19.499  INFO 5164 --- [    Test worker] o.s.t.c.support.AbstractContextLoader    : Could not detect default resource locations for test class [com.uniritter.monitor.rest.TestAlertaRegraController]: no resource found for suffixes {-context.xml, Context.groovy}.
2016-06-16 21:59:19.509  INFO 5164 --- [    Test worker] WebAppIntegrationTestContextBootstrapper : Loaded default TestExecutionListener class names from location [META-INF/spring.factories]: [org.springframework.test.context.web.ServletTestExecutionListener, org.springframework.test.context.support.DirtiesContextBeforeModesTestExecutionListener, org.springframework.test.context.support.DependencyInjectionTestExecutionListener, org.springframework.test.context.support.DirtiesContextTestExecutionListener, org.springframework.test.context.transaction.TransactionalTestExecutionListener, org.springframework.test.context.jdbc.SqlScriptsTestExecutionListener]
2016-06-16 21:59:19.509  INFO 5164 --- [    Test worker] WebAppIntegrationTestContextBootstrapper : Using TestExecutionListeners: [org.springframework.test.context.web.ServletTestExecutionListener@22a38f67, org.springframework.test.context.support.DirtiesContextBeforeModesTestExecutionListener@37ee5a28, org.springframework.test.context.support.DependencyInjectionTestExecutionListener@416be557, org.springframework.test.context.support.DirtiesContextTestExecutionListener@1b898f8b, org.springframework.test.context.transaction.TransactionalTestExecutionListener@25efe32a, org.springframework.test.context.jdbc.SqlScriptsTestExecutionListener@6095d2a5]
]]></system-out>
  <system-err><![CDATA[]]></system-err>
</testsuite>
