<?xml version="1.0" encoding="UTF-8"?>
<testsuite name="com.uniritter.monitor.domain.TestMedicaoService" tests="3" skipped="0" failures="0" errors="0" timestamp="2016-07-01T23:57:16" hostname="ZS-LAB103-65023" time="0.047">
  <properties/>
  <testcase name="testGetMedicoes" classname="com.uniritter.monitor.domain.TestMedicaoService" time="0.016"/>
  <testcase name="testCreateMedicao" classname="com.uniritter.monitor.domain.TestMedicaoService" time="0.016"/>
  <testcase name="testDisparaNotificaoAlertaValidoParaMedicaoRealizada" classname="com.uniritter.monitor.domain.TestMedicaoService" time="0.015"/>
  <system-out><![CDATA[2016-07-01 20:57:16.144  INFO 5668 --- [    Test worker] o.s.t.c.support.AbstractContextLoader    : Could not detect default resource locations for test class [com.uniritter.monitor.domain.TestMedicaoService]: no resource found for suffixes {-context.xml, Context.groovy}.
2016-07-01 20:57:16.144  INFO 5668 --- [    Test worker] o.s.t.c.web.WebTestContextBootstrapper   : Loaded default TestExecutionListener class names from location [META-INF/spring.factories]: [org.springframework.test.context.web.ServletTestExecutionListener, org.springframework.test.context.support.DirtiesContextBeforeModesTestExecutionListener, org.springframework.test.context.support.DependencyInjectionTestExecutionListener, org.springframework.test.context.support.DirtiesContextTestExecutionListener, org.springframework.test.context.transaction.TransactionalTestExecutionListener, org.springframework.test.context.jdbc.SqlScriptsTestExecutionListener]
2016-07-01 20:57:16.144  INFO 5668 --- [    Test worker] o.s.t.c.web.WebTestContextBootstrapper   : Using TestExecutionListeners: [org.springframework.test.context.web.ServletTestExecutionListener@3de64309, org.springframework.test.context.support.DirtiesContextBeforeModesTestExecutionListener@583b239e, org.springframework.test.context.support.DependencyInjectionTestExecutionListener@129f8753, org.springframework.test.context.support.DirtiesContextTestExecutionListener@276d63b2, org.springframework.test.context.transaction.TransactionalTestExecutionListener@7eac4f56, org.springframework.test.context.jdbc.SqlScriptsTestExecutionListener@628cd812]
]]></system-out>
  <system-err><![CDATA[]]></system-err>
</testsuite>
