<?xml version="1.0" encoding="UTF-8"?>
<testsuite name="com.uniritter.monitor.rest.TestHostController" tests="2" skipped="0" failures="0" errors="0" timestamp="2016-06-12T14:37:22" hostname="Note_Fontana" time="0.126">
  <properties/>
  <testcase name="testCreateHost" classname="com.uniritter.monitor.rest.TestHostController" time="0.055"/>
  <testcase name="testGetTodoHostsDaMetrica" classname="com.uniritter.monitor.rest.TestHostController" time="0.067"/>
  <system-out><![CDATA[2016-06-12 11:37:22.870  INFO 5216 --- [    Test worker] o.s.t.c.support.AbstractContextLoader    : Could not detect default resource locations for test class [com.uniritter.monitor.rest.TestHostController]: no resource found for suffixes {-context.xml, Context.groovy}.
2016-06-12 11:37:22.873  INFO 5216 --- [    Test worker] WebAppIntegrationTestContextBootstrapper : Loaded default TestExecutionListener class names from location [META-INF/spring.factories]: [org.springframework.test.context.web.ServletTestExecutionListener, org.springframework.test.context.support.DirtiesContextBeforeModesTestExecutionListener, org.springframework.test.context.support.DependencyInjectionTestExecutionListener, org.springframework.test.context.support.DirtiesContextTestExecutionListener, org.springframework.test.context.transaction.TransactionalTestExecutionListener, org.springframework.test.context.jdbc.SqlScriptsTestExecutionListener]
2016-06-12 11:37:22.874  INFO 5216 --- [    Test worker] WebAppIntegrationTestContextBootstrapper : Using TestExecutionListeners: [org.springframework.test.context.web.ServletTestExecutionListener@78ddf3b2, org.springframework.test.context.support.DirtiesContextBeforeModesTestExecutionListener@6d9d2787, org.springframework.test.context.support.DependencyInjectionTestExecutionListener@25e1142f, org.springframework.test.context.support.DirtiesContextTestExecutionListener@5ffeda2d, org.springframework.test.context.transaction.TransactionalTestExecutionListener@4829f203, org.springframework.test.context.jdbc.SqlScriptsTestExecutionListener@4c0c559e]
]]></system-out>
  <system-err><![CDATA[]]></system-err>
</testsuite>
