<?xml version="1.0" encoding="UTF-8"?>
<testsuite name="com.uniritter.monitor.rest.TestHostGrupoController" tests="1" skipped="0" failures="0" errors="0" timestamp="2016-06-19T13:33:08" hostname="Note_Fontana" time="0.178">
  <properties/>
  <testcase name="testGetGrupos" classname="com.uniritter.monitor.rest.TestHostGrupoController" time="0.178"/>
  <system-out><![CDATA[2016-06-19 10:33:08.149  INFO 2012 --- [    Test worker] o.s.t.c.support.AbstractContextLoader    : Could not detect default resource locations for test class [com.uniritter.monitor.rest.TestHostGrupoController]: no resource found for suffixes {-context.xml, Context.groovy}.
2016-06-19 10:33:08.156  INFO 2012 --- [    Test worker] WebAppIntegrationTestContextBootstrapper : Loaded default TestExecutionListener class names from location [META-INF/spring.factories]: [org.springframework.test.context.web.ServletTestExecutionListener, org.springframework.test.context.support.DirtiesContextBeforeModesTestExecutionListener, org.springframework.test.context.support.DependencyInjectionTestExecutionListener, org.springframework.test.context.support.DirtiesContextTestExecutionListener, org.springframework.test.context.transaction.TransactionalTestExecutionListener, org.springframework.test.context.jdbc.SqlScriptsTestExecutionListener]
2016-06-19 10:33:08.157  INFO 2012 --- [    Test worker] WebAppIntegrationTestContextBootstrapper : Using TestExecutionListeners: [org.springframework.test.context.web.ServletTestExecutionListener@21cd9bcf, org.springframework.test.context.support.DirtiesContextBeforeModesTestExecutionListener@d63b367, org.springframework.test.context.support.DependencyInjectionTestExecutionListener@66f2488f, org.springframework.test.context.support.DirtiesContextTestExecutionListener@110d3bb6, org.springframework.test.context.transaction.TransactionalTestExecutionListener@5c53d9bb, org.springframework.test.context.jdbc.SqlScriptsTestExecutionListener@4cbbb1dd]
]]></system-out>
  <system-err><![CDATA[]]></system-err>
</testsuite>
