<?xml version="1.0" encoding="UTF-8"?>
<testsuite name="com.uniritter.monitor.rest.TestMetricaTipoController" tests="1" skipped="0" failures="0" errors="0" timestamp="2016-06-17T21:38:29" hostname="ZS-LAB103-65023" time="0.013">
  <properties/>
  <testcase name="testGetTipos" classname="com.uniritter.monitor.rest.TestMetricaTipoController" time="0.013"/>
  <system-out><![CDATA[2016-06-17 18:38:29.193  INFO 5636 --- [    Test worker] o.s.t.c.support.AbstractContextLoader    : Could not detect default resource locations for test class [com.uniritter.monitor.rest.TestMetricaTipoController]: no resource found for suffixes {-context.xml, Context.groovy}.
2016-06-17 18:38:29.194  INFO 5636 --- [    Test worker] WebAppIntegrationTestContextBootstrapper : Loaded default TestExecutionListener class names from location [META-INF/spring.factories]: [org.springframework.test.context.web.ServletTestExecutionListener, org.springframework.test.context.support.DirtiesContextBeforeModesTestExecutionListener, org.springframework.test.context.support.DependencyInjectionTestExecutionListener, org.springframework.test.context.support.DirtiesContextTestExecutionListener, org.springframework.test.context.transaction.TransactionalTestExecutionListener, org.springframework.test.context.jdbc.SqlScriptsTestExecutionListener]
2016-06-17 18:38:29.195  INFO 5636 --- [    Test worker] WebAppIntegrationTestContextBootstrapper : Using TestExecutionListeners: [org.springframework.test.context.web.ServletTestExecutionListener@4f4ee153, org.springframework.test.context.support.DirtiesContextBeforeModesTestExecutionListener@43ab38d2, org.springframework.test.context.support.DependencyInjectionTestExecutionListener@1e1f85b3, org.springframework.test.context.support.DirtiesContextTestExecutionListener@2782ba38, org.springframework.test.context.transaction.TransactionalTestExecutionListener@778fc6cb, org.springframework.test.context.jdbc.SqlScriptsTestExecutionListener@4476c0]
]]></system-out>
  <system-err><![CDATA[]]></system-err>
</testsuite>
