<?xml version="1.0" encoding="UTF-8"?>
<testsuite name="com.uniritter.monitor.domain.TestMetricaService" tests="3" skipped="0" failures="0" errors="0" timestamp="2016-06-03T01:50:09" hostname="Note_Fontana" time="0.294">
  <properties/>
  <testcase name="testGetMetricaComHosts" classname="com.uniritter.monitor.domain.TestMetricaService" time="0.043"/>
  <testcase name="testCriarNovaMetrica" classname="com.uniritter.monitor.domain.TestMetricaService" time="0.029"/>
  <testcase name="testGetMetricas" classname="com.uniritter.monitor.domain.TestMetricaService" time="0.211"/>
  <system-out><![CDATA[2016-06-02 22:50:09.678  INFO 5280 --- [    Test worker] o.s.t.c.support.AbstractContextLoader    : Could not detect default resource locations for test class [com.uniritter.monitor.domain.TestMetricaService]: no resource found for suffixes {-context.xml, Context.groovy}.
2016-06-02 22:50:09.695  INFO 5280 --- [    Test worker] o.s.t.c.web.WebTestContextBootstrapper   : Loaded default TestExecutionListener class names from location [META-INF/spring.factories]: [org.springframework.test.context.web.ServletTestExecutionListener, org.springframework.test.context.support.DirtiesContextBeforeModesTestExecutionListener, org.springframework.test.context.support.DependencyInjectionTestExecutionListener, org.springframework.test.context.support.DirtiesContextTestExecutionListener, org.springframework.test.context.transaction.TransactionalTestExecutionListener, org.springframework.test.context.jdbc.SqlScriptsTestExecutionListener]
2016-06-02 22:50:09.698  INFO 5280 --- [    Test worker] o.s.t.c.web.WebTestContextBootstrapper   : Using TestExecutionListeners: [org.springframework.test.context.web.ServletTestExecutionListener@4afebc91, org.springframework.test.context.support.DirtiesContextBeforeModesTestExecutionListener@7a8ab5c1, org.springframework.test.context.support.DependencyInjectionTestExecutionListener@5669075c, org.springframework.test.context.support.DirtiesContextTestExecutionListener@43ab427e, org.springframework.test.context.transaction.TransactionalTestExecutionListener@7c0e64ae, org.springframework.test.context.jdbc.SqlScriptsTestExecutionListener@5305e253]
]]></system-out>
  <system-err><![CDATA[]]></system-err>
</testsuite>
