<?xml version="1.0" encoding="UTF-8"?>
<testsuite name="com.uniritter.monitor.rest.TestMetricaTipoController" tests="1" skipped="0" failures="0" errors="0" timestamp="2016-07-01T21:37:33" hostname="ZS-LAB103-65023" time="0.012">
  <properties/>
  <testcase name="testGetTipos" classname="com.uniritter.monitor.rest.TestMetricaTipoController" time="0.012"/>
  <system-out><![CDATA[2016-07-01 18:37:33.786  INFO 8124 --- [    Test worker] o.s.t.c.support.AbstractContextLoader    : Could not detect default resource locations for test class [com.uniritter.monitor.rest.TestMetricaTipoController]: no resource found for suffixes {-context.xml, Context.groovy}.
2016-07-01 18:37:33.787  INFO 8124 --- [    Test worker] WebAppIntegrationTestContextBootstrapper : Loaded default TestExecutionListener class names from location [META-INF/spring.factories]: [org.springframework.test.context.web.ServletTestExecutionListener, org.springframework.test.context.support.DirtiesContextBeforeModesTestExecutionListener, org.springframework.test.context.support.DependencyInjectionTestExecutionListener, org.springframework.test.context.support.DirtiesContextTestExecutionListener, org.springframework.test.context.transaction.TransactionalTestExecutionListener, org.springframework.test.context.jdbc.SqlScriptsTestExecutionListener]
2016-07-01 18:37:33.787  INFO 8124 --- [    Test worker] WebAppIntegrationTestContextBootstrapper : Using TestExecutionListeners: [org.springframework.test.context.web.ServletTestExecutionListener@f22d615, org.springframework.test.context.support.DirtiesContextBeforeModesTestExecutionListener@38150476, org.springframework.test.context.support.DependencyInjectionTestExecutionListener@6bd7fbbd, org.springframework.test.context.support.DirtiesContextTestExecutionListener@30d06c9b, org.springframework.test.context.transaction.TransactionalTestExecutionListener@438a4d26, org.springframework.test.context.jdbc.SqlScriptsTestExecutionListener@2ccf1c6e]
]]></system-out>
  <system-err><![CDATA[]]></system-err>
</testsuite>
