<?xml version="1.0" encoding="UTF-8"?>
<testsuite name="com.uniritter.monitor.persistence.TestMetricaDao" tests="3" skipped="0" failures="0" errors="0" timestamp="2016-06-17T00:59:09" hostname="Note_Fontana" time="0.046">
  <properties/>
  <testcase name="testDataBase" classname="com.uniritter.monitor.persistence.TestMetricaDao" time="0.022"/>
  <testcase name="testMetricaDaoGetList" classname="com.uniritter.monitor.persistence.TestMetricaDao" time="0.021"/>
  <testcase name="testMetricaDaoCreate" classname="com.uniritter.monitor.persistence.TestMetricaDao" time="0.001"/>
  <system-out><![CDATA[2016-06-16 21:59:09.827  INFO 5164 --- [    Test worker] o.s.t.c.support.AbstractContextLoader    : Could not detect default resource locations for test class [com.uniritter.monitor.persistence.TestMetricaDao]: no resource found for suffixes {-context.xml, Context.groovy}.
2016-06-16 21:59:09.833  INFO 5164 --- [    Test worker] o.s.t.c.web.WebTestContextBootstrapper   : Loaded default TestExecutionListener class names from location [META-INF/spring.factories]: [org.springframework.test.context.web.ServletTestExecutionListener, org.springframework.test.context.support.DirtiesContextBeforeModesTestExecutionListener, org.springframework.test.context.support.DependencyInjectionTestExecutionListener, org.springframework.test.context.support.DirtiesContextTestExecutionListener, org.springframework.test.context.transaction.TransactionalTestExecutionListener, org.springframework.test.context.jdbc.SqlScriptsTestExecutionListener]
2016-06-16 21:59:09.834  INFO 5164 --- [    Test worker] o.s.t.c.web.WebTestContextBootstrapper   : Using TestExecutionListeners: [org.springframework.test.context.web.ServletTestExecutionListener@3a4beb25, org.springframework.test.context.support.DirtiesContextBeforeModesTestExecutionListener@41d108c2, org.springframework.test.context.support.DependencyInjectionTestExecutionListener@75718cc6, org.springframework.test.context.support.DirtiesContextTestExecutionListener@724453c0, org.springframework.test.context.transaction.TransactionalTestExecutionListener@17b38c6e, org.springframework.test.context.jdbc.SqlScriptsTestExecutionListener@5eed1142]
]]></system-out>
  <system-err><![CDATA[]]></system-err>
</testsuite>
