<?xml version="1.0" encoding="UTF-8"?>
<testsuite name="com.uniritter.monitor.rest.TestHostController" tests="2" skipped="0" failures="0" errors="0" timestamp="2016-06-03T21:36:51" hostname="ZS-LAB103-65023" time="1.085">
  <properties/>
  <testcase name="testGetTodoHostsDaMetrica1" classname="com.uniritter.monitor.rest.TestHostController" time="1.009"/>
  <testcase name="testCreateHost" classname="com.uniritter.monitor.rest.TestHostController" time="0.075"/>
  <system-out><![CDATA[2016-06-03 18:36:48.713  INFO 7328 --- [    Test worker] o.s.t.c.support.AbstractContextLoader    : Could not detect default resource locations for test class [com.uniritter.monitor.rest.TestHostController]: no resource found for suffixes {-context.xml, Context.groovy}.
2016-06-03 18:36:48.732  INFO 7328 --- [    Test worker] WebAppIntegrationTestContextBootstrapper : Loaded default TestExecutionListener class names from location [META-INF/spring.factories]: [org.springframework.test.context.web.ServletTestExecutionListener, org.springframework.test.context.support.DirtiesContextBeforeModesTestExecutionListener, org.springframework.test.context.support.DependencyInjectionTestExecutionListener, org.springframework.test.context.support.DirtiesContextTestExecutionListener, org.springframework.test.context.transaction.TransactionalTestExecutionListener, org.springframework.test.context.jdbc.SqlScriptsTestExecutionListener]
2016-06-03 18:36:48.732  INFO 7328 --- [    Test worker] WebAppIntegrationTestContextBootstrapper : Using TestExecutionListeners: [org.springframework.test.context.web.ServletTestExecutionListener@b7bbdc0, org.springframework.test.context.support.DirtiesContextBeforeModesTestExecutionListener@68e68e23, org.springframework.test.context.support.DependencyInjectionTestExecutionListener@787dd1a2, org.springframework.test.context.support.DirtiesContextTestExecutionListener@c4e207b, org.springframework.test.context.transaction.TransactionalTestExecutionListener@5d36718c, org.springframework.test.context.jdbc.SqlScriptsTestExecutionListener@2158ce23]

  .   ____          _            __ _ _
 /\\ / ___'_ __ _ _(_)_ __  __ _ \ \ \ \
( ( )\___ | '_ | '_| | '_ \/ _` | \ \ \ \
 \\/  ___)| |_)| | | | | || (_| |  ) ) ) )
  '  |____| .__|_| |_|_| |_\__, | / / / /
 =========|_|==============|___/=/_/_/_/
 :: Spring Boot ::        (v1.3.3.RELEASE)

2016-06-03 18:36:48.771  INFO 7328 --- [    Test worker] c.u.monitor.rest.TestHostController      : Starting TestHostController on ZS-LAB103-65023 with PID 7328 (started by alu201530349 in C:\Users\alu201530349\Desenvolvimento de Software com Tecnologia Java\workspace\monitor)
2016-06-03 18:36:48.771  INFO 7328 --- [    Test worker] c.u.monitor.rest.TestHostController      : No active profile set, falling back to default profiles: default
2016-06-03 18:36:48.773  INFO 7328 --- [    Test worker] ationConfigEmbeddedWebApplicationContext : Refreshing org.springframework.boot.context.embedded.AnnotationConfigEmbeddedWebApplicationContext@4d19c0e7: startup date [Fri Jun 03 18:36:48 BRT 2016]; root of context hierarchy
2016-06-03 18:36:49.252  INFO 7328 --- [    Test worker] o.s.b.f.s.DefaultListableBeanFactory     : Overriding bean definition for bean 'requestContextFilter' with a different definition: replacing [Root bean: class [null]; scope=; abstract=false; lazyInit=false; autowireMode=3; dependencyCheck=0; autowireCandidate=true; primary=false; factoryBeanName=org.springframework.boot.autoconfigure.jersey.JerseyAutoConfiguration; factoryMethodName=requestContextFilter; initMethodName=null; destroyMethodName=(inferred); defined in class path resource [org/springframework/boot/autoconfigure/jersey/JerseyAutoConfiguration.class]] with [Root bean: class [null]; scope=; abstract=false; lazyInit=false; autowireMode=3; dependencyCheck=0; autowireCandidate=true; primary=false; factoryBeanName=org.springframework.boot.autoconfigure.web.WebMvcAutoConfiguration$WebMvcAutoConfigurationAdapter; factoryMethodName=requestContextFilter; initMethodName=null; destroyMethodName=(inferred); defined in class path resource [org/springframework/boot/autoconfigure/web/WebMvcAutoConfiguration$WebMvcAutoConfigurationAdapter.class]]
2016-06-03 18:36:49.253  INFO 7328 --- [    Test worker] o.s.b.f.s.DefaultListableBeanFactory     : Overriding bean definition for bean 'beanNameViewResolver' with a different definition: replacing [Root bean: class [null]; scope=; abstract=false; lazyInit=false; autowireMode=3; dependencyCheck=0; autowireCandidate=true; primary=false; factoryBeanName=org.springframework.boot.autoconfigure.web.ErrorMvcAutoConfiguration$WhitelabelErrorViewConfiguration; factoryMethodName=beanNameViewResolver; initMethodName=null; destroyMethodName=(inferred); defined in class path resource [org/springframework/boot/autoconfigure/web/ErrorMvcAutoConfiguration$WhitelabelErrorViewConfiguration.class]] with [Root bean: class [null]; scope=; abstract=false; lazyInit=false; autowireMode=3; dependencyCheck=0; autowireCandidate=true; primary=false; factoryBeanName=org.springframework.boot.autoconfigure.web.WebMvcAutoConfiguration$WebMvcAutoConfigurationAdapter; factoryMethodName=beanNameViewResolver; initMethodName=null; destroyMethodName=(inferred); defined in class path resource [org/springframework/boot/autoconfigure/web/WebMvcAutoConfiguration$WebMvcAutoConfigurationAdapter.class]]
2016-06-03 18:36:49.290  INFO 7328 --- [    Test worker] f.a.AutowiredAnnotationBeanPostProcessor : JSR-330 'javax.inject.Inject' annotation found and supported for autowiring
2016-06-03 18:36:49.312  INFO 7328 --- [    Test worker] trationDelegate$BeanPostProcessorChecker : Bean 'org.springframework.transaction.annotation.ProxyTransactionManagementConfiguration' of type [class org.springframework.transaction.annotation.ProxyTransactionManagementConfiguration$$EnhancerBySpringCGLIB$$bada42d9] is not eligible for getting processed by all BeanPostProcessors (for example: not eligible for auto-proxying)
2016-06-03 18:36:49.500  INFO 7328 --- [    Test worker] s.b.c.e.t.TomcatEmbeddedServletContainer : Tomcat initialized with port(s): 9000 (http)
2016-06-03 18:36:49.567  INFO 7328 --- [    Test worker] o.apache.catalina.core.StandardService   : Starting service Tomcat
2016-06-03 18:36:49.570  INFO 7328 --- [    Test worker] org.apache.catalina.core.StandardEngine  : Starting Servlet Engine: Apache Tomcat/8.0.32
2016-06-03 18:36:49.732  INFO 7328 --- [ost-startStop-1] o.a.c.c.C.[Tomcat].[localhost].[/]       : Initializing Spring embedded WebApplicationContext
2016-06-03 18:36:49.733  INFO 7328 --- [ost-startStop-1] o.s.web.context.ContextLoader            : Root WebApplicationContext: initialization completed in 960 ms
2016-06-03 18:36:50.022  INFO 7328 --- [ost-startStop-1] o.s.b.c.e.ServletRegistrationBean        : Mapping servlet: 'com.uniritter.monitor.rest.JerseyConfig' to [/*]
2016-06-03 18:36:50.023  INFO 7328 --- [ost-startStop-1] o.s.b.c.e.ServletRegistrationBean        : Mapping servlet: 'dispatcherServlet' to [/]
2016-06-03 18:36:50.024  INFO 7328 --- [ost-startStop-1] o.s.b.c.e.ServletRegistrationBean        : Mapping servlet: 'webServlet' to [/h2-console/*]
2016-06-03 18:36:50.027  INFO 7328 --- [ost-startStop-1] o.s.b.c.embedded.FilterRegistrationBean  : Mapping filter: 'metricFilter' to: [/*]
2016-06-03 18:36:50.027  INFO 7328 --- [ost-startStop-1] o.s.b.c.embedded.FilterRegistrationBean  : Mapping filter: 'characterEncodingFilter' to: [/*]
2016-06-03 18:36:50.027  INFO 7328 --- [ost-startStop-1] o.s.b.c.embedded.FilterRegistrationBean  : Mapping filter: 'hiddenHttpMethodFilter' to: [/*]
2016-06-03 18:36:50.027  INFO 7328 --- [ost-startStop-1] o.s.b.c.embedded.FilterRegistrationBean  : Mapping filter: 'httpPutFormContentFilter' to: [/*]
2016-06-03 18:36:50.027  INFO 7328 --- [ost-startStop-1] o.s.b.c.embedded.FilterRegistrationBean  : Mapping filter: 'requestContextFilter' to: [/*]
2016-06-03 18:36:50.027  INFO 7328 --- [ost-startStop-1] o.s.b.c.embedded.FilterRegistrationBean  : Mapping filter: 'webRequestLoggingFilter' to: [/*]
2016-06-03 18:36:50.027  INFO 7328 --- [ost-startStop-1] o.s.b.c.embedded.FilterRegistrationBean  : Mapping filter: 'applicationContextIdFilter' to: [/*]
2016-06-03 18:36:50.247  INFO 7328 --- [    Test worker] s.w.s.m.m.a.RequestMappingHandlerAdapter : Looking for @ControllerAdvice: org.springframework.boot.context.embedded.AnnotationConfigEmbeddedWebApplicationContext@4d19c0e7: startup date [Fri Jun 03 18:36:48 BRT 2016]; root of context hierarchy
2016-06-03 18:36:50.264  INFO 7328 --- [    Test worker] s.w.s.m.m.a.RequestMappingHandlerMapping : Mapped "{[/error]}" onto public org.springframework.http.ResponseEntity<java.util.Map<java.lang.String, java.lang.Object>> org.springframework.boot.autoconfigure.web.BasicErrorController.error(javax.servlet.http.HttpServletRequest)
2016-06-03 18:36:50.264  INFO 7328 --- [    Test worker] s.w.s.m.m.a.RequestMappingHandlerMapping : Mapped "{[/error],produces=[text/html]}" onto public org.springframework.web.servlet.ModelAndView org.springframework.boot.autoconfigure.web.BasicErrorController.errorHtml(javax.servlet.http.HttpServletRequest,javax.servlet.http.HttpServletResponse)
2016-06-03 18:36:50.288  INFO 7328 --- [    Test worker] o.s.w.s.handler.SimpleUrlHandlerMapping  : Mapped URL path [/webjars/**] onto handler of type [class org.springframework.web.servlet.resource.ResourceHttpRequestHandler]
2016-06-03 18:36:50.288  INFO 7328 --- [    Test worker] o.s.w.s.handler.SimpleUrlHandlerMapping  : Mapped URL path [/**] onto handler of type [class org.springframework.web.servlet.resource.ResourceHttpRequestHandler]
2016-06-03 18:36:50.320  INFO 7328 --- [    Test worker] o.s.w.s.handler.SimpleUrlHandlerMapping  : Mapped URL path [/**/favicon.ico] onto handler of type [class org.springframework.web.servlet.resource.ResourceHttpRequestHandler]
2016-06-03 18:36:50.718  INFO 7328 --- [    Test worker] ationConfigEmbeddedWebApplicationContext : Refreshing org.springframework.boot.context.embedded.AnnotationConfigEmbeddedWebApplicationContext@70c65972: startup date [Fri Jun 03 18:36:50 BRT 2016]; parent: org.springframework.boot.context.embedded.AnnotationConfigEmbeddedWebApplicationContext@4d19c0e7
2016-06-03 18:36:50.748  INFO 7328 --- [    Test worker] o.s.b.f.s.DefaultListableBeanFactory     : Overriding bean definition for bean 'handlerExceptionResolver' with a different definition: replacing [Root bean: class [null]; scope=; abstract=false; lazyInit=false; autowireMode=3; dependencyCheck=0; autowireCandidate=true; primary=false; factoryBeanName=org.springframework.web.servlet.config.annotation.DelegatingWebMvcConfiguration; factoryMethodName=handlerExceptionResolver; initMethodName=null; destroyMethodName=(inferred); defined in class org.springframework.web.servlet.config.annotation.DelegatingWebMvcConfiguration] with [Root bean: class [null]; scope=; abstract=false; lazyInit=false; autowireMode=3; dependencyCheck=0; autowireCandidate=true; primary=false; factoryBeanName=endpointWebMvcChildContextConfiguration; factoryMethodName=compositeHandlerExceptionResolver; initMethodName=null; destroyMethodName=(inferred); defined in org.springframework.boot.actuate.autoconfigure.EndpointWebMvcChildContextConfiguration]
2016-06-03 18:36:50.772  INFO 7328 --- [    Test worker] f.a.AutowiredAnnotationBeanPostProcessor : JSR-330 'javax.inject.Inject' annotation found and supported for autowiring
2016-06-03 18:36:50.791  INFO 7328 --- [    Test worker] s.b.c.e.t.TomcatEmbeddedServletContainer : Tomcat initialized with port(s): 9001 (http)
2016-06-03 18:36:50.792  INFO 7328 --- [    Test worker] o.apache.catalina.core.StandardService   : Starting service Tomcat
2016-06-03 18:36:50.792  INFO 7328 --- [    Test worker] org.apache.catalina.core.StandardEngine  : Starting Servlet Engine: Apache Tomcat/8.0.32
2016-06-03 18:36:50.800  INFO 7328 --- [ost-startStop-1] o.a.c.c.C.[Tomcat-1].[localhost].[/]     : Initializing Spring embedded WebApplicationContext
2016-06-03 18:36:50.800  INFO 7328 --- [ost-startStop-1] o.s.web.context.ContextLoader            : Root WebApplicationContext: initialization completed in 82 ms
2016-06-03 18:36:50.805  INFO 7328 --- [ost-startStop-1] o.s.b.c.e.ServletRegistrationBean        : Mapping servlet: 'dispatcherServlet' to [/]
2016-06-03 18:36:50.872  INFO 7328 --- [    Test worker] o.s.b.a.e.mvc.EndpointHandlerMapping     : Mapped "{[/autoconfig || /autoconfig.json],methods=[GET],produces=[application/json]}" onto public java.lang.Object org.springframework.boot.actuate.endpoint.mvc.EndpointMvcAdapter.invoke()
2016-06-03 18:36:50.873  INFO 7328 --- [    Test worker] o.s.b.a.e.mvc.EndpointHandlerMapping     : Mapped "{[/mappings || /mappings.json],methods=[GET],produces=[application/json]}" onto public java.lang.Object org.springframework.boot.actuate.endpoint.mvc.EndpointMvcAdapter.invoke()
2016-06-03 18:36:50.873  INFO 7328 --- [    Test worker] o.s.b.a.e.mvc.EndpointHandlerMapping     : Mapped "{[/configprops || /configprops.json],methods=[GET],produces=[application/json]}" onto public java.lang.Object org.springframework.boot.actuate.endpoint.mvc.EndpointMvcAdapter.invoke()
2016-06-03 18:36:50.875  INFO 7328 --- [    Test worker] o.s.b.a.e.mvc.EndpointHandlerMapping     : Mapped "{[/beans || /beans.json],methods=[GET],produces=[application/json]}" onto public java.lang.Object org.springframework.boot.actuate.endpoint.mvc.EndpointMvcAdapter.invoke()
2016-06-03 18:36:50.876  INFO 7328 --- [    Test worker] o.s.b.a.e.mvc.EndpointHandlerMapping     : Mapped "{[/env/{name:.*}],methods=[GET],produces=[application/json]}" onto public java.lang.Object org.springframework.boot.actuate.endpoint.mvc.EnvironmentMvcEndpoint.value(java.lang.String)
2016-06-03 18:36:50.876  INFO 7328 --- [    Test worker] o.s.b.a.e.mvc.EndpointHandlerMapping     : Mapped "{[/env || /env.json],methods=[GET],produces=[application/json]}" onto public java.lang.Object org.springframework.boot.actuate.endpoint.mvc.EndpointMvcAdapter.invoke()
2016-06-03 18:36:50.876  INFO 7328 --- [    Test worker] o.s.b.a.e.mvc.EndpointHandlerMapping     : Mapped "{[/metrics/{name:.*}],methods=[GET],produces=[application/json]}" onto public java.lang.Object org.springframework.boot.actuate.endpoint.mvc.MetricsMvcEndpoint.value(java.lang.String)
2016-06-03 18:36:50.877  INFO 7328 --- [    Test worker] o.s.b.a.e.mvc.EndpointHandlerMapping     : Mapped "{[/metrics || /metrics.json],methods=[GET],produces=[application/json]}" onto public java.lang.Object org.springframework.boot.actuate.endpoint.mvc.EndpointMvcAdapter.invoke()
2016-06-03 18:36:50.877  INFO 7328 --- [    Test worker] o.s.b.a.e.mvc.EndpointHandlerMapping     : Mapped "{[/trace || /trace.json],methods=[GET],produces=[application/json]}" onto public java.lang.Object org.springframework.boot.actuate.endpoint.mvc.EndpointMvcAdapter.invoke()
2016-06-03 18:36:50.877  INFO 7328 --- [    Test worker] o.s.b.a.e.mvc.EndpointHandlerMapping     : Mapped "{[/info || /info.json],methods=[GET],produces=[application/json]}" onto public java.lang.Object org.springframework.boot.actuate.endpoint.mvc.EndpointMvcAdapter.invoke()
2016-06-03 18:36:50.878  INFO 7328 --- [    Test worker] o.s.b.a.e.mvc.EndpointHandlerMapping     : Mapped "{[/dump || /dump.json],methods=[GET],produces=[application/json]}" onto public java.lang.Object org.springframework.boot.actuate.endpoint.mvc.EndpointMvcAdapter.invoke()
2016-06-03 18:36:50.878  INFO 7328 --- [    Test worker] o.s.b.a.e.mvc.EndpointHandlerMapping     : Mapped "{[/health || /health.json],produces=[application/json]}" onto public java.lang.Object org.springframework.boot.actuate.endpoint.mvc.HealthMvcEndpoint.invoke(java.security.Principal)
2016-06-03 18:36:50.892  INFO 7328 --- [    Test worker] s.w.s.m.m.a.RequestMappingHandlerMapping : Mapped "{[/error]}" onto public java.util.Map<java.lang.String, java.lang.Object> org.springframework.boot.actuate.endpoint.mvc.ManagementErrorEndpoint.invoke()
2016-06-03 18:36:50.898  INFO 7328 --- [    Test worker] o.s.w.s.handler.SimpleUrlHandlerMapping  : Mapped URL path [/webjars/**] onto handler of type [class org.springframework.web.servlet.resource.ResourceHttpRequestHandler]
2016-06-03 18:36:50.898  INFO 7328 --- [    Test worker] o.s.w.s.handler.SimpleUrlHandlerMapping  : Mapped URL path [/**] onto handler of type [class org.springframework.web.servlet.resource.ResourceHttpRequestHandler]
2016-06-03 18:36:50.912  INFO 7328 --- [    Test worker] s.w.s.m.m.a.RequestMappingHandlerAdapter : Looking for @ControllerAdvice: org.springframework.boot.context.embedded.AnnotationConfigEmbeddedWebApplicationContext@70c65972: startup date [Fri Jun 03 18:36:50 BRT 2016]; parent: org.springframework.boot.context.embedded.AnnotationConfigEmbeddedWebApplicationContext@4d19c0e7
2016-06-03 18:36:51.041  INFO 7328 --- [    Test worker] s.b.c.e.t.TomcatEmbeddedServletContainer : Tomcat started on port(s): 9001 (http)
2016-06-03 18:36:51.051  INFO 7328 --- [    Test worker] s.b.c.e.t.TomcatEmbeddedServletContainer : Tomcat started on port(s): 9000 (http)
2016-06-03 18:36:51.053  INFO 7328 --- [    Test worker] c.u.monitor.rest.TestHostController      : Started TestHostController in 2.316 seconds (JVM running for 7.994)
]]></system-out>
  <system-err><![CDATA[]]></system-err>
</testsuite>
