<?xml version="1.0" encoding="UTF-8"?>
<testsuite name="com.uniritter.monitor.persistence.TestMetricaDao" tests="5" skipped="0" failures="0" errors="0" timestamp="2016-06-26T15:07:09" hostname="Note_Fontana" time="0.083">
  <properties/>
  <testcase name="testDataBase" classname="com.uniritter.monitor.persistence.TestMetricaDao" time="0.035"/>
  <testcase name="testMetricaDaoRegisterNotExist" classname="com.uniritter.monitor.persistence.TestMetricaDao" time="0.002"/>
  <testcase name="testMetricaDaoGetList" classname="com.uniritter.monitor.persistence.TestMetricaDao" time="0.034"/>
  <testcase name="testMetricaDaoRegisterExist" classname="com.uniritter.monitor.persistence.TestMetricaDao" time="0.002"/>
  <testcase name="testMetricaDaoCreate" classname="com.uniritter.monitor.persistence.TestMetricaDao" time="0.002"/>
  <system-out><![CDATA[2016-06-26 12:07:09.635  INFO 3284 --- [    Test worker] o.s.t.c.support.AbstractContextLoader    : Could not detect default resource locations for test class [com.uniritter.monitor.persistence.TestMetricaDao]: no resource found for suffixes {-context.xml, Context.groovy}.
2016-06-26 12:07:09.640  INFO 3284 --- [    Test worker] o.s.t.c.web.WebTestContextBootstrapper   : Loaded default TestExecutionListener class names from location [META-INF/spring.factories]: [org.springframework.test.context.web.ServletTestExecutionListener, org.springframework.test.context.support.DirtiesContextBeforeModesTestExecutionListener, org.springframework.test.context.support.DependencyInjectionTestExecutionListener, org.springframework.test.context.support.DirtiesContextTestExecutionListener, org.springframework.test.context.transaction.TransactionalTestExecutionListener, org.springframework.test.context.jdbc.SqlScriptsTestExecutionListener]
2016-06-26 12:07:09.640  INFO 3284 --- [    Test worker] o.s.t.c.web.WebTestContextBootstrapper   : Using TestExecutionListeners: [org.springframework.test.context.web.ServletTestExecutionListener@75bd981b, org.springframework.test.context.support.DirtiesContextBeforeModesTestExecutionListener@76dc5837, org.springframework.test.context.support.DependencyInjectionTestExecutionListener@54b2e8a3, org.springframework.test.context.support.DirtiesContextTestExecutionListener@55b32cc3, org.springframework.test.context.transaction.TransactionalTestExecutionListener@4c571b2e, org.springframework.test.context.jdbc.SqlScriptsTestExecutionListener@58deff73]
]]></system-out>
  <system-err><![CDATA[]]></system-err>
</testsuite>
