<?xml version="1.0" encoding="UTF-8"?>
<testsuite name="com.uniritter.monitor.persistence.TestMetricaRepository" tests="2" skipped="0" failures="0" errors="0" timestamp="2016-06-12T14:37:17" hostname="Note_Fontana" time="0.022">
  <properties/>
  <testcase name="testMetricaRepositorySave" classname="com.uniritter.monitor.persistence.TestMetricaRepository" time="0.001"/>
  <testcase name="testMetricaRepositoryGetList" classname="com.uniritter.monitor.persistence.TestMetricaRepository" time="0.018"/>
  <system-out><![CDATA[2016-06-12 11:37:17.047  INFO 5216 --- [    Test worker] o.s.t.c.support.AbstractContextLoader    : Could not detect default resource locations for test class [com.uniritter.monitor.persistence.TestMetricaRepository]: no resource found for suffixes {-context.xml, Context.groovy}.
2016-06-12 11:37:17.050  INFO 5216 --- [    Test worker] o.s.t.c.web.WebTestContextBootstrapper   : Loaded default TestExecutionListener class names from location [META-INF/spring.factories]: [org.springframework.test.context.web.ServletTestExecutionListener, org.springframework.test.context.support.DirtiesContextBeforeModesTestExecutionListener, org.springframework.test.context.support.DependencyInjectionTestExecutionListener, org.springframework.test.context.support.DirtiesContextTestExecutionListener, org.springframework.test.context.transaction.TransactionalTestExecutionListener, org.springframework.test.context.jdbc.SqlScriptsTestExecutionListener]
2016-06-12 11:37:17.050  INFO 5216 --- [    Test worker] o.s.t.c.web.WebTestContextBootstrapper   : Using TestExecutionListeners: [org.springframework.test.context.web.ServletTestExecutionListener@c9d2d4c, org.springframework.test.context.support.DirtiesContextBeforeModesTestExecutionListener@32e05e9e, org.springframework.test.context.support.DependencyInjectionTestExecutionListener@1443e2c7, org.springframework.test.context.support.DirtiesContextTestExecutionListener@706096a3, org.springframework.test.context.transaction.TransactionalTestExecutionListener@15f232ae, org.springframework.test.context.jdbc.SqlScriptsTestExecutionListener@25d69a20]
]]></system-out>
  <system-err><![CDATA[]]></system-err>
</testsuite>
