<?xml version="1.0" encoding="UTF-8"?>
<testsuite name="com.uniritter.monitor.rest.TestHostController" tests="2" skipped="0" failures="0" errors="0" timestamp="2016-07-01T23:38:31" hostname="ZS-LAB103-65023" time="0.075">
  <properties/>
  <testcase name="testCreateHost" classname="com.uniritter.monitor.rest.TestHostController" time="0.019"/>
  <testcase name="testGetTodoHostsDaMetrica" classname="com.uniritter.monitor.rest.TestHostController" time="0.055"/>
  <system-out><![CDATA[2016-07-01 20:38:31.273  INFO 7228 --- [    Test worker] o.s.t.c.support.AbstractContextLoader    : Could not detect default resource locations for test class [com.uniritter.monitor.rest.TestHostController]: no resource found for suffixes {-context.xml, Context.groovy}.
2016-07-01 20:38:31.274  INFO 7228 --- [    Test worker] WebAppIntegrationTestContextBootstrapper : Loaded default TestExecutionListener class names from location [META-INF/spring.factories]: [org.springframework.test.context.web.ServletTestExecutionListener, org.springframework.test.context.support.DirtiesContextBeforeModesTestExecutionListener, org.springframework.test.context.support.DependencyInjectionTestExecutionListener, org.springframework.test.context.support.DirtiesContextTestExecutionListener, org.springframework.test.context.transaction.TransactionalTestExecutionListener, org.springframework.test.context.jdbc.SqlScriptsTestExecutionListener]
2016-07-01 20:38:31.275  INFO 7228 --- [    Test worker] WebAppIntegrationTestContextBootstrapper : Using TestExecutionListeners: [org.springframework.test.context.web.ServletTestExecutionListener@b3fffcf, org.springframework.test.context.support.DirtiesContextBeforeModesTestExecutionListener@16b374ce, org.springframework.test.context.support.DependencyInjectionTestExecutionListener@5fb98c06, org.springframework.test.context.support.DirtiesContextTestExecutionListener@e980f03, org.springframework.test.context.transaction.TransactionalTestExecutionListener@21019571, org.springframework.test.context.jdbc.SqlScriptsTestExecutionListener@6efa3ea4]
]]></system-out>
  <system-err><![CDATA[]]></system-err>
</testsuite>
