<?xml version="1.0" encoding="UTF-8"?>
<testsuite name="com.uniritter.monitor.domain.TestMedicaoService" tests="3" skipped="0" failures="0" errors="0" timestamp="2016-06-19T13:32:42" hostname="Note_Fontana" time="0.233">
  <properties/>
  <testcase name="testGetMedicoes" classname="com.uniritter.monitor.domain.TestMedicaoService" time="0.007"/>
  <testcase name="testCreateMedicao" classname="com.uniritter.monitor.domain.TestMedicaoService" time="0.143"/>
  <testcase name="testDisparaNotificaoAlertaValidoParaMedicaoRealizada" classname="com.uniritter.monitor.domain.TestMedicaoService" time="0.08"/>
  <system-out><![CDATA[2016-06-19 10:32:42.226  INFO 2012 --- [    Test worker] o.s.t.c.support.AbstractContextLoader    : Could not detect default resource locations for test class [com.uniritter.monitor.domain.TestMedicaoService]: no resource found for suffixes {-context.xml, Context.groovy}.
2016-06-19 10:32:42.232  INFO 2012 --- [    Test worker] o.s.t.c.web.WebTestContextBootstrapper   : Loaded default TestExecutionListener class names from location [META-INF/spring.factories]: [org.springframework.test.context.web.ServletTestExecutionListener, org.springframework.test.context.support.DirtiesContextBeforeModesTestExecutionListener, org.springframework.test.context.support.DependencyInjectionTestExecutionListener, org.springframework.test.context.support.DirtiesContextTestExecutionListener, org.springframework.test.context.transaction.TransactionalTestExecutionListener, org.springframework.test.context.jdbc.SqlScriptsTestExecutionListener]
2016-06-19 10:32:42.234  INFO 2012 --- [    Test worker] o.s.t.c.web.WebTestContextBootstrapper   : Using TestExecutionListeners: [org.springframework.test.context.web.ServletTestExecutionListener@6c547673, org.springframework.test.context.support.DirtiesContextBeforeModesTestExecutionListener@68100c7d, org.springframework.test.context.support.DependencyInjectionTestExecutionListener@6561c2b3, org.springframework.test.context.support.DirtiesContextTestExecutionListener@4a8deca9, org.springframework.test.context.transaction.TransactionalTestExecutionListener@525ec65, org.springframework.test.context.jdbc.SqlScriptsTestExecutionListener@6dbe7b58]
]]></system-out>
  <system-err><![CDATA[]]></system-err>
</testsuite>
