<?xml version="1.0" encoding="UTF-8"?>
<testsuite name="com.uniritter.monitor.rest.TestHostController" tests="2" skipped="0" failures="0" errors="0" timestamp="2016-06-08T00:49:27" hostname="Note_Fontana" time="0.371">
  <properties/>
  <testcase name="testGetTodoHostsDaMetrica2" classname="com.uniritter.monitor.rest.TestHostController" time="0.206"/>
  <testcase name="testCreateHost" classname="com.uniritter.monitor.rest.TestHostController" time="0.164"/>
  <system-out><![CDATA[2016-06-07 21:49:27.560  INFO 4768 --- [    Test worker] o.s.t.c.support.AbstractContextLoader    : Could not detect default resource locations for test class [com.uniritter.monitor.rest.TestHostController]: no resource found for suffixes {-context.xml, Context.groovy}.
2016-06-07 21:49:27.563  INFO 4768 --- [    Test worker] WebAppIntegrationTestContextBootstrapper : Loaded default TestExecutionListener class names from location [META-INF/spring.factories]: [org.springframework.test.context.web.ServletTestExecutionListener, org.springframework.test.context.support.DirtiesContextBeforeModesTestExecutionListener, org.springframework.test.context.support.DependencyInjectionTestExecutionListener, org.springframework.test.context.support.DirtiesContextTestExecutionListener, org.springframework.test.context.transaction.TransactionalTestExecutionListener, org.springframework.test.context.jdbc.SqlScriptsTestExecutionListener]
2016-06-07 21:49:27.565  INFO 4768 --- [    Test worker] WebAppIntegrationTestContextBootstrapper : Using TestExecutionListeners: [org.springframework.test.context.web.ServletTestExecutionListener@9f035f4, org.springframework.test.context.support.DirtiesContextBeforeModesTestExecutionListener@1385674a, org.springframework.test.context.support.DependencyInjectionTestExecutionListener@5b09a4c6, org.springframework.test.context.support.DirtiesContextTestExecutionListener@4726febe, org.springframework.test.context.transaction.TransactionalTestExecutionListener@4f713c3b, org.springframework.test.context.jdbc.SqlScriptsTestExecutionListener@7776bda8]
]]></system-out>
  <system-err><![CDATA[]]></system-err>
</testsuite>
