<?xml version="1.0" encoding="UTF-8"?>
<testsuite name="com.uniritter.monitor.persistence.TestMetricaDao" tests="3" skipped="0" failures="0" errors="0" timestamp="2016-05-29T15:11:04" hostname="Note_Fontana" time="0.023">
  <properties/>
  <testcase name="testDataBase" classname="com.uniritter.monitor.persistence.TestMetricaDao" time="0.008"/>
  <testcase name="testMetricaDaoCreateMetrica" classname="com.uniritter.monitor.persistence.TestMetricaDao" time="0.002"/>
  <testcase name="testMetricaDaoGetMetricas" classname="com.uniritter.monitor.persistence.TestMetricaDao" time="0.011"/>
  <system-out><![CDATA[2016-05-29 12:11:04.343  INFO 5040 --- [    Test worker] o.s.t.c.support.AbstractContextLoader    : Could not detect default resource locations for test class [com.uniritter.monitor.persistence.TestMetricaDao]: no resource found for suffixes {-context.xml, Context.groovy}.
2016-05-29 12:11:04.346  INFO 5040 --- [    Test worker] o.s.t.c.web.WebTestContextBootstrapper   : Loaded default TestExecutionListener class names from location [META-INF/spring.factories]: [org.springframework.test.context.web.ServletTestExecutionListener, org.springframework.test.context.support.DirtiesContextBeforeModesTestExecutionListener, org.springframework.test.context.support.DependencyInjectionTestExecutionListener, org.springframework.test.context.support.DirtiesContextTestExecutionListener, org.springframework.test.context.transaction.TransactionalTestExecutionListener, org.springframework.test.context.jdbc.SqlScriptsTestExecutionListener]
2016-05-29 12:11:04.348  INFO 5040 --- [    Test worker] o.s.t.c.web.WebTestContextBootstrapper   : Using TestExecutionListeners: [org.springframework.test.context.web.ServletTestExecutionListener@6e030c33, org.springframework.test.context.support.DirtiesContextBeforeModesTestExecutionListener@6d696393, org.springframework.test.context.support.DependencyInjectionTestExecutionListener@5efcafea, org.springframework.test.context.support.DirtiesContextTestExecutionListener@39086a8d, org.springframework.test.context.transaction.TransactionalTestExecutionListener@4f1c8b0b, org.springframework.test.context.jdbc.SqlScriptsTestExecutionListener@69cf1c80]
]]></system-out>
  <system-err><![CDATA[]]></system-err>
</testsuite>
