<?xml version="1.0" encoding="UTF-8"?>
<testsuite name="com.uniritter.monitor.domain.TestModel" tests="5" skipped="0" failures="0" errors="0" timestamp="2016-05-27T21:47:10" hostname="ZS-LAB103-65023" time="0.019">
  <properties/>
  <testcase name="testNotificar" classname="com.uniritter.monitor.domain.TestModel" time="0.004"/>
  <testcase name="testCriarMedicao" classname="com.uniritter.monitor.domain.TestModel" time="0.0"/>
  <testcase name="testNovaMetrica" classname="com.uniritter.monitor.domain.TestModel" time="0.0"/>
  <testcase name="testUltimaMedicao" classname="com.uniritter.monitor.domain.TestModel" time="0.0"/>
  <testcase name="tesNovaMedicao" classname="com.uniritter.monitor.domain.TestModel" time="0.0"/>
  <system-out><![CDATA[]]></system-out>
  <system-err><![CDATA[]]></system-err>
</testsuite>
