<?xml version="1.0" encoding="UTF-8"?>
<testsuite name="com.uniritter.monitor.domain.TestMetricaService" tests="5" skipped="0" failures="0" errors="0" timestamp="2016-06-12T14:37:16" hostname="Note_Fontana" time="0.277">
  <properties/>
  <testcase name="testDeleteMetricaEHosts" classname="com.uniritter.monitor.domain.TestMetricaService" time="0.014"/>
  <testcase name="testGetMetricaComHosts" classname="com.uniritter.monitor.domain.TestMetricaService" time="0.057"/>
  <testcase name="testCriarNovaMetrica" classname="com.uniritter.monitor.domain.TestMetricaService" time="0.003"/>
  <testcase name="testGetMetricas" classname="com.uniritter.monitor.domain.TestMetricaService" time="0.194"/>
  <testcase name="testGetMetrica" classname="com.uniritter.monitor.domain.TestMetricaService" time="0.002"/>
  <system-out><![CDATA[2016-06-12 11:37:16.595  INFO 5216 --- [    Test worker] o.s.t.c.support.AbstractContextLoader    : Could not detect default resource locations for test class [com.uniritter.monitor.domain.TestMetricaService]: no resource found for suffixes {-context.xml, Context.groovy}.
2016-06-12 11:37:16.598  INFO 5216 --- [    Test worker] o.s.t.c.web.WebTestContextBootstrapper   : Loaded default TestExecutionListener class names from location [META-INF/spring.factories]: [org.springframework.test.context.web.ServletTestExecutionListener, org.springframework.test.context.support.DirtiesContextBeforeModesTestExecutionListener, org.springframework.test.context.support.DependencyInjectionTestExecutionListener, org.springframework.test.context.support.DirtiesContextTestExecutionListener, org.springframework.test.context.transaction.TransactionalTestExecutionListener, org.springframework.test.context.jdbc.SqlScriptsTestExecutionListener]
2016-06-12 11:37:16.601  INFO 5216 --- [    Test worker] o.s.t.c.web.WebTestContextBootstrapper   : Using TestExecutionListeners: [org.springframework.test.context.web.ServletTestExecutionListener@5deed3a, org.springframework.test.context.support.DirtiesContextBeforeModesTestExecutionListener@56df4bb9, org.springframework.test.context.support.DependencyInjectionTestExecutionListener@3ed5045d, org.springframework.test.context.support.DirtiesContextTestExecutionListener@39bd91ac, org.springframework.test.context.transaction.TransactionalTestExecutionListener@4b780c9c, org.springframework.test.context.jdbc.SqlScriptsTestExecutionListener@67d614c9]
]]></system-out>
  <system-err><![CDATA[]]></system-err>
</testsuite>
