<?xml version="1.0" encoding="UTF-8"?>
<testsuite name="com.uniritter.monitor.rest.TestHostGrupoController" tests="1" skipped="0" failures="0" errors="0" timestamp="2016-06-17T21:38:28" hostname="ZS-LAB103-65023" time="0.012">
  <properties/>
  <testcase name="testGetGrupos" classname="com.uniritter.monitor.rest.TestHostGrupoController" time="0.012"/>
  <system-out><![CDATA[2016-06-17 18:38:28.369  INFO 5636 --- [    Test worker] o.s.t.c.support.AbstractContextLoader    : Could not detect default resource locations for test class [com.uniritter.monitor.rest.TestHostGrupoController]: no resource found for suffixes {-context.xml, Context.groovy}.
2016-06-17 18:38:28.370  INFO 5636 --- [    Test worker] WebAppIntegrationTestContextBootstrapper : Loaded default TestExecutionListener class names from location [META-INF/spring.factories]: [org.springframework.test.context.web.ServletTestExecutionListener, org.springframework.test.context.support.DirtiesContextBeforeModesTestExecutionListener, org.springframework.test.context.support.DependencyInjectionTestExecutionListener, org.springframework.test.context.support.DirtiesContextTestExecutionListener, org.springframework.test.context.transaction.TransactionalTestExecutionListener, org.springframework.test.context.jdbc.SqlScriptsTestExecutionListener]
2016-06-17 18:38:28.370  INFO 5636 --- [    Test worker] WebAppIntegrationTestContextBootstrapper : Using TestExecutionListeners: [org.springframework.test.context.web.ServletTestExecutionListener@5875a963, org.springframework.test.context.support.DirtiesContextBeforeModesTestExecutionListener@14c3cff4, org.springframework.test.context.support.DependencyInjectionTestExecutionListener@4389a6d2, org.springframework.test.context.support.DirtiesContextTestExecutionListener@22747a2, org.springframework.test.context.transaction.TransactionalTestExecutionListener@60cfddc8, org.springframework.test.context.jdbc.SqlScriptsTestExecutionListener@6ee9a71f]
]]></system-out>
  <system-err><![CDATA[]]></system-err>
</testsuite>
