<?xml version="1.0" encoding="UTF-8"?>
<testsuite name="com.uniritter.monitor.rest.TestHostGrupoController" tests="1" skipped="0" failures="0" errors="0" timestamp="2016-05-31T01:23:30" hostname="Note_Fontana" time="0.093">
  <properties/>
  <testcase name="testGetTipos" classname="com.uniritter.monitor.rest.TestHostGrupoController" time="0.093"/>
  <system-out><![CDATA[2016-05-30 22:23:30.072  INFO 7152 --- [    Test worker] o.s.t.c.support.AbstractContextLoader    : Could not detect default resource locations for test class [com.uniritter.monitor.rest.TestHostGrupoController]: no resource found for suffixes {-context.xml, Context.groovy}.
2016-05-30 22:23:30.076  INFO 7152 --- [    Test worker] WebAppIntegrationTestContextBootstrapper : Loaded default TestExecutionListener class names from location [META-INF/spring.factories]: [org.springframework.test.context.web.ServletTestExecutionListener, org.springframework.test.context.support.DirtiesContextBeforeModesTestExecutionListener, org.springframework.test.context.support.DependencyInjectionTestExecutionListener, org.springframework.test.context.support.DirtiesContextTestExecutionListener, org.springframework.test.context.transaction.TransactionalTestExecutionListener, org.springframework.test.context.jdbc.SqlScriptsTestExecutionListener]
2016-05-30 22:23:30.077  INFO 7152 --- [    Test worker] WebAppIntegrationTestContextBootstrapper : Using TestExecutionListeners: [org.springframework.test.context.web.ServletTestExecutionListener@4897c490, org.springframework.test.context.support.DirtiesContextBeforeModesTestExecutionListener@29abaa6d, org.springframework.test.context.support.DependencyInjectionTestExecutionListener@5f1275e, org.springframework.test.context.support.DirtiesContextTestExecutionListener@380fb16c, org.springframework.test.context.transaction.TransactionalTestExecutionListener@4e4a41b9, org.springframework.test.context.jdbc.SqlScriptsTestExecutionListener@3ac662df]
]]></system-out>
  <system-err><![CDATA[]]></system-err>
</testsuite>
