<?xml version="1.0" encoding="UTF-8"?>
<testsuite name="com.uniritter.monitor.rest.TestMetricaTipoController" tests="1" skipped="0" failures="0" errors="0" timestamp="2016-06-08T00:49:28" hostname="Note_Fontana" time="0.035">
  <properties/>
  <testcase name="testGetTipos" classname="com.uniritter.monitor.rest.TestMetricaTipoController" time="0.035"/>
  <system-out><![CDATA[2016-06-07 21:49:28.730  INFO 4768 --- [    Test worker] o.s.t.c.support.AbstractContextLoader    : Could not detect default resource locations for test class [com.uniritter.monitor.rest.TestMetricaTipoController]: no resource found for suffixes {-context.xml, Context.groovy}.
2016-06-07 21:49:28.736  INFO 4768 --- [    Test worker] WebAppIntegrationTestContextBootstrapper : Loaded default TestExecutionListener class names from location [META-INF/spring.factories]: [org.springframework.test.context.web.ServletTestExecutionListener, org.springframework.test.context.support.DirtiesContextBeforeModesTestExecutionListener, org.springframework.test.context.support.DependencyInjectionTestExecutionListener, org.springframework.test.context.support.DirtiesContextTestExecutionListener, org.springframework.test.context.transaction.TransactionalTestExecutionListener, org.springframework.test.context.jdbc.SqlScriptsTestExecutionListener]
2016-06-07 21:49:28.736  INFO 4768 --- [    Test worker] WebAppIntegrationTestContextBootstrapper : Using TestExecutionListeners: [org.springframework.test.context.web.ServletTestExecutionListener@a90a55a, org.springframework.test.context.support.DirtiesContextBeforeModesTestExecutionListener@79766fba, org.springframework.test.context.support.DependencyInjectionTestExecutionListener@67a97b8b, org.springframework.test.context.support.DirtiesContextTestExecutionListener@4fda808c, org.springframework.test.context.transaction.TransactionalTestExecutionListener@40ef4658, org.springframework.test.context.jdbc.SqlScriptsTestExecutionListener@aaeea40]
]]></system-out>
  <system-err><![CDATA[]]></system-err>
</testsuite>
