<?xml version="1.0" encoding="UTF-8"?>
<testsuite name="com.uniritter.monitor.rest.TestMetricaTipoController" tests="1" skipped="0" failures="0" errors="0" timestamp="2016-05-31T01:23:30" hostname="Note_Fontana" time="0.027">
  <properties/>
  <testcase name="testGetTipos" classname="com.uniritter.monitor.rest.TestMetricaTipoController" time="0.027"/>
  <system-out><![CDATA[2016-05-30 22:23:30.503  INFO 7152 --- [    Test worker] o.s.t.c.support.AbstractContextLoader    : Could not detect default resource locations for test class [com.uniritter.monitor.rest.TestMetricaTipoController]: no resource found for suffixes {-context.xml, Context.groovy}.
2016-05-30 22:23:30.510  INFO 7152 --- [    Test worker] WebAppIntegrationTestContextBootstrapper : Loaded default TestExecutionListener class names from location [META-INF/spring.factories]: [org.springframework.test.context.web.ServletTestExecutionListener, org.springframework.test.context.support.DirtiesContextBeforeModesTestExecutionListener, org.springframework.test.context.support.DependencyInjectionTestExecutionListener, org.springframework.test.context.support.DirtiesContextTestExecutionListener, org.springframework.test.context.transaction.TransactionalTestExecutionListener, org.springframework.test.context.jdbc.SqlScriptsTestExecutionListener]
2016-05-30 22:23:30.520  INFO 7152 --- [    Test worker] WebAppIntegrationTestContextBootstrapper : Using TestExecutionListeners: [org.springframework.test.context.web.ServletTestExecutionListener@259f3063, org.springframework.test.context.support.DirtiesContextBeforeModesTestExecutionListener@40c03fcb, org.springframework.test.context.support.DependencyInjectionTestExecutionListener@3b5b0f14, org.springframework.test.context.support.DirtiesContextTestExecutionListener@3a21171c, org.springframework.test.context.transaction.TransactionalTestExecutionListener@66e13413, org.springframework.test.context.jdbc.SqlScriptsTestExecutionListener@271e6163]
]]></system-out>
  <system-err><![CDATA[]]></system-err>
</testsuite>
