<?xml version="1.0" encoding="UTF-8"?>
<testsuite name="com.uniritter.monitor.rest.TestHostController" tests="2" skipped="0" failures="0" errors="0" timestamp="2016-07-01T21:37:32" hostname="ZS-LAB103-65023" time="0.069">
  <properties/>
  <testcase name="testCreateHost" classname="com.uniritter.monitor.rest.TestHostController" time="0.018"/>
  <testcase name="testGetTodoHostsDaMetrica" classname="com.uniritter.monitor.rest.TestHostController" time="0.05"/>
  <system-out><![CDATA[2016-07-01 18:37:32.468  INFO 8124 --- [    Test worker] o.s.t.c.support.AbstractContextLoader    : Could not detect default resource locations for test class [com.uniritter.monitor.rest.TestHostController]: no resource found for suffixes {-context.xml, Context.groovy}.
2016-07-01 18:37:32.469  INFO 8124 --- [    Test worker] WebAppIntegrationTestContextBootstrapper : Loaded default TestExecutionListener class names from location [META-INF/spring.factories]: [org.springframework.test.context.web.ServletTestExecutionListener, org.springframework.test.context.support.DirtiesContextBeforeModesTestExecutionListener, org.springframework.test.context.support.DependencyInjectionTestExecutionListener, org.springframework.test.context.support.DirtiesContextTestExecutionListener, org.springframework.test.context.transaction.TransactionalTestExecutionListener, org.springframework.test.context.jdbc.SqlScriptsTestExecutionListener]
2016-07-01 18:37:32.469  INFO 8124 --- [    Test worker] WebAppIntegrationTestContextBootstrapper : Using TestExecutionListeners: [org.springframework.test.context.web.ServletTestExecutionListener@599c293d, org.springframework.test.context.support.DirtiesContextBeforeModesTestExecutionListener@1b5791c1, org.springframework.test.context.support.DependencyInjectionTestExecutionListener@122223ed, org.springframework.test.context.support.DirtiesContextTestExecutionListener@7f64a5e7, org.springframework.test.context.transaction.TransactionalTestExecutionListener@28c82208, org.springframework.test.context.jdbc.SqlScriptsTestExecutionListener@6b325022]
]]></system-out>
  <system-err><![CDATA[]]></system-err>
</testsuite>
