<?xml version="1.0" encoding="UTF-8"?>
<testsuite name="com.uniritter.monitor.rest.TestMedicaoController" tests="6" skipped="0" failures="0" errors="0" timestamp="2016-06-26T15:07:21" hostname="Note_Fontana" time="0.545">
  <properties/>
  <testcase name="testGetAllMedicoesDaMetrica" classname="com.uniritter.monitor.rest.TestMedicaoController" time="0.086"/>
  <testcase name="testGetHistoricoMedicoesDaMetrica" classname="com.uniritter.monitor.rest.TestMedicaoController" time="0.074"/>
  <testcase name="testGetUltimaMedicaoDaMetrica" classname="com.uniritter.monitor.rest.TestMedicaoController" time="0.07"/>
  <testcase name="testGetMedicoesDeMetricaInexistente" classname="com.uniritter.monitor.rest.TestMedicaoController" time="0.029"/>
  <testcase name="testCreateMedicao" classname="com.uniritter.monitor.rest.TestMedicaoController" time="0.242"/>
  <testcase name="testCreateMedicaoDeMetricaInexistente" classname="com.uniritter.monitor.rest.TestMedicaoController" time="0.039"/>
  <system-out><![CDATA[2016-06-26 12:07:21.277  INFO 3284 --- [    Test worker] o.s.t.c.support.AbstractContextLoader    : Could not detect default resource locations for test class [com.uniritter.monitor.rest.TestMedicaoController]: no resource found for suffixes {-context.xml, Context.groovy}.
2016-06-26 12:07:21.279  INFO 3284 --- [    Test worker] WebAppIntegrationTestContextBootstrapper : Loaded default TestExecutionListener class names from location [META-INF/spring.factories]: [org.springframework.test.context.web.ServletTestExecutionListener, org.springframework.test.context.support.DirtiesContextBeforeModesTestExecutionListener, org.springframework.test.context.support.DependencyInjectionTestExecutionListener, org.springframework.test.context.support.DirtiesContextTestExecutionListener, org.springframework.test.context.transaction.TransactionalTestExecutionListener, org.springframework.test.context.jdbc.SqlScriptsTestExecutionListener]
2016-06-26 12:07:21.281  INFO 3284 --- [    Test worker] WebAppIntegrationTestContextBootstrapper : Using TestExecutionListeners: [org.springframework.test.context.web.ServletTestExecutionListener@2b7bb88c, org.springframework.test.context.support.DirtiesContextBeforeModesTestExecutionListener@75e616da, org.springframework.test.context.support.DependencyInjectionTestExecutionListener@11df8b7a, org.springframework.test.context.support.DirtiesContextTestExecutionListener@7cfc0b36, org.springframework.test.context.transaction.TransactionalTestExecutionListener@ab563fd, org.springframework.test.context.jdbc.SqlScriptsTestExecutionListener@4fa0e4b7]
]]></system-out>
  <system-err><![CDATA[]]></system-err>
</testsuite>
