<?xml version="1.0" encoding="UTF-8"?>
<testsuite name="com.uniritter.monitor.rest.TestHostController" tests="2" skipped="0" failures="0" errors="0" timestamp="2016-07-01T22:52:00" hostname="ZS-LAB103-65023" time="0.064">
  <properties/>
  <testcase name="testCreateHost" classname="com.uniritter.monitor.rest.TestHostController" time="0.016"/>
  <testcase name="testGetTodoHostsDaMetrica" classname="com.uniritter.monitor.rest.TestHostController" time="0.048"/>
  <system-out><![CDATA[2016-07-01 19:52:00.424  INFO 6560 --- [    Test worker] o.s.t.c.support.AbstractContextLoader    : Could not detect default resource locations for test class [com.uniritter.monitor.rest.TestHostController]: no resource found for suffixes {-context.xml, Context.groovy}.
2016-07-01 19:52:00.439  INFO 6560 --- [    Test worker] WebAppIntegrationTestContextBootstrapper : Loaded default TestExecutionListener class names from location [META-INF/spring.factories]: [org.springframework.test.context.web.ServletTestExecutionListener, org.springframework.test.context.support.DirtiesContextBeforeModesTestExecutionListener, org.springframework.test.context.support.DependencyInjectionTestExecutionListener, org.springframework.test.context.support.DirtiesContextTestExecutionListener, org.springframework.test.context.transaction.TransactionalTestExecutionListener, org.springframework.test.context.jdbc.SqlScriptsTestExecutionListener]
2016-07-01 19:52:00.439  INFO 6560 --- [    Test worker] WebAppIntegrationTestContextBootstrapper : Using TestExecutionListeners: [org.springframework.test.context.web.ServletTestExecutionListener@6ee9fb73, org.springframework.test.context.support.DirtiesContextBeforeModesTestExecutionListener@437b73e8, org.springframework.test.context.support.DependencyInjectionTestExecutionListener@5df6a6f4, org.springframework.test.context.support.DirtiesContextTestExecutionListener@6c4b0d5d, org.springframework.test.context.transaction.TransactionalTestExecutionListener@335a8c36, org.springframework.test.context.jdbc.SqlScriptsTestExecutionListener@7dab4790]
]]></system-out>
  <system-err><![CDATA[]]></system-err>
</testsuite>
