<?xml version="1.0" encoding="UTF-8"?>
<testsuite name="com.uniritter.monitor.persistence.TestMetricaRepository" tests="2" skipped="0" failures="0" errors="0" timestamp="2016-05-29T15:11:04" hostname="Note_Fontana" time="0.023">
  <properties/>
  <testcase name="testMetricaRepositorySave" classname="com.uniritter.monitor.persistence.TestMetricaRepository" time="0.0"/>
  <testcase name="testMetricaRepositoryGetList" classname="com.uniritter.monitor.persistence.TestMetricaRepository" time="0.021"/>
  <system-out><![CDATA[2016-05-29 12:11:04.387  INFO 5040 --- [    Test worker] o.s.t.c.support.AbstractContextLoader    : Could not detect default resource locations for test class [com.uniritter.monitor.persistence.TestMetricaRepository]: no resource found for suffixes {-context.xml, Context.groovy}.
2016-05-29 12:11:04.390  INFO 5040 --- [    Test worker] o.s.t.c.web.WebTestContextBootstrapper   : Loaded default TestExecutionListener class names from location [META-INF/spring.factories]: [org.springframework.test.context.web.ServletTestExecutionListener, org.springframework.test.context.support.DirtiesContextBeforeModesTestExecutionListener, org.springframework.test.context.support.DependencyInjectionTestExecutionListener, org.springframework.test.context.support.DirtiesContextTestExecutionListener, org.springframework.test.context.transaction.TransactionalTestExecutionListener, org.springframework.test.context.jdbc.SqlScriptsTestExecutionListener]
2016-05-29 12:11:04.390  INFO 5040 --- [    Test worker] o.s.t.c.web.WebTestContextBootstrapper   : Using TestExecutionListeners: [org.springframework.test.context.web.ServletTestExecutionListener@2a63ff12, org.springframework.test.context.support.DirtiesContextBeforeModesTestExecutionListener@7db9613b, org.springframework.test.context.support.DependencyInjectionTestExecutionListener@32a0a9b7, org.springframework.test.context.support.DirtiesContextTestExecutionListener@11d8a9a3, org.springframework.test.context.transaction.TransactionalTestExecutionListener@24764fe5, org.springframework.test.context.jdbc.SqlScriptsTestExecutionListener@12f052e9]
]]></system-out>
  <system-err><![CDATA[]]></system-err>
</testsuite>
