<?xml version="1.0" encoding="UTF-8"?>
<testsuite name="com.uniritter.monitor.rest.TestMetricaController" tests="7" skipped="0" failures="0" errors="0" timestamp="2016-07-01T22:52:00" hostname="ZS-LAB103-65023" time="0.898">
  <properties/>
  <testcase name="testDeleteMetricaInexistente" classname="com.uniritter.monitor.rest.TestMetricaController" time="0.015"/>
  <testcase name="testDeleteMetrica" classname="com.uniritter.monitor.rest.TestMetricaController" time="0.032"/>
  <testcase name="testGetMetricaInexistente" classname="com.uniritter.monitor.rest.TestMetricaController" time="0.015"/>
  <testcase name="testGetTodasMetricas" classname="com.uniritter.monitor.rest.TestMetricaController" time="0.711"/>
  <testcase name="testCreateMetrica" classname="com.uniritter.monitor.rest.TestMetricaController" time="0.016"/>
  <testcase name="testGetMetrica" classname="com.uniritter.monitor.rest.TestMetricaController" time="0.078"/>
  <testcase name="testCreateMetricaTipoInvalido" classname="com.uniritter.monitor.rest.TestMetricaController" time="0.031"/>
  <system-out><![CDATA[2016-07-01 19:52:00.841  INFO 6560 --- [    Test worker] o.s.t.c.support.AbstractContextLoader    : Could not detect default resource locations for test class [com.uniritter.monitor.rest.TestMetricaController]: no resource found for suffixes {-context.xml, Context.groovy}.
2016-07-01 19:52:00.841  INFO 6560 --- [    Test worker] WebAppIntegrationTestContextBootstrapper : Loaded default TestExecutionListener class names from location [META-INF/spring.factories]: [org.springframework.test.context.web.ServletTestExecutionListener, org.springframework.test.context.support.DirtiesContextBeforeModesTestExecutionListener, org.springframework.test.context.support.DependencyInjectionTestExecutionListener, org.springframework.test.context.support.DirtiesContextTestExecutionListener, org.springframework.test.context.transaction.TransactionalTestExecutionListener, org.springframework.test.context.jdbc.SqlScriptsTestExecutionListener]
2016-07-01 19:52:00.841  INFO 6560 --- [    Test worker] WebAppIntegrationTestContextBootstrapper : Using TestExecutionListeners: [org.springframework.test.context.web.ServletTestExecutionListener@322c7404, org.springframework.test.context.support.DirtiesContextBeforeModesTestExecutionListener@474cc58, org.springframework.test.context.support.DependencyInjectionTestExecutionListener@1013a7b1, org.springframework.test.context.support.DirtiesContextTestExecutionListener@7a665db5, org.springframework.test.context.transaction.TransactionalTestExecutionListener@569254da, org.springframework.test.context.jdbc.SqlScriptsTestExecutionListener@2100e09d]
]]></system-out>
  <system-err><![CDATA[]]></system-err>
</testsuite>
