<?xml version="1.0" encoding="UTF-8"?>
<testsuite name="com.uniritter.monitor.rest.TestHostGrupoController" tests="1" skipped="0" failures="0" errors="0" timestamp="2016-06-03T01:50:18" hostname="Note_Fontana" time="0.109">
  <properties/>
  <testcase name="testGetTipos" classname="com.uniritter.monitor.rest.TestHostGrupoController" time="0.109"/>
  <system-out><![CDATA[2016-06-02 22:50:18.852  INFO 5280 --- [    Test worker] o.s.t.c.support.AbstractContextLoader    : Could not detect default resource locations for test class [com.uniritter.monitor.rest.TestHostGrupoController]: no resource found for suffixes {-context.xml, Context.groovy}.
2016-06-02 22:50:18.856  INFO 5280 --- [    Test worker] WebAppIntegrationTestContextBootstrapper : Loaded default TestExecutionListener class names from location [META-INF/spring.factories]: [org.springframework.test.context.web.ServletTestExecutionListener, org.springframework.test.context.support.DirtiesContextBeforeModesTestExecutionListener, org.springframework.test.context.support.DependencyInjectionTestExecutionListener, org.springframework.test.context.support.DirtiesContextTestExecutionListener, org.springframework.test.context.transaction.TransactionalTestExecutionListener, org.springframework.test.context.jdbc.SqlScriptsTestExecutionListener]
2016-06-02 22:50:18.856  INFO 5280 --- [    Test worker] WebAppIntegrationTestContextBootstrapper : Using TestExecutionListeners: [org.springframework.test.context.web.ServletTestExecutionListener@1b6cb60, org.springframework.test.context.support.DirtiesContextBeforeModesTestExecutionListener@4407a4af, org.springframework.test.context.support.DependencyInjectionTestExecutionListener@7071c2d6, org.springframework.test.context.support.DirtiesContextTestExecutionListener@2f9a2939, org.springframework.test.context.transaction.TransactionalTestExecutionListener@18400a61, org.springframework.test.context.jdbc.SqlScriptsTestExecutionListener@619bf71a]
]]></system-out>
  <system-err><![CDATA[]]></system-err>
</testsuite>
