<?xml version="1.0" encoding="UTF-8"?>
<testsuite name="com.uniritter.monitor.domain.TestMedicaoService" tests="3" skipped="0" failures="0" errors="0" timestamp="2016-07-01T23:38:26" hostname="ZS-LAB103-65023" time="0.049">
  <properties/>
  <testcase name="testGetMedicoes" classname="com.uniritter.monitor.domain.TestMedicaoService" time="0.006"/>
  <testcase name="testCreateMedicao" classname="com.uniritter.monitor.domain.TestMedicaoService" time="0.018"/>
  <testcase name="testDisparaNotificaoAlertaValidoParaMedicaoRealizada" classname="com.uniritter.monitor.domain.TestMedicaoService" time="0.023"/>
  <system-out><![CDATA[2016-07-01 20:38:26.968  INFO 7228 --- [    Test worker] o.s.t.c.support.AbstractContextLoader    : Could not detect default resource locations for test class [com.uniritter.monitor.domain.TestMedicaoService]: no resource found for suffixes {-context.xml, Context.groovy}.
2016-07-01 20:38:26.970  INFO 7228 --- [    Test worker] o.s.t.c.web.WebTestContextBootstrapper   : Loaded default TestExecutionListener class names from location [META-INF/spring.factories]: [org.springframework.test.context.web.ServletTestExecutionListener, org.springframework.test.context.support.DirtiesContextBeforeModesTestExecutionListener, org.springframework.test.context.support.DependencyInjectionTestExecutionListener, org.springframework.test.context.support.DirtiesContextTestExecutionListener, org.springframework.test.context.transaction.TransactionalTestExecutionListener, org.springframework.test.context.jdbc.SqlScriptsTestExecutionListener]
2016-07-01 20:38:26.970  INFO 7228 --- [    Test worker] o.s.t.c.web.WebTestContextBootstrapper   : Using TestExecutionListeners: [org.springframework.test.context.web.ServletTestExecutionListener@5464f610, org.springframework.test.context.support.DirtiesContextBeforeModesTestExecutionListener@3056bfb9, org.springframework.test.context.support.DependencyInjectionTestExecutionListener@f45237a, org.springframework.test.context.support.DirtiesContextTestExecutionListener@41c266b, org.springframework.test.context.transaction.TransactionalTestExecutionListener@541e3ce8, org.springframework.test.context.jdbc.SqlScriptsTestExecutionListener@d30ce7d]
]]></system-out>
  <system-err><![CDATA[]]></system-err>
</testsuite>
