<?xml version="1.0" encoding="UTF-8"?>
<testsuite name="com.uniritter.monitor.persistence.TestAlertaDao" tests="4" skipped="0" failures="0" errors="0" timestamp="2016-07-01T21:37:26" hostname="ZS-LAB103-65023" time="0.064">
  <properties/>
  <testcase name="testAlertaDaoGetById" classname="com.uniritter.monitor.persistence.TestAlertaDao" time="0.002"/>
  <testcase name="testAlertaDaoGetList" classname="com.uniritter.monitor.persistence.TestAlertaDao" time="0.045"/>
  <testcase name="testAlertaDaoCreate" classname="com.uniritter.monitor.persistence.TestAlertaDao" time="0.001"/>
  <testcase name="testAlertaDaoGetFromParent" classname="com.uniritter.monitor.persistence.TestAlertaDao" time="0.013"/>
  <system-out><![CDATA[2016-07-01 18:37:26.957  INFO 8124 --- [    Test worker] o.s.t.c.support.AbstractContextLoader    : Could not detect default resource locations for test class [com.uniritter.monitor.persistence.TestAlertaDao]: no resource found for suffixes {-context.xml, Context.groovy}.
2016-07-01 18:37:26.959  INFO 8124 --- [    Test worker] o.s.t.c.web.WebTestContextBootstrapper   : Loaded default TestExecutionListener class names from location [META-INF/spring.factories]: [org.springframework.test.context.web.ServletTestExecutionListener, org.springframework.test.context.support.DirtiesContextBeforeModesTestExecutionListener, org.springframework.test.context.support.DependencyInjectionTestExecutionListener, org.springframework.test.context.support.DirtiesContextTestExecutionListener, org.springframework.test.context.transaction.TransactionalTestExecutionListener, org.springframework.test.context.jdbc.SqlScriptsTestExecutionListener]
2016-07-01 18:37:26.960  INFO 8124 --- [    Test worker] o.s.t.c.web.WebTestContextBootstrapper   : Using TestExecutionListeners: [org.springframework.test.context.web.ServletTestExecutionListener@7ffb43d1, org.springframework.test.context.support.DirtiesContextBeforeModesTestExecutionListener@49218ffb, org.springframework.test.context.support.DependencyInjectionTestExecutionListener@3a73cd3f, org.springframework.test.context.support.DirtiesContextTestExecutionListener@8a80114, org.springframework.test.context.transaction.TransactionalTestExecutionListener@4ddecc7c, org.springframework.test.context.jdbc.SqlScriptsTestExecutionListener@5e4308d4]
]]></system-out>
  <system-err><![CDATA[]]></system-err>
</testsuite>
