<?xml version="1.0" encoding="UTF-8"?>
<testsuite name="com.uniritter.monitor.persistence.TestMetricaDao" tests="5" skipped="0" failures="0" errors="0" timestamp="2016-07-01T21:37:27" hostname="ZS-LAB103-65023" time="0.085">
  <properties/>
  <testcase name="testDataBase" classname="com.uniritter.monitor.persistence.TestMetricaDao" time="0.046"/>
  <testcase name="testMetricaDaoRegisterNotExist" classname="com.uniritter.monitor.persistence.TestMetricaDao" time="0.0"/>
  <testcase name="testMetricaDaoGetList" classname="com.uniritter.monitor.persistence.TestMetricaDao" time="0.035"/>
  <testcase name="testMetricaDaoRegisterExist" classname="com.uniritter.monitor.persistence.TestMetricaDao" time="0.001"/>
  <testcase name="testMetricaDaoCreate" classname="com.uniritter.monitor.persistence.TestMetricaDao" time="0.001"/>
  <system-out><![CDATA[2016-07-01 18:37:27.106  INFO 8124 --- [    Test worker] o.s.t.c.support.AbstractContextLoader    : Could not detect default resource locations for test class [com.uniritter.monitor.persistence.TestMetricaDao]: no resource found for suffixes {-context.xml, Context.groovy}.
2016-07-01 18:37:27.108  INFO 8124 --- [    Test worker] o.s.t.c.web.WebTestContextBootstrapper   : Loaded default TestExecutionListener class names from location [META-INF/spring.factories]: [org.springframework.test.context.web.ServletTestExecutionListener, org.springframework.test.context.support.DirtiesContextBeforeModesTestExecutionListener, org.springframework.test.context.support.DependencyInjectionTestExecutionListener, org.springframework.test.context.support.DirtiesContextTestExecutionListener, org.springframework.test.context.transaction.TransactionalTestExecutionListener, org.springframework.test.context.jdbc.SqlScriptsTestExecutionListener]
2016-07-01 18:37:27.109  INFO 8124 --- [    Test worker] o.s.t.c.web.WebTestContextBootstrapper   : Using TestExecutionListeners: [org.springframework.test.context.web.ServletTestExecutionListener@533bbdf3, org.springframework.test.context.support.DirtiesContextBeforeModesTestExecutionListener@7733c735, org.springframework.test.context.support.DependencyInjectionTestExecutionListener@685ba5b6, org.springframework.test.context.support.DirtiesContextTestExecutionListener@58dc8540, org.springframework.test.context.transaction.TransactionalTestExecutionListener@75b05a53, org.springframework.test.context.jdbc.SqlScriptsTestExecutionListener@cfa3b82]
]]></system-out>
  <system-err><![CDATA[]]></system-err>
</testsuite>
