<?xml version="1.0" encoding="UTF-8"?>
<testsuite name="com.uniritter.monitor.domain.TestMedicaoService" tests="3" skipped="0" failures="0" errors="0" timestamp="2016-06-26T15:07:08" hostname="Note_Fontana" time="0.073">
  <properties/>
  <testcase name="testGetMedicoes" classname="com.uniritter.monitor.domain.TestMedicaoService" time="0.009"/>
  <testcase name="testCreateMedicao" classname="com.uniritter.monitor.domain.TestMedicaoService" time="0.022"/>
  <testcase name="testDisparaNotificaoAlertaValidoParaMedicaoRealizada" classname="com.uniritter.monitor.domain.TestMedicaoService" time="0.039"/>
  <system-out><![CDATA[2016-06-26 12:07:08.348  INFO 3284 --- [    Test worker] o.s.t.c.support.AbstractContextLoader    : Could not detect default resource locations for test class [com.uniritter.monitor.domain.TestMedicaoService]: no resource found for suffixes {-context.xml, Context.groovy}.
2016-06-26 12:07:08.352  INFO 3284 --- [    Test worker] o.s.t.c.web.WebTestContextBootstrapper   : Loaded default TestExecutionListener class names from location [META-INF/spring.factories]: [org.springframework.test.context.web.ServletTestExecutionListener, org.springframework.test.context.support.DirtiesContextBeforeModesTestExecutionListener, org.springframework.test.context.support.DependencyInjectionTestExecutionListener, org.springframework.test.context.support.DirtiesContextTestExecutionListener, org.springframework.test.context.transaction.TransactionalTestExecutionListener, org.springframework.test.context.jdbc.SqlScriptsTestExecutionListener]
2016-06-26 12:07:08.352  INFO 3284 --- [    Test worker] o.s.t.c.web.WebTestContextBootstrapper   : Using TestExecutionListeners: [org.springframework.test.context.web.ServletTestExecutionListener@d4d39ef, org.springframework.test.context.support.DirtiesContextBeforeModesTestExecutionListener@252b3bc, org.springframework.test.context.support.DependencyInjectionTestExecutionListener@c491246, org.springframework.test.context.support.DirtiesContextTestExecutionListener@39f8f679, org.springframework.test.context.transaction.TransactionalTestExecutionListener@5d9e22e8, org.springframework.test.context.jdbc.SqlScriptsTestExecutionListener@4ac6b5b4]
]]></system-out>
  <system-err><![CDATA[]]></system-err>
</testsuite>
