<?xml version="1.0" encoding="UTF-8"?>
<testsuite name="com.uniritter.monitor.rest.TestAlertaRegraController" tests="1" skipped="0" failures="0" errors="0" timestamp="2016-06-12T14:37:22" hostname="Note_Fontana" time="0.035">
  <properties/>
  <testcase name="testGetRegras" classname="com.uniritter.monitor.rest.TestAlertaRegraController" time="0.035"/>
  <system-out><![CDATA[2016-06-12 11:37:22.817  INFO 5216 --- [    Test worker] o.s.t.c.support.AbstractContextLoader    : Could not detect default resource locations for test class [com.uniritter.monitor.rest.TestAlertaRegraController]: no resource found for suffixes {-context.xml, Context.groovy}.
2016-06-12 11:37:22.823  INFO 5216 --- [    Test worker] WebAppIntegrationTestContextBootstrapper : Loaded default TestExecutionListener class names from location [META-INF/spring.factories]: [org.springframework.test.context.web.ServletTestExecutionListener, org.springframework.test.context.support.DirtiesContextBeforeModesTestExecutionListener, org.springframework.test.context.support.DependencyInjectionTestExecutionListener, org.springframework.test.context.support.DirtiesContextTestExecutionListener, org.springframework.test.context.transaction.TransactionalTestExecutionListener, org.springframework.test.context.jdbc.SqlScriptsTestExecutionListener]
2016-06-12 11:37:22.823  INFO 5216 --- [    Test worker] WebAppIntegrationTestContextBootstrapper : Using TestExecutionListeners: [org.springframework.test.context.web.ServletTestExecutionListener@ad9034d, org.springframework.test.context.support.DirtiesContextBeforeModesTestExecutionListener@63344fe8, org.springframework.test.context.support.DependencyInjectionTestExecutionListener@26b0e58f, org.springframework.test.context.support.DirtiesContextTestExecutionListener@5592cd19, org.springframework.test.context.transaction.TransactionalTestExecutionListener@17937f8d, org.springframework.test.context.jdbc.SqlScriptsTestExecutionListener@56193998]
]]></system-out>
  <system-err><![CDATA[]]></system-err>
</testsuite>
