<?xml version="1.0" encoding="UTF-8"?>
<testsuite name="com.uniritter.monitor.rest.TestMetricaTipoController" tests="1" skipped="0" failures="0" errors="0" timestamp="2016-06-03T01:50:19" hostname="Note_Fontana" time="0.029">
  <properties/>
  <testcase name="testGetTipos" classname="com.uniritter.monitor.rest.TestMetricaTipoController" time="0.029"/>
  <system-out><![CDATA[2016-06-02 22:50:19.537  INFO 5280 --- [    Test worker] o.s.t.c.support.AbstractContextLoader    : Could not detect default resource locations for test class [com.uniritter.monitor.rest.TestMetricaTipoController]: no resource found for suffixes {-context.xml, Context.groovy}.
2016-06-02 22:50:19.547  INFO 5280 --- [    Test worker] WebAppIntegrationTestContextBootstrapper : Loaded default TestExecutionListener class names from location [META-INF/spring.factories]: [org.springframework.test.context.web.ServletTestExecutionListener, org.springframework.test.context.support.DirtiesContextBeforeModesTestExecutionListener, org.springframework.test.context.support.DependencyInjectionTestExecutionListener, org.springframework.test.context.support.DirtiesContextTestExecutionListener, org.springframework.test.context.transaction.TransactionalTestExecutionListener, org.springframework.test.context.jdbc.SqlScriptsTestExecutionListener]
2016-06-02 22:50:19.547  INFO 5280 --- [    Test worker] WebAppIntegrationTestContextBootstrapper : Using TestExecutionListeners: [org.springframework.test.context.web.ServletTestExecutionListener@32002953, org.springframework.test.context.support.DirtiesContextBeforeModesTestExecutionListener@5d2c2145, org.springframework.test.context.support.DependencyInjectionTestExecutionListener@2e2be6ac, org.springframework.test.context.support.DirtiesContextTestExecutionListener@3b88e7d7, org.springframework.test.context.transaction.TransactionalTestExecutionListener@8f10b44, org.springframework.test.context.jdbc.SqlScriptsTestExecutionListener@34eb3516]
]]></system-out>
  <system-err><![CDATA[]]></system-err>
</testsuite>
