<?xml version="1.0" encoding="UTF-8"?>
<testsuite name="com.uniritter.monitor.persistence.TestMetricaDao" tests="3" skipped="0" failures="0" errors="0" timestamp="2016-06-19T13:32:43" hostname="Note_Fontana" time="0.08">
  <properties/>
  <testcase name="testDataBase" classname="com.uniritter.monitor.persistence.TestMetricaDao" time="0.053"/>
  <testcase name="testMetricaDaoGetList" classname="com.uniritter.monitor.persistence.TestMetricaDao" time="0.022"/>
  <testcase name="testMetricaDaoCreate" classname="com.uniritter.monitor.persistence.TestMetricaDao" time="0.003"/>
  <system-out><![CDATA[2016-06-19 10:32:43.647  INFO 2012 --- [    Test worker] o.s.t.c.support.AbstractContextLoader    : Could not detect default resource locations for test class [com.uniritter.monitor.persistence.TestMetricaDao]: no resource found for suffixes {-context.xml, Context.groovy}.
2016-06-19 10:32:43.653  INFO 2012 --- [    Test worker] o.s.t.c.web.WebTestContextBootstrapper   : Loaded default TestExecutionListener class names from location [META-INF/spring.factories]: [org.springframework.test.context.web.ServletTestExecutionListener, org.springframework.test.context.support.DirtiesContextBeforeModesTestExecutionListener, org.springframework.test.context.support.DependencyInjectionTestExecutionListener, org.springframework.test.context.support.DirtiesContextTestExecutionListener, org.springframework.test.context.transaction.TransactionalTestExecutionListener, org.springframework.test.context.jdbc.SqlScriptsTestExecutionListener]
2016-06-19 10:32:43.654  INFO 2012 --- [    Test worker] o.s.t.c.web.WebTestContextBootstrapper   : Using TestExecutionListeners: [org.springframework.test.context.web.ServletTestExecutionListener@5027b2d6, org.springframework.test.context.support.DirtiesContextBeforeModesTestExecutionListener@1639a890, org.springframework.test.context.support.DependencyInjectionTestExecutionListener@4f442e47, org.springframework.test.context.support.DirtiesContextTestExecutionListener@54cdc497, org.springframework.test.context.transaction.TransactionalTestExecutionListener@39917dda, org.springframework.test.context.jdbc.SqlScriptsTestExecutionListener@62b73f50]
]]></system-out>
  <system-err><![CDATA[]]></system-err>
</testsuite>
