<?xml version="1.0" encoding="UTF-8"?>
<testsuite name="com.uniritter.monitor.domain.TestHostService" tests="3" skipped="0" failures="0" errors="0" timestamp="2016-07-01T21:37:25" hostname="ZS-LAB103-65023" time="0.501">
  <properties/>
  <testcase name="testSalvarHostVazio" classname="com.uniritter.monitor.domain.TestHostService" time="0.39"/>
  <testcase name="testGetHosts" classname="com.uniritter.monitor.domain.TestHostService" time="0.105"/>
  <testcase name="testCreateHost" classname="com.uniritter.monitor.domain.TestHostService" time="0.005"/>
  <system-out><![CDATA[2016-07-01 18:37:25.681  INFO 8124 --- [    Test worker] o.s.t.c.support.AbstractContextLoader    : Could not detect default resource locations for test class [com.uniritter.monitor.domain.TestHostService]: no resource found for suffixes {-context.xml, Context.groovy}.
2016-07-01 18:37:25.683  INFO 8124 --- [    Test worker] o.s.t.c.web.WebTestContextBootstrapper   : Loaded default TestExecutionListener class names from location [META-INF/spring.factories]: [org.springframework.test.context.web.ServletTestExecutionListener, org.springframework.test.context.support.DirtiesContextBeforeModesTestExecutionListener, org.springframework.test.context.support.DependencyInjectionTestExecutionListener, org.springframework.test.context.support.DirtiesContextTestExecutionListener, org.springframework.test.context.transaction.TransactionalTestExecutionListener, org.springframework.test.context.jdbc.SqlScriptsTestExecutionListener]
2016-07-01 18:37:25.683  INFO 8124 --- [    Test worker] o.s.t.c.web.WebTestContextBootstrapper   : Using TestExecutionListeners: [org.springframework.test.context.web.ServletTestExecutionListener@65e221bd, org.springframework.test.context.support.DirtiesContextBeforeModesTestExecutionListener@6115338c, org.springframework.test.context.support.DependencyInjectionTestExecutionListener@36eb5e1f, org.springframework.test.context.support.DirtiesContextTestExecutionListener@16706164, org.springframework.test.context.transaction.TransactionalTestExecutionListener@2c09f7be, org.springframework.test.context.jdbc.SqlScriptsTestExecutionListener@4267f188]
2016-07-01 18:37:25.698  INFO 8124 --- [    Test worker] o.s.b.f.xml.XmlBeanDefinitionReader      : Loading XML bean definitions from class path resource [org/springframework/jdbc/support/sql-error-codes.xml]
2016-07-01 18:37:26.074  INFO 8124 --- [    Test worker] o.s.jdbc.support.SQLErrorCodesFactory    : SQLErrorCodes loaded: [DB2, Derby, H2, HSQL, Informix, MS-SQL, MySQL, Oracle, PostgreSQL, Sybase, Hana]
]]></system-out>
  <system-err><![CDATA[]]></system-err>
</testsuite>
