<?xml version="1.0" encoding="UTF-8"?>
<testsuite name="com.uniritter.monitor.domain.TestMetricaService" tests="1" skipped="0" failures="0" errors="0" timestamp="2016-05-29T11:03:04" hostname="Note_Fontana" time="0.001">
  <properties/>
  <testcase name="testCriarNovaMetrica" classname="com.uniritter.monitor.domain.TestMetricaService" time="0.001"/>
  <system-out><![CDATA[]]></system-out>
  <system-err><![CDATA[]]></system-err>
</testsuite>
