<?xml version="1.0" encoding="UTF-8"?>
<testsuite name="com.uniritter.monitor.persistence.TestMetricaRepository" tests="2" skipped="0" failures="0" errors="0" timestamp="2016-06-17T00:59:09" hostname="Note_Fontana" time="0.03">
  <properties/>
  <testcase name="testMetricaRepositorySave" classname="com.uniritter.monitor.persistence.TestMetricaRepository" time="0.0"/>
  <testcase name="testMetricaRepositoryGetList" classname="com.uniritter.monitor.persistence.TestMetricaRepository" time="0.029"/>
  <system-out><![CDATA[2016-06-16 21:59:09.897  INFO 5164 --- [    Test worker] o.s.t.c.support.AbstractContextLoader    : Could not detect default resource locations for test class [com.uniritter.monitor.persistence.TestMetricaRepository]: no resource found for suffixes {-context.xml, Context.groovy}.
2016-06-16 21:59:09.900  INFO 5164 --- [    Test worker] o.s.t.c.web.WebTestContextBootstrapper   : Loaded default TestExecutionListener class names from location [META-INF/spring.factories]: [org.springframework.test.context.web.ServletTestExecutionListener, org.springframework.test.context.support.DirtiesContextBeforeModesTestExecutionListener, org.springframework.test.context.support.DependencyInjectionTestExecutionListener, org.springframework.test.context.support.DirtiesContextTestExecutionListener, org.springframework.test.context.transaction.TransactionalTestExecutionListener, org.springframework.test.context.jdbc.SqlScriptsTestExecutionListener]
2016-06-16 21:59:09.901  INFO 5164 --- [    Test worker] o.s.t.c.web.WebTestContextBootstrapper   : Using TestExecutionListeners: [org.springframework.test.context.web.ServletTestExecutionListener@35451b80, org.springframework.test.context.support.DirtiesContextBeforeModesTestExecutionListener@54c6b50f, org.springframework.test.context.support.DependencyInjectionTestExecutionListener@4767c859, org.springframework.test.context.support.DirtiesContextTestExecutionListener@16d5b423, org.springframework.test.context.transaction.TransactionalTestExecutionListener@b512462, org.springframework.test.context.jdbc.SqlScriptsTestExecutionListener@6a5e96ca]
]]></system-out>
  <system-err><![CDATA[]]></system-err>
</testsuite>
