<?xml version="1.0" encoding="UTF-8"?>
<testsuite name="com.uniritter.monitor.domain.TestHostService" tests="2" skipped="0" failures="0" errors="0" timestamp="2016-06-17T21:38:24" hostname="ZS-LAB103-65023" time="0.089">
  <properties/>
  <testcase name="testGetHosts" classname="com.uniritter.monitor.domain.TestHostService" time="0.082"/>
  <testcase name="testCreateHost" classname="com.uniritter.monitor.domain.TestHostService" time="0.006"/>
  <system-out><![CDATA[2016-06-17 18:38:24.268  INFO 5636 --- [    Test worker] o.s.t.c.support.AbstractContextLoader    : Could not detect default resource locations for test class [com.uniritter.monitor.domain.TestHostService]: no resource found for suffixes {-context.xml, Context.groovy}.
2016-06-17 18:38:24.270  INFO 5636 --- [    Test worker] o.s.t.c.web.WebTestContextBootstrapper   : Loaded default TestExecutionListener class names from location [META-INF/spring.factories]: [org.springframework.test.context.web.ServletTestExecutionListener, org.springframework.test.context.support.DirtiesContextBeforeModesTestExecutionListener, org.springframework.test.context.support.DependencyInjectionTestExecutionListener, org.springframework.test.context.support.DirtiesContextTestExecutionListener, org.springframework.test.context.transaction.TransactionalTestExecutionListener, org.springframework.test.context.jdbc.SqlScriptsTestExecutionListener]
2016-06-17 18:38:24.270  INFO 5636 --- [    Test worker] o.s.t.c.web.WebTestContextBootstrapper   : Using TestExecutionListeners: [org.springframework.test.context.web.ServletTestExecutionListener@11bae633, org.springframework.test.context.support.DirtiesContextBeforeModesTestExecutionListener@55f275d, org.springframework.test.context.support.DependencyInjectionTestExecutionListener@2a114d6c, org.springframework.test.context.support.DirtiesContextTestExecutionListener@55f20307, org.springframework.test.context.transaction.TransactionalTestExecutionListener@3a4eca6, org.springframework.test.context.jdbc.SqlScriptsTestExecutionListener@40ac8828]
]]></system-out>
  <system-err><![CDATA[]]></system-err>
</testsuite>
