<?xml version="1.0" encoding="UTF-8"?>
<testsuite name="com.uniritter.monitor.rest.TestHostController" tests="2" skipped="0" failures="0" errors="0" timestamp="2016-06-17T21:38:28" hostname="ZS-LAB103-65023" time="0.07">
  <properties/>
  <testcase name="testCreateHost" classname="com.uniritter.monitor.rest.TestHostController" time="0.022"/>
  <testcase name="testGetTodoHostsDaMetrica" classname="com.uniritter.monitor.rest.TestHostController" time="0.048"/>
  <system-out><![CDATA[2016-06-17 18:38:28.292  INFO 5636 --- [    Test worker] o.s.t.c.support.AbstractContextLoader    : Could not detect default resource locations for test class [com.uniritter.monitor.rest.TestHostController]: no resource found for suffixes {-context.xml, Context.groovy}.
2016-06-17 18:38:28.294  INFO 5636 --- [    Test worker] WebAppIntegrationTestContextBootstrapper : Loaded default TestExecutionListener class names from location [META-INF/spring.factories]: [org.springframework.test.context.web.ServletTestExecutionListener, org.springframework.test.context.support.DirtiesContextBeforeModesTestExecutionListener, org.springframework.test.context.support.DependencyInjectionTestExecutionListener, org.springframework.test.context.support.DirtiesContextTestExecutionListener, org.springframework.test.context.transaction.TransactionalTestExecutionListener, org.springframework.test.context.jdbc.SqlScriptsTestExecutionListener]
2016-06-17 18:38:28.294  INFO 5636 --- [    Test worker] WebAppIntegrationTestContextBootstrapper : Using TestExecutionListeners: [org.springframework.test.context.web.ServletTestExecutionListener@7b452527, org.springframework.test.context.support.DirtiesContextBeforeModesTestExecutionListener@788a62aa, org.springframework.test.context.support.DependencyInjectionTestExecutionListener@4553c4b9, org.springframework.test.context.support.DirtiesContextTestExecutionListener@7e98713d, org.springframework.test.context.transaction.TransactionalTestExecutionListener@4a329cb9, org.springframework.test.context.jdbc.SqlScriptsTestExecutionListener@40cf5bbd]
]]></system-out>
  <system-err><![CDATA[]]></system-err>
</testsuite>
