<?xml version="1.0" encoding="UTF-8"?>
<testsuite name="com.uniritter.monitor.domain.TestMetricaService" tests="2" skipped="0" failures="0" errors="0" timestamp="2016-06-01T01:39:58" hostname="Note_Fontana" time="0.968">
  <properties/>
  <testcase name="testMetricaService" classname="com.uniritter.monitor.domain.TestMetricaService" time="0.966"/>
  <testcase name="testCriarNovaMetrica" classname="com.uniritter.monitor.domain.TestMetricaService" time="0.001"/>
  <system-out><![CDATA[22:39:50.989 [Test worker] DEBUG o.s.t.c.j.SpringJUnit4ClassRunner - SpringJUnit4ClassRunner constructor called with [class com.uniritter.monitor.domain.TestMetricaService]
22:39:51.001 [Test worker] DEBUG o.s.test.context.BootstrapUtils - Instantiating CacheAwareContextLoaderDelegate from class [org.springframework.test.context.cache.DefaultCacheAwareContextLoaderDelegate]
22:39:51.014 [Test worker] DEBUG o.s.test.context.BootstrapUtils - Instantiating BootstrapContext using constructor [public org.springframework.test.context.support.DefaultBootstrapContext(java.lang.Class,org.springframework.test.context.CacheAwareContextLoaderDelegate)]
22:39:51.037 [Test worker] DEBUG o.s.test.context.BootstrapUtils - Instantiating TestContextBootstrapper for test class [com.uniritter.monitor.domain.TestMetricaService] from class [org.springframework.test.context.web.WebTestContextBootstrapper]
22:39:51.079 [Test worker] DEBUG o.s.t.c.w.WebTestContextBootstrapper - Found explicit ContextLoader class [org.springframework.boot.test.SpringApplicationContextLoader] for context configuration attributes [ContextConfigurationAttributes@27e4234f declaringClass = 'com.uniritter.monitor.domain.TestMetricaService', classes = '{class com.uniritter.monitor.MonitorApplication}', locations = '{}', inheritLocations = true, initializers = '{}', inheritInitializers = true, name = [null], contextLoaderClass = 'org.springframework.boot.test.SpringApplicationContextLoader']
22:39:51.094 [Test worker] DEBUG o.s.t.c.s.AbstractContextLoader - Did not detect default resource location for test class [com.uniritter.monitor.domain.TestMetricaService]: class path resource [com/uniritter/monitor/domain/TestMetricaService-context.xml] does not exist
22:39:51.095 [Test worker] DEBUG o.s.t.c.s.AbstractContextLoader - Did not detect default resource location for test class [com.uniritter.monitor.domain.TestMetricaService]: class path resource [com/uniritter/monitor/domain/TestMetricaServiceContext.groovy] does not exist
22:39:51.095 [Test worker] INFO  o.s.t.c.s.AbstractContextLoader - Could not detect default resource locations for test class [com.uniritter.monitor.domain.TestMetricaService]: no resource found for suffixes {-context.xml, Context.groovy}.
22:39:51.099 [Test worker] DEBUG o.s.t.c.support.ActiveProfilesUtils - Could not find an 'annotation declaring class' for annotation type [org.springframework.test.context.ActiveProfiles] and class [com.uniritter.monitor.domain.TestMetricaService]
22:39:51.106 [Test worker] DEBUG o.s.t.c.w.WebTestContextBootstrapper - @TestExecutionListeners is not present for class [com.uniritter.monitor.domain.TestMetricaService]: using defaults.
22:39:51.121 [Test worker] INFO  o.s.t.c.w.WebTestContextBootstrapper - Loaded default TestExecutionListener class names from location [META-INF/spring.factories]: [org.springframework.test.context.web.ServletTestExecutionListener, org.springframework.test.context.support.DirtiesContextBeforeModesTestExecutionListener, org.springframework.test.context.support.DependencyInjectionTestExecutionListener, org.springframework.test.context.support.DirtiesContextTestExecutionListener, org.springframework.test.context.transaction.TransactionalTestExecutionListener, org.springframework.test.context.jdbc.SqlScriptsTestExecutionListener]
22:39:51.160 [Test worker] INFO  o.s.t.c.w.WebTestContextBootstrapper - Using TestExecutionListeners: [org.springframework.test.context.web.ServletTestExecutionListener@7f02f973, org.springframework.test.context.support.DirtiesContextBeforeModesTestExecutionListener@5d76a7ee, org.springframework.test.context.support.DependencyInjectionTestExecutionListener@6a105d2e, org.springframework.test.context.support.DirtiesContextTestExecutionListener@47883fe9, org.springframework.test.context.transaction.TransactionalTestExecutionListener@2f298f0a, org.springframework.test.context.jdbc.SqlScriptsTestExecutionListener@470804d6]
22:39:51.166 [Test worker] DEBUG o.s.t.annotation.ProfileValueUtils - Retrieved @ProfileValueSourceConfiguration [null] for test class [com.uniritter.monitor.domain.TestMetricaService]
22:39:51.168 [Test worker] DEBUG o.s.t.annotation.ProfileValueUtils - Retrieved ProfileValueSource type [class org.springframework.test.annotation.SystemProfileValueSource] for class [com.uniritter.monitor.domain.TestMetricaService]
22:39:51.170 [Test worker] DEBUG o.s.t.annotation.ProfileValueUtils - Retrieved @ProfileValueSourceConfiguration [null] for test class [com.uniritter.monitor.domain.TestMetricaService]
22:39:51.170 [Test worker] DEBUG o.s.t.annotation.ProfileValueUtils - Retrieved ProfileValueSource type [class org.springframework.test.annotation.SystemProfileValueSource] for class [com.uniritter.monitor.domain.TestMetricaService]
22:39:51.175 [Test worker] DEBUG o.s.t.c.s.AbstractDirtiesContextTestExecutionListener - Before test class: context [DefaultTestContext@36a3136b testClass = TestMetricaService, testInstance = [null], testMethod = [null], testException = [null], mergedContextConfiguration = [WebMergedContextConfiguration@32b104a0 testClass = TestMetricaService, locations = '{}', classes = '{class com.uniritter.monitor.MonitorApplication}', contextInitializerClasses = '[]', activeProfiles = '{}', propertySourceLocations = '{}', propertySourceProperties = '{}', resourceBasePath = 'src/main/webapp', contextLoader = 'org.springframework.boot.test.SpringApplicationContextLoader', parent = [null]]], class annotated with @DirtiesContext [false] with mode [null].
22:39:51.177 [Test worker] DEBUG o.s.t.annotation.ProfileValueUtils - Retrieved @ProfileValueSourceConfiguration [null] for test class [com.uniritter.monitor.domain.TestMetricaService]
22:39:51.177 [Test worker] DEBUG o.s.t.annotation.ProfileValueUtils - Retrieved ProfileValueSource type [class org.springframework.test.annotation.SystemProfileValueSource] for class [com.uniritter.monitor.domain.TestMetricaService]
22:39:51.326 [Test worker] DEBUG o.s.core.env.StandardEnvironment - Adding [systemProperties] PropertySource with lowest search precedence
22:39:51.328 [Test worker] DEBUG o.s.core.env.StandardEnvironment - Adding [systemEnvironment] PropertySource with lowest search precedence
22:39:51.328 [Test worker] DEBUG o.s.core.env.StandardEnvironment - Initialized StandardEnvironment with PropertySources [systemProperties,systemEnvironment]
22:39:51.332 [Test worker] DEBUG o.s.core.env.StandardEnvironment - Adding [integrationTest] PropertySource with search precedence immediately lower than [systemEnvironment]

  .   ____          _            __ _ _
 /\\ / ___'_ __ _ _(_)_ __  __ _ \ \ \ \
( ( )\___ | '_ | '_| | '_ \/ _` | \ \ \ \
 \\/  ___)| |_)| | | | | || (_| |  ) ) ) )
  '  |____| .__|_| |_|_| |_\__, | / / / /
 =========|_|==============|___/=/_/_/_/
 :: Spring Boot ::        (v1.3.3.RELEASE)

2016-05-31 22:39:52.850  INFO 668 --- [    Test worker] c.u.monitor.domain.TestMetricaService    : Starting TestMetricaService on Note_Fontana with PID 668 (C:\Users\Eduardo\Desktop\workspaceEclipse\monitor\build\classes\test started by Eduardo in C:\Users\Eduardo\Desktop\workspaceEclipse\monitor)
2016-05-31 22:39:52.850  INFO 668 --- [    Test worker] c.u.monitor.domain.TestMetricaService    : No active profile set, falling back to default profiles: default
2016-05-31 22:39:52.984  INFO 668 --- [    Test worker] o.s.w.c.s.GenericWebApplicationContext   : Refreshing org.springframework.web.context.support.GenericWebApplicationContext@6b868cf3: startup date [Tue May 31 22:39:52 GMT-03:00 2016]; root of context hierarchy
2016-05-31 22:39:54.594  INFO 668 --- [    Test worker] o.s.b.f.s.DefaultListableBeanFactory     : Overriding bean definition for bean 'requestContextFilter' with a different definition: replacing [Root bean: class [null]; scope=; abstract=false; lazyInit=false; autowireMode=3; dependencyCheck=0; autowireCandidate=true; primary=false; factoryBeanName=org.springframework.boot.autoconfigure.jersey.JerseyAutoConfiguration; factoryMethodName=requestContextFilter; initMethodName=null; destroyMethodName=(inferred); defined in class path resource [org/springframework/boot/autoconfigure/jersey/JerseyAutoConfiguration.class]] with [Root bean: class [null]; scope=; abstract=false; lazyInit=false; autowireMode=3; dependencyCheck=0; autowireCandidate=true; primary=false; factoryBeanName=org.springframework.boot.autoconfigure.web.WebMvcAutoConfiguration$WebMvcAutoConfigurationAdapter; factoryMethodName=requestContextFilter; initMethodName=null; destroyMethodName=(inferred); defined in class path resource [org/springframework/boot/autoconfigure/web/WebMvcAutoConfiguration$WebMvcAutoConfigurationAdapter.class]]
2016-05-31 22:39:54.596  INFO 668 --- [    Test worker] o.s.b.f.s.DefaultListableBeanFactory     : Overriding bean definition for bean 'beanNameViewResolver' with a different definition: replacing [Root bean: class [null]; scope=; abstract=false; lazyInit=false; autowireMode=3; dependencyCheck=0; autowireCandidate=true; primary=false; factoryBeanName=org.springframework.boot.autoconfigure.web.ErrorMvcAutoConfiguration$WhitelabelErrorViewConfiguration; factoryMethodName=beanNameViewResolver; initMethodName=null; destroyMethodName=(inferred); defined in class path resource [org/springframework/boot/autoconfigure/web/ErrorMvcAutoConfiguration$WhitelabelErrorViewConfiguration.class]] with [Root bean: class [null]; scope=; abstract=false; lazyInit=false; autowireMode=3; dependencyCheck=0; autowireCandidate=true; primary=false; factoryBeanName=org.springframework.boot.autoconfigure.web.WebMvcAutoConfiguration$WebMvcAutoConfigurationAdapter; factoryMethodName=beanNameViewResolver; initMethodName=null; destroyMethodName=(inferred); defined in class path resource [org/springframework/boot/autoconfigure/web/WebMvcAutoConfiguration$WebMvcAutoConfigurationAdapter.class]]
2016-05-31 22:39:55.270  INFO 668 --- [    Test worker] f.a.AutowiredAnnotationBeanPostProcessor : JSR-330 'javax.inject.Inject' annotation found and supported for autowiring
2016-05-31 22:39:55.428  INFO 668 --- [    Test worker] trationDelegate$BeanPostProcessorChecker : Bean 'org.springframework.transaction.annotation.ProxyTransactionManagementConfiguration' of type [class org.springframework.transaction.annotation.ProxyTransactionManagementConfiguration$$EnhancerBySpringCGLIB$$ebfbc64e] is not eligible for getting processed by all BeanPostProcessors (for example: not eligible for auto-proxying)
2016-05-31 22:39:57.216  INFO 668 --- [    Test worker] s.w.s.m.m.a.RequestMappingHandlerAdapter : Looking for @ControllerAdvice: org.springframework.web.context.support.GenericWebApplicationContext@6b868cf3: startup date [Tue May 31 22:39:52 GMT-03:00 2016]; root of context hierarchy
2016-05-31 22:39:57.343  INFO 668 --- [    Test worker] s.w.s.m.m.a.RequestMappingHandlerMapping : Mapped "{[/error]}" onto public org.springframework.http.ResponseEntity<java.util.Map<java.lang.String, java.lang.Object>> org.springframework.boot.autoconfigure.web.BasicErrorController.error(javax.servlet.http.HttpServletRequest)
2016-05-31 22:39:57.345  INFO 668 --- [    Test worker] s.w.s.m.m.a.RequestMappingHandlerMapping : Mapped "{[/error],produces=[text/html]}" onto public org.springframework.web.servlet.ModelAndView org.springframework.boot.autoconfigure.web.BasicErrorController.errorHtml(javax.servlet.http.HttpServletRequest,javax.servlet.http.HttpServletResponse)
2016-05-31 22:39:57.416  INFO 668 --- [    Test worker] o.s.w.s.handler.SimpleUrlHandlerMapping  : Mapped URL path [/webjars/**] onto handler of type [class org.springframework.web.servlet.resource.ResourceHttpRequestHandler]
2016-05-31 22:39:57.416  INFO 668 --- [    Test worker] o.s.w.s.handler.SimpleUrlHandlerMapping  : Mapped URL path [/**] onto handler of type [class org.springframework.web.servlet.resource.ResourceHttpRequestHandler]
2016-05-31 22:39:57.488  INFO 668 --- [    Test worker] o.s.w.s.handler.SimpleUrlHandlerMapping  : Mapped URL path [/**/favicon.ico] onto handler of type [class org.springframework.web.servlet.resource.ResourceHttpRequestHandler]
2016-05-31 22:39:58.452  WARN 668 --- [    Test worker] .s.b.a.a.EndpointWebMvcAutoConfiguration : Could not start embedded management container on different port (management endpoints are still available through JMX)
2016-05-31 22:39:58.479  INFO 668 --- [    Test worker] c.u.monitor.domain.TestMetricaService    : Started TestMetricaService in 7.13 seconds (JVM running for 9.126)
]]></system-out>
  <system-err><![CDATA[]]></system-err>
</testsuite>
