<?xml version="1.0" encoding="UTF-8"?>
<testsuite name="com.uniritter.monitor.domain.TestMetricaService" tests="3" skipped="0" failures="0" errors="0" timestamp="2016-06-03T21:36:48" hostname="ZS-LAB103-65023" time="0.073">
  <properties/>
  <testcase name="testGetMetricaComHosts" classname="com.uniritter.monitor.domain.TestMetricaService" time="0.015"/>
  <testcase name="testCriarNovaMetrica" classname="com.uniritter.monitor.domain.TestMetricaService" time="0.006"/>
  <testcase name="testGetMetricas" classname="com.uniritter.monitor.domain.TestMetricaService" time="0.05"/>
  <system-out><![CDATA[2016-06-03 18:36:48.567  INFO 7328 --- [    Test worker] o.s.t.c.support.AbstractContextLoader    : Could not detect default resource locations for test class [com.uniritter.monitor.domain.TestMetricaService]: no resource found for suffixes {-context.xml, Context.groovy}.
2016-06-03 18:36:48.569  INFO 7328 --- [    Test worker] o.s.t.c.web.WebTestContextBootstrapper   : Loaded default TestExecutionListener class names from location [META-INF/spring.factories]: [org.springframework.test.context.web.ServletTestExecutionListener, org.springframework.test.context.support.DirtiesContextBeforeModesTestExecutionListener, org.springframework.test.context.support.DependencyInjectionTestExecutionListener, org.springframework.test.context.support.DirtiesContextTestExecutionListener, org.springframework.test.context.transaction.TransactionalTestExecutionListener, org.springframework.test.context.jdbc.SqlScriptsTestExecutionListener]
2016-06-03 18:36:48.570  INFO 7328 --- [    Test worker] o.s.t.c.web.WebTestContextBootstrapper   : Using TestExecutionListeners: [org.springframework.test.context.web.ServletTestExecutionListener@64933c01, org.springframework.test.context.support.DirtiesContextBeforeModesTestExecutionListener@7e48993c, org.springframework.test.context.support.DependencyInjectionTestExecutionListener@504472e9, org.springframework.test.context.support.DirtiesContextTestExecutionListener@3dd4482a, org.springframework.test.context.transaction.TransactionalTestExecutionListener@3bcddd1c, org.springframework.test.context.jdbc.SqlScriptsTestExecutionListener@486f77f0]
]]></system-out>
  <system-err><![CDATA[]]></system-err>
</testsuite>
