<?xml version="1.0" encoding="UTF-8"?>
<testsuite name="com.uniritter.monitor.rest.TestMetricaController" tests="7" skipped="0" failures="0" errors="0" timestamp="2016-06-17T00:59:20" hostname="Note_Fontana" time="0.96">
  <properties/>
  <testcase name="testDeleteMetricaInexistente" classname="com.uniritter.monitor.rest.TestMetricaController" time="0.026"/>
  <testcase name="testDeleteMetrica" classname="com.uniritter.monitor.rest.TestMetricaController" time="0.059"/>
  <testcase name="testGetMetricaInexistente" classname="com.uniritter.monitor.rest.TestMetricaController" time="0.027"/>
  <testcase name="testGetTodasMetricas" classname="com.uniritter.monitor.rest.TestMetricaController" time="0.68"/>
  <testcase name="testCreateMetrica" classname="com.uniritter.monitor.rest.TestMetricaController" time="0.02"/>
  <testcase name="testGetMetrica" classname="com.uniritter.monitor.rest.TestMetricaController" time="0.124"/>
  <testcase name="testCreateMetricaTipoInvalido" classname="com.uniritter.monitor.rest.TestMetricaController" time="0.021"/>
  <system-out><![CDATA[2016-06-16 21:59:20.096  INFO 5164 --- [    Test worker] o.s.t.c.support.AbstractContextLoader    : Could not detect default resource locations for test class [com.uniritter.monitor.rest.TestMetricaController]: no resource found for suffixes {-context.xml, Context.groovy}.
2016-06-16 21:59:20.098  INFO 5164 --- [    Test worker] WebAppIntegrationTestContextBootstrapper : Loaded default TestExecutionListener class names from location [META-INF/spring.factories]: [org.springframework.test.context.web.ServletTestExecutionListener, org.springframework.test.context.support.DirtiesContextBeforeModesTestExecutionListener, org.springframework.test.context.support.DependencyInjectionTestExecutionListener, org.springframework.test.context.support.DirtiesContextTestExecutionListener, org.springframework.test.context.transaction.TransactionalTestExecutionListener, org.springframework.test.context.jdbc.SqlScriptsTestExecutionListener]
2016-06-16 21:59:20.098  INFO 5164 --- [    Test worker] WebAppIntegrationTestContextBootstrapper : Using TestExecutionListeners: [org.springframework.test.context.web.ServletTestExecutionListener@f512913, org.springframework.test.context.support.DirtiesContextBeforeModesTestExecutionListener@683922b3, org.springframework.test.context.support.DependencyInjectionTestExecutionListener@6188690a, org.springframework.test.context.support.DirtiesContextTestExecutionListener@46b6143a, org.springframework.test.context.transaction.TransactionalTestExecutionListener@4029a44e, org.springframework.test.context.jdbc.SqlScriptsTestExecutionListener@61a43a42]
]]></system-out>
  <system-err><![CDATA[]]></system-err>
</testsuite>
