<?xml version="1.0" encoding="UTF-8"?>
<testsuite name="com.uniritter.monitor.persistence.TestMetricaDao" tests="3" skipped="0" failures="0" errors="0" timestamp="2016-05-31T01:23:24" hostname="Note_Fontana" time="0.042">
  <properties/>
  <testcase name="testDataBase" classname="com.uniritter.monitor.persistence.TestMetricaDao" time="0.022"/>
  <testcase name="testMetricaDaoCreateMetrica" classname="com.uniritter.monitor.persistence.TestMetricaDao" time="0.005"/>
  <testcase name="testMetricaDaoGetMetricas" classname="com.uniritter.monitor.persistence.TestMetricaDao" time="0.013"/>
  <system-out><![CDATA[2016-05-30 22:23:24.470  INFO 7152 --- [    Test worker] o.s.t.c.support.AbstractContextLoader    : Could not detect default resource locations for test class [com.uniritter.monitor.persistence.TestMetricaDao]: no resource found for suffixes {-context.xml, Context.groovy}.
2016-05-30 22:23:24.478  INFO 7152 --- [    Test worker] o.s.t.c.web.WebTestContextBootstrapper   : Loaded default TestExecutionListener class names from location [META-INF/spring.factories]: [org.springframework.test.context.web.ServletTestExecutionListener, org.springframework.test.context.support.DirtiesContextBeforeModesTestExecutionListener, org.springframework.test.context.support.DependencyInjectionTestExecutionListener, org.springframework.test.context.support.DirtiesContextTestExecutionListener, org.springframework.test.context.transaction.TransactionalTestExecutionListener, org.springframework.test.context.jdbc.SqlScriptsTestExecutionListener]
2016-05-30 22:23:24.480  INFO 7152 --- [    Test worker] o.s.t.c.web.WebTestContextBootstrapper   : Using TestExecutionListeners: [org.springframework.test.context.web.ServletTestExecutionListener@62683ef8, org.springframework.test.context.support.DirtiesContextBeforeModesTestExecutionListener@6709e8c1, org.springframework.test.context.support.DependencyInjectionTestExecutionListener@3144188, org.springframework.test.context.support.DirtiesContextTestExecutionListener@493f85a3, org.springframework.test.context.transaction.TransactionalTestExecutionListener@6a03fd82, org.springframework.test.context.jdbc.SqlScriptsTestExecutionListener@42645fe3]
]]></system-out>
  <system-err><![CDATA[]]></system-err>
</testsuite>
