<?xml version="1.0" encoding="UTF-8"?>
<testsuite name="com.uniritter.monitor.domain.TestMetricaService" tests="5" skipped="0" failures="0" errors="0" timestamp="2016-06-08T00:49:21" hostname="Note_Fontana" time="0.22">
  <properties/>
  <testcase name="testDeleteMetricaEHosts" classname="com.uniritter.monitor.domain.TestMetricaService" time="0.019"/>
  <testcase name="testGetMetricaComHosts" classname="com.uniritter.monitor.domain.TestMetricaService" time="0.049"/>
  <testcase name="testCriarNovaMetrica" classname="com.uniritter.monitor.domain.TestMetricaService" time="0.004"/>
  <testcase name="testGetMetricas" classname="com.uniritter.monitor.domain.TestMetricaService" time="0.138"/>
  <testcase name="testGetMetrica" classname="com.uniritter.monitor.domain.TestMetricaService" time="0.004"/>
  <system-out><![CDATA[2016-06-07 21:49:21.066  INFO 4768 --- [    Test worker] o.s.t.c.support.AbstractContextLoader    : Could not detect default resource locations for test class [com.uniritter.monitor.domain.TestMetricaService]: no resource found for suffixes {-context.xml, Context.groovy}.
2016-06-07 21:49:21.070  INFO 4768 --- [    Test worker] o.s.t.c.web.WebTestContextBootstrapper   : Loaded default TestExecutionListener class names from location [META-INF/spring.factories]: [org.springframework.test.context.web.ServletTestExecutionListener, org.springframework.test.context.support.DirtiesContextBeforeModesTestExecutionListener, org.springframework.test.context.support.DependencyInjectionTestExecutionListener, org.springframework.test.context.support.DirtiesContextTestExecutionListener, org.springframework.test.context.transaction.TransactionalTestExecutionListener, org.springframework.test.context.jdbc.SqlScriptsTestExecutionListener]
2016-06-07 21:49:21.072  INFO 4768 --- [    Test worker] o.s.t.c.web.WebTestContextBootstrapper   : Using TestExecutionListeners: [org.springframework.test.context.web.ServletTestExecutionListener@669bdff, org.springframework.test.context.support.DirtiesContextBeforeModesTestExecutionListener@51a6aa2c, org.springframework.test.context.support.DependencyInjectionTestExecutionListener@584351c8, org.springframework.test.context.support.DirtiesContextTestExecutionListener@4d376ef2, org.springframework.test.context.transaction.TransactionalTestExecutionListener@6faa4ee, org.springframework.test.context.jdbc.SqlScriptsTestExecutionListener@62e999d7]
]]></system-out>
  <system-err><![CDATA[]]></system-err>
</testsuite>
