<?xml version="1.0" encoding="UTF-8"?>
<testsuite name="com.uniritter.monitor.persistence.TestMetricaDao" tests="5" skipped="0" failures="0" errors="0" timestamp="2016-07-01T23:38:28" hostname="ZS-LAB103-65023" time="0.086">
  <properties/>
  <testcase name="testDataBase" classname="com.uniritter.monitor.persistence.TestMetricaDao" time="0.044"/>
  <testcase name="testMetricaDaoRegisterNotExist" classname="com.uniritter.monitor.persistence.TestMetricaDao" time="0.001"/>
  <testcase name="testMetricaDaoGetList" classname="com.uniritter.monitor.persistence.TestMetricaDao" time="0.038"/>
  <testcase name="testMetricaDaoRegisterExist" classname="com.uniritter.monitor.persistence.TestMetricaDao" time="0.001"/>
  <testcase name="testMetricaDaoCreate" classname="com.uniritter.monitor.persistence.TestMetricaDao" time="0.001"/>
  <system-out><![CDATA[2016-07-01 20:38:28.022  INFO 7228 --- [    Test worker] o.s.t.c.support.AbstractContextLoader    : Could not detect default resource locations for test class [com.uniritter.monitor.persistence.TestMetricaDao]: no resource found for suffixes {-context.xml, Context.groovy}.
2016-07-01 20:38:28.023  INFO 7228 --- [    Test worker] o.s.t.c.web.WebTestContextBootstrapper   : Loaded default TestExecutionListener class names from location [META-INF/spring.factories]: [org.springframework.test.context.web.ServletTestExecutionListener, org.springframework.test.context.support.DirtiesContextBeforeModesTestExecutionListener, org.springframework.test.context.support.DependencyInjectionTestExecutionListener, org.springframework.test.context.support.DirtiesContextTestExecutionListener, org.springframework.test.context.transaction.TransactionalTestExecutionListener, org.springframework.test.context.jdbc.SqlScriptsTestExecutionListener]
2016-07-01 20:38:28.024  INFO 7228 --- [    Test worker] o.s.t.c.web.WebTestContextBootstrapper   : Using TestExecutionListeners: [org.springframework.test.context.web.ServletTestExecutionListener@688a9d9e, org.springframework.test.context.support.DirtiesContextBeforeModesTestExecutionListener@647225b0, org.springframework.test.context.support.DependencyInjectionTestExecutionListener@2087955, org.springframework.test.context.support.DirtiesContextTestExecutionListener@7a55bc7d, org.springframework.test.context.transaction.TransactionalTestExecutionListener@12c9f14a, org.springframework.test.context.jdbc.SqlScriptsTestExecutionListener@8003ae9]
]]></system-out>
  <system-err><![CDATA[]]></system-err>
</testsuite>
