<?xml version="1.0" encoding="UTF-8"?>
<testsuite name="com.uniritter.monitor.persistence.TestAlertaDao" tests="4" skipped="0" failures="0" errors="0" timestamp="2016-07-01T23:57:17" hostname="ZS-LAB103-65023" time="0.063">
  <properties/>
  <testcase name="testAlertaDaoGetById" classname="com.uniritter.monitor.persistence.TestAlertaDao" time="0.0"/>
  <testcase name="testAlertaDaoGetList" classname="com.uniritter.monitor.persistence.TestAlertaDao" time="0.047"/>
  <testcase name="testAlertaDaoCreate" classname="com.uniritter.monitor.persistence.TestAlertaDao" time="0.0"/>
  <testcase name="testAlertaDaoGetFromParent" classname="com.uniritter.monitor.persistence.TestAlertaDao" time="0.016"/>
  <system-out><![CDATA[2016-07-01 20:57:16.991  INFO 5668 --- [    Test worker] o.s.t.c.support.AbstractContextLoader    : Could not detect default resource locations for test class [com.uniritter.monitor.persistence.TestAlertaDao]: no resource found for suffixes {-context.xml, Context.groovy}.
2016-07-01 20:57:16.991  INFO 5668 --- [    Test worker] o.s.t.c.web.WebTestContextBootstrapper   : Loaded default TestExecutionListener class names from location [META-INF/spring.factories]: [org.springframework.test.context.web.ServletTestExecutionListener, org.springframework.test.context.support.DirtiesContextBeforeModesTestExecutionListener, org.springframework.test.context.support.DependencyInjectionTestExecutionListener, org.springframework.test.context.support.DirtiesContextTestExecutionListener, org.springframework.test.context.transaction.TransactionalTestExecutionListener, org.springframework.test.context.jdbc.SqlScriptsTestExecutionListener]
2016-07-01 20:57:16.991  INFO 5668 --- [    Test worker] o.s.t.c.web.WebTestContextBootstrapper   : Using TestExecutionListeners: [org.springframework.test.context.web.ServletTestExecutionListener@781762cb, org.springframework.test.context.support.DirtiesContextBeforeModesTestExecutionListener@47573b05, org.springframework.test.context.support.DependencyInjectionTestExecutionListener@2fe3e9da, org.springframework.test.context.support.DirtiesContextTestExecutionListener@1c0dffc6, org.springframework.test.context.transaction.TransactionalTestExecutionListener@5b132e8d, org.springframework.test.context.jdbc.SqlScriptsTestExecutionListener@485559b1]
]]></system-out>
  <system-err><![CDATA[]]></system-err>
</testsuite>
