<?xml version="1.0" encoding="UTF-8"?>
<testsuite name="com.uniritter.monitor.domain.TestHostService" tests="2" skipped="0" failures="0" errors="0" timestamp="2016-06-17T00:59:08" hostname="Note_Fontana" time="0.163">
  <properties/>
  <testcase name="testGetHosts" classname="com.uniritter.monitor.domain.TestHostService" time="0.148"/>
  <testcase name="testCreateHost" classname="com.uniritter.monitor.domain.TestHostService" time="0.013"/>
  <system-out><![CDATA[2016-06-16 21:59:08.914  INFO 5164 --- [    Test worker] o.s.t.c.support.AbstractContextLoader    : Could not detect default resource locations for test class [com.uniritter.monitor.domain.TestHostService]: no resource found for suffixes {-context.xml, Context.groovy}.
2016-06-16 21:59:08.921  INFO 5164 --- [    Test worker] o.s.t.c.web.WebTestContextBootstrapper   : Loaded default TestExecutionListener class names from location [META-INF/spring.factories]: [org.springframework.test.context.web.ServletTestExecutionListener, org.springframework.test.context.support.DirtiesContextBeforeModesTestExecutionListener, org.springframework.test.context.support.DependencyInjectionTestExecutionListener, org.springframework.test.context.support.DirtiesContextTestExecutionListener, org.springframework.test.context.transaction.TransactionalTestExecutionListener, org.springframework.test.context.jdbc.SqlScriptsTestExecutionListener]
2016-06-16 21:59:08.923  INFO 5164 --- [    Test worker] o.s.t.c.web.WebTestContextBootstrapper   : Using TestExecutionListeners: [org.springframework.test.context.web.ServletTestExecutionListener@19afd2ff, org.springframework.test.context.support.DirtiesContextBeforeModesTestExecutionListener@2ea3be60, org.springframework.test.context.support.DependencyInjectionTestExecutionListener@910880e, org.springframework.test.context.support.DirtiesContextTestExecutionListener@5f9331fe, org.springframework.test.context.transaction.TransactionalTestExecutionListener@384c38d9, org.springframework.test.context.jdbc.SqlScriptsTestExecutionListener@bafd10e]
]]></system-out>
  <system-err><![CDATA[]]></system-err>
</testsuite>
