<?xml version="1.0" encoding="UTF-8"?>
<testsuite name="com.uniritter.monitor.persistence.TestMetricaDao" tests="3" skipped="0" failures="0" errors="0" timestamp="2016-06-03T01:50:10" hostname="Note_Fontana" time="0.079">
  <properties/>
  <testcase name="testDataBase" classname="com.uniritter.monitor.persistence.TestMetricaDao" time="0.024"/>
  <testcase name="testMetricaDaoCreateMetrica" classname="com.uniritter.monitor.persistence.TestMetricaDao" time="0.002"/>
  <testcase name="testMetricaDaoGetMetricas" classname="com.uniritter.monitor.persistence.TestMetricaDao" time="0.046"/>
  <system-out><![CDATA[2016-06-02 22:50:10.008  INFO 5280 --- [    Test worker] o.s.t.c.support.AbstractContextLoader    : Could not detect default resource locations for test class [com.uniritter.monitor.persistence.TestMetricaDao]: no resource found for suffixes {-context.xml, Context.groovy}.
2016-06-02 22:50:10.011  INFO 5280 --- [    Test worker] o.s.t.c.web.WebTestContextBootstrapper   : Loaded default TestExecutionListener class names from location [META-INF/spring.factories]: [org.springframework.test.context.web.ServletTestExecutionListener, org.springframework.test.context.support.DirtiesContextBeforeModesTestExecutionListener, org.springframework.test.context.support.DependencyInjectionTestExecutionListener, org.springframework.test.context.support.DirtiesContextTestExecutionListener, org.springframework.test.context.transaction.TransactionalTestExecutionListener, org.springframework.test.context.jdbc.SqlScriptsTestExecutionListener]
2016-06-02 22:50:10.012  INFO 5280 --- [    Test worker] o.s.t.c.web.WebTestContextBootstrapper   : Using TestExecutionListeners: [org.springframework.test.context.web.ServletTestExecutionListener@220cf2af, org.springframework.test.context.support.DirtiesContextBeforeModesTestExecutionListener@11980055, org.springframework.test.context.support.DependencyInjectionTestExecutionListener@78a99428, org.springframework.test.context.support.DirtiesContextTestExecutionListener@78fd4a76, org.springframework.test.context.transaction.TransactionalTestExecutionListener@3da1564c, org.springframework.test.context.jdbc.SqlScriptsTestExecutionListener@6cea7305]
]]></system-out>
  <system-err><![CDATA[]]></system-err>
</testsuite>
