<?xml version="1.0" encoding="UTF-8"?>
<testsuite name="com.uniritter.monitor.persistence.TestMetricaDao" tests="3" skipped="0" failures="0" errors="0" timestamp="2016-06-12T14:37:16" hostname="Note_Fontana" time="0.054">
  <properties/>
  <testcase name="testDataBase" classname="com.uniritter.monitor.persistence.TestMetricaDao" time="0.036"/>
  <testcase name="testMetricaDaoGetList" classname="com.uniritter.monitor.persistence.TestMetricaDao" time="0.016"/>
  <testcase name="testMetricaDaoCreate" classname="com.uniritter.monitor.persistence.TestMetricaDao" time="0.001"/>
  <system-out><![CDATA[2016-06-12 11:37:16.975  INFO 5216 --- [    Test worker] o.s.t.c.support.AbstractContextLoader    : Could not detect default resource locations for test class [com.uniritter.monitor.persistence.TestMetricaDao]: no resource found for suffixes {-context.xml, Context.groovy}.
2016-06-12 11:37:16.980  INFO 5216 --- [    Test worker] o.s.t.c.web.WebTestContextBootstrapper   : Loaded default TestExecutionListener class names from location [META-INF/spring.factories]: [org.springframework.test.context.web.ServletTestExecutionListener, org.springframework.test.context.support.DirtiesContextBeforeModesTestExecutionListener, org.springframework.test.context.support.DependencyInjectionTestExecutionListener, org.springframework.test.context.support.DirtiesContextTestExecutionListener, org.springframework.test.context.transaction.TransactionalTestExecutionListener, org.springframework.test.context.jdbc.SqlScriptsTestExecutionListener]
2016-06-12 11:37:16.980  INFO 5216 --- [    Test worker] o.s.t.c.web.WebTestContextBootstrapper   : Using TestExecutionListeners: [org.springframework.test.context.web.ServletTestExecutionListener@5ae0a60e, org.springframework.test.context.support.DirtiesContextBeforeModesTestExecutionListener@5d501a3c, org.springframework.test.context.support.DependencyInjectionTestExecutionListener@6de780a5, org.springframework.test.context.support.DirtiesContextTestExecutionListener@feacfb4, org.springframework.test.context.transaction.TransactionalTestExecutionListener@50e5d891, org.springframework.test.context.jdbc.SqlScriptsTestExecutionListener@db9a94b]
]]></system-out>
  <system-err><![CDATA[]]></system-err>
</testsuite>
