<?xml version="1.0" encoding="UTF-8"?>
<testsuite name="com.uniritter.monitor.rest.TestMetricaController" tests="7" skipped="0" failures="0" errors="0" timestamp="2016-06-07T01:58:06" hostname="Note_Fontana" time="0.36">
  <properties/>
  <testcase name="testDeleteMetricaInexistente" classname="com.uniritter.monitor.rest.TestMetricaController" time="0.025"/>
  <testcase name="testDeleteMetrica" classname="com.uniritter.monitor.rest.TestMetricaController" time="0.064"/>
  <testcase name="testGetMetricaInexistente" classname="com.uniritter.monitor.rest.TestMetricaController" time="0.022"/>
  <testcase name="testGetTodasMetricas" classname="com.uniritter.monitor.rest.TestMetricaController" time="0.16"/>
  <testcase name="testCreateMetrica" classname="com.uniritter.monitor.rest.TestMetricaController" time="0.024"/>
  <testcase name="testGetMetrica" classname="com.uniritter.monitor.rest.TestMetricaController" time="0.029"/>
  <testcase name="testCreateMetricaTipoInvalido" classname="com.uniritter.monitor.rest.TestMetricaController" time="0.028"/>
  <system-out><![CDATA[2016-06-06 22:58:06.657  INFO 4940 --- [    Test worker] o.s.t.c.support.AbstractContextLoader    : Could not detect default resource locations for test class [com.uniritter.monitor.rest.TestMetricaController]: no resource found for suffixes {-context.xml, Context.groovy}.
2016-06-06 22:58:06.662  INFO 4940 --- [    Test worker] WebAppIntegrationTestContextBootstrapper : Loaded default TestExecutionListener class names from location [META-INF/spring.factories]: [org.springframework.test.context.web.ServletTestExecutionListener, org.springframework.test.context.support.DirtiesContextBeforeModesTestExecutionListener, org.springframework.test.context.support.DependencyInjectionTestExecutionListener, org.springframework.test.context.support.DirtiesContextTestExecutionListener, org.springframework.test.context.transaction.TransactionalTestExecutionListener, org.springframework.test.context.jdbc.SqlScriptsTestExecutionListener]
2016-06-06 22:58:06.662  INFO 4940 --- [    Test worker] WebAppIntegrationTestContextBootstrapper : Using TestExecutionListeners: [org.springframework.test.context.web.ServletTestExecutionListener@6041b4d6, org.springframework.test.context.support.DirtiesContextBeforeModesTestExecutionListener@1676cc49, org.springframework.test.context.support.DependencyInjectionTestExecutionListener@631d84b5, org.springframework.test.context.support.DirtiesContextTestExecutionListener@6e6a7666, org.springframework.test.context.transaction.TransactionalTestExecutionListener@3608879, org.springframework.test.context.jdbc.SqlScriptsTestExecutionListener@23d418d8]
]]></system-out>
  <system-err><![CDATA[]]></system-err>
</testsuite>
