<?xml version="1.0" encoding="UTF-8"?>
<testsuite name="com.uniritter.monitor.rest.TestAlertaRegraController" tests="1" skipped="0" failures="0" errors="0" timestamp="2016-07-01T21:37:32" hostname="ZS-LAB103-65023" time="0.019">
  <properties/>
  <testcase name="testGetRegras" classname="com.uniritter.monitor.rest.TestAlertaRegraController" time="0.019"/>
  <system-out><![CDATA[2016-07-01 18:37:32.442  INFO 8124 --- [    Test worker] o.s.t.c.support.AbstractContextLoader    : Could not detect default resource locations for test class [com.uniritter.monitor.rest.TestAlertaRegraController]: no resource found for suffixes {-context.xml, Context.groovy}.
2016-07-01 18:37:32.444  INFO 8124 --- [    Test worker] WebAppIntegrationTestContextBootstrapper : Loaded default TestExecutionListener class names from location [META-INF/spring.factories]: [org.springframework.test.context.web.ServletTestExecutionListener, org.springframework.test.context.support.DirtiesContextBeforeModesTestExecutionListener, org.springframework.test.context.support.DependencyInjectionTestExecutionListener, org.springframework.test.context.support.DirtiesContextTestExecutionListener, org.springframework.test.context.transaction.TransactionalTestExecutionListener, org.springframework.test.context.jdbc.SqlScriptsTestExecutionListener]
2016-07-01 18:37:32.444  INFO 8124 --- [    Test worker] WebAppIntegrationTestContextBootstrapper : Using TestExecutionListeners: [org.springframework.test.context.web.ServletTestExecutionListener@4ceacfdf, org.springframework.test.context.support.DirtiesContextBeforeModesTestExecutionListener@4bf560ec, org.springframework.test.context.support.DependencyInjectionTestExecutionListener@5aae4ce9, org.springframework.test.context.support.DirtiesContextTestExecutionListener@693b8381, org.springframework.test.context.transaction.TransactionalTestExecutionListener@4236c020, org.springframework.test.context.jdbc.SqlScriptsTestExecutionListener@187f96d6]
]]></system-out>
  <system-err><![CDATA[]]></system-err>
</testsuite>
