<?xml version="1.0" encoding="UTF-8"?>
<testsuite name="com.uniritter.monitor.rest.TestHostGrupoController" tests="1" skipped="0" failures="0" errors="0" timestamp="2016-06-12T14:37:23" hostname="Note_Fontana" time="0.025">
  <properties/>
  <testcase name="testGetGrupos" classname="com.uniritter.monitor.rest.TestHostGrupoController" time="0.025"/>
  <system-out><![CDATA[2016-06-12 11:37:23.016  INFO 5216 --- [    Test worker] o.s.t.c.support.AbstractContextLoader    : Could not detect default resource locations for test class [com.uniritter.monitor.rest.TestHostGrupoController]: no resource found for suffixes {-context.xml, Context.groovy}.
2016-06-12 11:37:23.020  INFO 5216 --- [    Test worker] WebAppIntegrationTestContextBootstrapper : Loaded default TestExecutionListener class names from location [META-INF/spring.factories]: [org.springframework.test.context.web.ServletTestExecutionListener, org.springframework.test.context.support.DirtiesContextBeforeModesTestExecutionListener, org.springframework.test.context.support.DependencyInjectionTestExecutionListener, org.springframework.test.context.support.DirtiesContextTestExecutionListener, org.springframework.test.context.transaction.TransactionalTestExecutionListener, org.springframework.test.context.jdbc.SqlScriptsTestExecutionListener]
2016-06-12 11:37:23.020  INFO 5216 --- [    Test worker] WebAppIntegrationTestContextBootstrapper : Using TestExecutionListeners: [org.springframework.test.context.web.ServletTestExecutionListener@3c42a0c, org.springframework.test.context.support.DirtiesContextBeforeModesTestExecutionListener@2eda8034, org.springframework.test.context.support.DependencyInjectionTestExecutionListener@bebda94, org.springframework.test.context.support.DirtiesContextTestExecutionListener@472b60f2, org.springframework.test.context.transaction.TransactionalTestExecutionListener@651db651, org.springframework.test.context.jdbc.SqlScriptsTestExecutionListener@1f3c51e6]
]]></system-out>
  <system-err><![CDATA[]]></system-err>
</testsuite>
