<?xml version="1.0" encoding="UTF-8"?>
<testsuite name="com.uniritter.monitor.domain.TestHostService" tests="3" skipped="0" failures="0" errors="0" timestamp="2016-07-01T23:38:26" hostname="ZS-LAB103-65023" time="0.257">
  <properties/>
  <testcase name="testSalvarHostVazio" classname="com.uniritter.monitor.domain.TestHostService" time="0.085"/>
  <testcase name="testGetHosts" classname="com.uniritter.monitor.domain.TestHostService" time="0.162"/>
  <testcase name="testCreateHost" classname="com.uniritter.monitor.domain.TestHostService" time="0.008"/>
  <system-out><![CDATA[2016-07-01 20:38:26.701  INFO 7228 --- [    Test worker] o.s.t.c.support.AbstractContextLoader    : Could not detect default resource locations for test class [com.uniritter.monitor.domain.TestHostService]: no resource found for suffixes {-context.xml, Context.groovy}.
2016-07-01 20:38:26.703  INFO 7228 --- [    Test worker] o.s.t.c.web.WebTestContextBootstrapper   : Loaded default TestExecutionListener class names from location [META-INF/spring.factories]: [org.springframework.test.context.web.ServletTestExecutionListener, org.springframework.test.context.support.DirtiesContextBeforeModesTestExecutionListener, org.springframework.test.context.support.DependencyInjectionTestExecutionListener, org.springframework.test.context.support.DirtiesContextTestExecutionListener, org.springframework.test.context.transaction.TransactionalTestExecutionListener, org.springframework.test.context.jdbc.SqlScriptsTestExecutionListener]
2016-07-01 20:38:26.703  INFO 7228 --- [    Test worker] o.s.t.c.web.WebTestContextBootstrapper   : Using TestExecutionListeners: [org.springframework.test.context.web.ServletTestExecutionListener@2753faf0, org.springframework.test.context.support.DirtiesContextBeforeModesTestExecutionListener@7a7fb6bb, org.springframework.test.context.support.DependencyInjectionTestExecutionListener@56b5edd1, org.springframework.test.context.support.DirtiesContextTestExecutionListener@421060d0, org.springframework.test.context.transaction.TransactionalTestExecutionListener@41441992, org.springframework.test.context.jdbc.SqlScriptsTestExecutionListener@5deae1b7]
2016-07-01 20:38:26.722  INFO 7228 --- [    Test worker] o.s.b.f.xml.XmlBeanDefinitionReader      : Loading XML bean definitions from class path resource [org/springframework/jdbc/support/sql-error-codes.xml]
2016-07-01 20:38:26.789  INFO 7228 --- [    Test worker] o.s.jdbc.support.SQLErrorCodesFactory    : SQLErrorCodes loaded: [DB2, Derby, H2, HSQL, Informix, MS-SQL, MySQL, Oracle, PostgreSQL, Sybase, Hana]
]]></system-out>
  <system-err><![CDATA[]]></system-err>
</testsuite>
