<?xml version="1.0" encoding="UTF-8"?>
<testsuite name="com.uniritter.monitor.domain.TestHostService" tests="2" skipped="0" failures="0" errors="0" timestamp="2016-06-08T00:49:20" hostname="Note_Fontana" time="0.161">
  <properties/>
  <testcase name="testGetHosts" classname="com.uniritter.monitor.domain.TestHostService" time="0.13"/>
  <testcase name="testCreateHost" classname="com.uniritter.monitor.domain.TestHostService" time="0.03"/>
  <system-out><![CDATA[2016-06-07 21:49:20.804  INFO 4768 --- [    Test worker] o.s.t.c.support.AbstractContextLoader    : Could not detect default resource locations for test class [com.uniritter.monitor.domain.TestHostService]: no resource found for suffixes {-context.xml, Context.groovy}.
2016-06-07 21:49:20.826  INFO 4768 --- [    Test worker] o.s.t.c.web.WebTestContextBootstrapper   : Loaded default TestExecutionListener class names from location [META-INF/spring.factories]: [org.springframework.test.context.web.ServletTestExecutionListener, org.springframework.test.context.support.DirtiesContextBeforeModesTestExecutionListener, org.springframework.test.context.support.DependencyInjectionTestExecutionListener, org.springframework.test.context.support.DirtiesContextTestExecutionListener, org.springframework.test.context.transaction.TransactionalTestExecutionListener, org.springframework.test.context.jdbc.SqlScriptsTestExecutionListener]
2016-06-07 21:49:20.828  INFO 4768 --- [    Test worker] o.s.t.c.web.WebTestContextBootstrapper   : Using TestExecutionListeners: [org.springframework.test.context.web.ServletTestExecutionListener@78c9cc11, org.springframework.test.context.support.DirtiesContextBeforeModesTestExecutionListener@6e21c4a4, org.springframework.test.context.support.DependencyInjectionTestExecutionListener@77844cd, org.springframework.test.context.support.DirtiesContextTestExecutionListener@334869d0, org.springframework.test.context.transaction.TransactionalTestExecutionListener@55792ec, org.springframework.test.context.jdbc.SqlScriptsTestExecutionListener@65b37206]
]]></system-out>
  <system-err><![CDATA[]]></system-err>
</testsuite>
