<?xml version="1.0" encoding="UTF-8"?>
<testsuite name="com.uniritter.monitor.persistence.TestMetricaRepository" tests="1" skipped="0" failures="0" errors="0" timestamp="2016-07-01T23:57:17" hostname="ZS-LAB103-65023" time="0.001">
  <properties/>
  <testcase name="testMetricaRepositoryGetList" classname="com.uniritter.monitor.persistence.TestMetricaRepository" time="0.001"/>
  <system-out><![CDATA[2016-07-01 20:57:17.240  INFO 5668 --- [    Test worker] o.s.t.c.support.AbstractContextLoader    : Could not detect default resource locations for test class [com.uniritter.monitor.persistence.TestMetricaRepository]: no resource found for suffixes {-context.xml, Context.groovy}.
2016-07-01 20:57:17.256  INFO 5668 --- [    Test worker] o.s.t.c.web.WebTestContextBootstrapper   : Loaded default TestExecutionListener class names from location [META-INF/spring.factories]: [org.springframework.test.context.web.ServletTestExecutionListener, org.springframework.test.context.support.DirtiesContextBeforeModesTestExecutionListener, org.springframework.test.context.support.DependencyInjectionTestExecutionListener, org.springframework.test.context.support.DirtiesContextTestExecutionListener, org.springframework.test.context.transaction.TransactionalTestExecutionListener, org.springframework.test.context.jdbc.SqlScriptsTestExecutionListener]
2016-07-01 20:57:17.256  INFO 5668 --- [    Test worker] o.s.t.c.web.WebTestContextBootstrapper   : Using TestExecutionListeners: [org.springframework.test.context.web.ServletTestExecutionListener@7f3220e3, org.springframework.test.context.support.DirtiesContextBeforeModesTestExecutionListener@340d5852, org.springframework.test.context.support.DependencyInjectionTestExecutionListener@58218a30, org.springframework.test.context.support.DirtiesContextTestExecutionListener@1f78284, org.springframework.test.context.transaction.TransactionalTestExecutionListener@2099a91e, org.springframework.test.context.jdbc.SqlScriptsTestExecutionListener@482e014a]
]]></system-out>
  <system-err><![CDATA[]]></system-err>
</testsuite>
