<?xml version="1.0" encoding="UTF-8"?>
<testsuite name="com.uniritter.monitor.persistence.TestMetricaRepository" tests="2" skipped="0" failures="0" errors="0" timestamp="2016-05-29T12:04:00" hostname="Note_Fontana" time="0.022">
  <properties/>
  <testcase name="testMetricaRepositorySave" classname="com.uniritter.monitor.persistence.TestMetricaRepository" time="0.008"/>
  <testcase name="testMetricaRepositoryGetList" classname="com.uniritter.monitor.persistence.TestMetricaRepository" time="0.013"/>
  <system-out><![CDATA[2016-05-29 09:04:00.030  INFO 5960 --- [    Test worker] o.s.t.c.support.AbstractContextLoader    : Could not detect default resource locations for test class [com.uniritter.monitor.persistence.TestMetricaRepository]: no resource found for suffixes {-context.xml, Context.groovy}.
2016-05-29 09:04:00.033  INFO 5960 --- [    Test worker] o.s.t.c.web.WebTestContextBootstrapper   : Loaded default TestExecutionListener class names from location [META-INF/spring.factories]: [org.springframework.test.context.web.ServletTestExecutionListener, org.springframework.test.context.support.DirtiesContextBeforeModesTestExecutionListener, org.springframework.test.context.support.DependencyInjectionTestExecutionListener, org.springframework.test.context.support.DirtiesContextTestExecutionListener, org.springframework.test.context.transaction.TransactionalTestExecutionListener, org.springframework.test.context.jdbc.SqlScriptsTestExecutionListener]
2016-05-29 09:04:00.033  INFO 5960 --- [    Test worker] o.s.t.c.web.WebTestContextBootstrapper   : Using TestExecutionListeners: [org.springframework.test.context.web.ServletTestExecutionListener@1cea1582, org.springframework.test.context.support.DirtiesContextBeforeModesTestExecutionListener@6c82cd60, org.springframework.test.context.support.DependencyInjectionTestExecutionListener@5d7d009f, org.springframework.test.context.support.DirtiesContextTestExecutionListener@7a865ed6, org.springframework.test.context.transaction.TransactionalTestExecutionListener@368c1201, org.springframework.test.context.jdbc.SqlScriptsTestExecutionListener@4c9f307d]
]]></system-out>
  <system-err><![CDATA[]]></system-err>
</testsuite>
