<?xml version="1.0" encoding="UTF-8"?>
<testsuite name="com.uniritter.monitor.rest.TestMetricaController" tests="1" skipped="0" failures="0" errors="0" timestamp="2016-05-29T12:04:00" hostname="Note_Fontana" time="0.001">
  <properties/>
  <testcase name="testGetMetrica" classname="com.uniritter.monitor.rest.TestMetricaController" time="0.001"/>
  <system-out><![CDATA[2016-05-29 09:04:00.069  INFO 5960 --- [    Test worker] o.s.t.c.support.AbstractContextLoader    : Could not detect default resource locations for test class [com.uniritter.monitor.rest.TestMetricaController]: no resource found for suffixes {-context.xml, Context.groovy}.
2016-05-29 09:04:00.073  INFO 5960 --- [    Test worker] o.s.t.c.web.WebTestContextBootstrapper   : Loaded default TestExecutionListener class names from location [META-INF/spring.factories]: [org.springframework.test.context.web.ServletTestExecutionListener, org.springframework.test.context.support.DirtiesContextBeforeModesTestExecutionListener, org.springframework.test.context.support.DependencyInjectionTestExecutionListener, org.springframework.test.context.support.DirtiesContextTestExecutionListener, org.springframework.test.context.transaction.TransactionalTestExecutionListener, org.springframework.test.context.jdbc.SqlScriptsTestExecutionListener]
2016-05-29 09:04:00.073  INFO 5960 --- [    Test worker] o.s.t.c.web.WebTestContextBootstrapper   : Using TestExecutionListeners: [org.springframework.test.context.web.ServletTestExecutionListener@5fce7e4c, org.springframework.test.context.support.DirtiesContextBeforeModesTestExecutionListener@4fd64e69, org.springframework.test.context.support.DependencyInjectionTestExecutionListener@780342d2, org.springframework.test.context.support.DirtiesContextTestExecutionListener@33b77a96, org.springframework.test.context.transaction.TransactionalTestExecutionListener@1fa74eb2, org.springframework.test.context.jdbc.SqlScriptsTestExecutionListener@62fffe29]
]]></system-out>
  <system-err><![CDATA[]]></system-err>
</testsuite>
