<?xml version="1.0" encoding="UTF-8"?>
<testsuite name="com.uniritter.monitor.rest.TestMetricaTipoController" tests="1" skipped="0" failures="0" errors="0" timestamp="2016-06-12T14:37:24" hostname="Note_Fontana" time="0.019">
  <properties/>
  <testcase name="testGetTipos" classname="com.uniritter.monitor.rest.TestMetricaTipoController" time="0.019"/>
  <system-out><![CDATA[2016-06-12 11:37:24.947  INFO 5216 --- [    Test worker] o.s.t.c.support.AbstractContextLoader    : Could not detect default resource locations for test class [com.uniritter.monitor.rest.TestMetricaTipoController]: no resource found for suffixes {-context.xml, Context.groovy}.
2016-06-12 11:37:24.950  INFO 5216 --- [    Test worker] WebAppIntegrationTestContextBootstrapper : Loaded default TestExecutionListener class names from location [META-INF/spring.factories]: [org.springframework.test.context.web.ServletTestExecutionListener, org.springframework.test.context.support.DirtiesContextBeforeModesTestExecutionListener, org.springframework.test.context.support.DependencyInjectionTestExecutionListener, org.springframework.test.context.support.DirtiesContextTestExecutionListener, org.springframework.test.context.transaction.TransactionalTestExecutionListener, org.springframework.test.context.jdbc.SqlScriptsTestExecutionListener]
2016-06-12 11:37:24.951  INFO 5216 --- [    Test worker] WebAppIntegrationTestContextBootstrapper : Using TestExecutionListeners: [org.springframework.test.context.web.ServletTestExecutionListener@10e72e80, org.springframework.test.context.support.DirtiesContextBeforeModesTestExecutionListener@6593b355, org.springframework.test.context.support.DependencyInjectionTestExecutionListener@65a85cf6, org.springframework.test.context.support.DirtiesContextTestExecutionListener@7d3783cb, org.springframework.test.context.transaction.TransactionalTestExecutionListener@540d31c3, org.springframework.test.context.jdbc.SqlScriptsTestExecutionListener@2c7c390c]
]]></system-out>
  <system-err><![CDATA[]]></system-err>
</testsuite>
