<?xml version="1.0" encoding="UTF-8"?>
<testsuite name="com.uniritter.monitor.rest.TestMedicaoController" tests="6" skipped="0" failures="0" errors="0" timestamp="2016-07-01T21:37:32" hostname="ZS-LAB103-65023" time="0.285">
  <properties/>
  <testcase name="testGetAllMedicoesDaMetrica" classname="com.uniritter.monitor.rest.TestMedicaoController" time="0.069"/>
  <testcase name="testGetHistoricoMedicoesDaMetrica" classname="com.uniritter.monitor.rest.TestMedicaoController" time="0.054"/>
  <testcase name="testGetUltimaMedicaoDaMetrica" classname="com.uniritter.monitor.rest.TestMedicaoController" time="0.056"/>
  <testcase name="testGetMedicoesDeMetricaInexistente" classname="com.uniritter.monitor.rest.TestMedicaoController" time="0.015"/>
  <testcase name="testCreateMedicao" classname="com.uniritter.monitor.rest.TestMedicaoController" time="0.075"/>
  <testcase name="testCreateMedicaoDeMetricaInexistente" classname="com.uniritter.monitor.rest.TestMedicaoController" time="0.013"/>
  <system-out><![CDATA[2016-07-01 18:37:32.561  INFO 8124 --- [    Test worker] o.s.t.c.support.AbstractContextLoader    : Could not detect default resource locations for test class [com.uniritter.monitor.rest.TestMedicaoController]: no resource found for suffixes {-context.xml, Context.groovy}.
2016-07-01 18:37:32.563  INFO 8124 --- [    Test worker] WebAppIntegrationTestContextBootstrapper : Loaded default TestExecutionListener class names from location [META-INF/spring.factories]: [org.springframework.test.context.web.ServletTestExecutionListener, org.springframework.test.context.support.DirtiesContextBeforeModesTestExecutionListener, org.springframework.test.context.support.DependencyInjectionTestExecutionListener, org.springframework.test.context.support.DirtiesContextTestExecutionListener, org.springframework.test.context.transaction.TransactionalTestExecutionListener, org.springframework.test.context.jdbc.SqlScriptsTestExecutionListener]
2016-07-01 18:37:32.563  INFO 8124 --- [    Test worker] WebAppIntegrationTestContextBootstrapper : Using TestExecutionListeners: [org.springframework.test.context.web.ServletTestExecutionListener@65f1776, org.springframework.test.context.support.DirtiesContextBeforeModesTestExecutionListener@4cfd473e, org.springframework.test.context.support.DependencyInjectionTestExecutionListener@8505eef, org.springframework.test.context.support.DirtiesContextTestExecutionListener@5488a12c, org.springframework.test.context.transaction.TransactionalTestExecutionListener@560d7b0f, org.springframework.test.context.jdbc.SqlScriptsTestExecutionListener@f0a41ec]
]]></system-out>
  <system-err><![CDATA[]]></system-err>
</testsuite>
