<?xml version="1.0" encoding="UTF-8"?>
<testsuite name="com.uniritter.monitor.persistence.TestAlertaDao" tests="4" skipped="0" failures="0" errors="0" timestamp="2016-06-19T13:32:43" hostname="Note_Fontana" time="0.065">
  <properties/>
  <testcase name="testAlertaDaoGetById" classname="com.uniritter.monitor.persistence.TestAlertaDao" time="0.009"/>
  <testcase name="testAlertaDaoGetList" classname="com.uniritter.monitor.persistence.TestAlertaDao" time="0.032"/>
  <testcase name="testAlertaDaoCreate" classname="com.uniritter.monitor.persistence.TestAlertaDao" time="0.002"/>
  <testcase name="testAlertaDaoGetFromParent" classname="com.uniritter.monitor.persistence.TestAlertaDao" time="0.016"/>
  <system-out><![CDATA[2016-06-19 10:32:43.482  INFO 2012 --- [    Test worker] o.s.t.c.support.AbstractContextLoader    : Could not detect default resource locations for test class [com.uniritter.monitor.persistence.TestAlertaDao]: no resource found for suffixes {-context.xml, Context.groovy}.
2016-06-19 10:32:43.511  INFO 2012 --- [    Test worker] o.s.t.c.web.WebTestContextBootstrapper   : Loaded default TestExecutionListener class names from location [META-INF/spring.factories]: [org.springframework.test.context.web.ServletTestExecutionListener, org.springframework.test.context.support.DirtiesContextBeforeModesTestExecutionListener, org.springframework.test.context.support.DependencyInjectionTestExecutionListener, org.springframework.test.context.support.DirtiesContextTestExecutionListener, org.springframework.test.context.transaction.TransactionalTestExecutionListener, org.springframework.test.context.jdbc.SqlScriptsTestExecutionListener]
2016-06-19 10:32:43.512  INFO 2012 --- [    Test worker] o.s.t.c.web.WebTestContextBootstrapper   : Using TestExecutionListeners: [org.springframework.test.context.web.ServletTestExecutionListener@4996b0db, org.springframework.test.context.support.DirtiesContextBeforeModesTestExecutionListener@75bb5d85, org.springframework.test.context.support.DependencyInjectionTestExecutionListener@7f14615e, org.springframework.test.context.support.DirtiesContextTestExecutionListener@198791d6, org.springframework.test.context.transaction.TransactionalTestExecutionListener@65ebfa55, org.springframework.test.context.jdbc.SqlScriptsTestExecutionListener@4a93c418]
]]></system-out>
  <system-err><![CDATA[]]></system-err>
</testsuite>
