<?xml version="1.0" encoding="UTF-8"?>
<testsuite name="com.uniritter.monitor.persistence.TestMetricaDao" tests="5" skipped="0" failures="0" errors="0" timestamp="2016-07-01T22:51:56" hostname="ZS-LAB103-65023" time="0.099">
  <properties/>
  <testcase name="testDataBase" classname="com.uniritter.monitor.persistence.TestMetricaDao" time="0.039"/>
  <testcase name="testMetricaDaoRegisterNotExist" classname="com.uniritter.monitor.persistence.TestMetricaDao" time="0.0"/>
  <testcase name="testMetricaDaoGetList" classname="com.uniritter.monitor.persistence.TestMetricaDao" time="0.058"/>
  <testcase name="testMetricaDaoRegisterExist" classname="com.uniritter.monitor.persistence.TestMetricaDao" time="0.0"/>
  <testcase name="testMetricaDaoCreate" classname="com.uniritter.monitor.persistence.TestMetricaDao" time="0.0"/>
  <system-out><![CDATA[2016-07-01 19:51:56.738  INFO 6560 --- [    Test worker] o.s.t.c.support.AbstractContextLoader    : Could not detect default resource locations for test class [com.uniritter.monitor.persistence.TestMetricaDao]: no resource found for suffixes {-context.xml, Context.groovy}.
2016-07-01 19:51:56.738  INFO 6560 --- [    Test worker] o.s.t.c.web.WebTestContextBootstrapper   : Loaded default TestExecutionListener class names from location [META-INF/spring.factories]: [org.springframework.test.context.web.ServletTestExecutionListener, org.springframework.test.context.support.DirtiesContextBeforeModesTestExecutionListener, org.springframework.test.context.support.DependencyInjectionTestExecutionListener, org.springframework.test.context.support.DirtiesContextTestExecutionListener, org.springframework.test.context.transaction.TransactionalTestExecutionListener, org.springframework.test.context.jdbc.SqlScriptsTestExecutionListener]
2016-07-01 19:51:56.738  INFO 6560 --- [    Test worker] o.s.t.c.web.WebTestContextBootstrapper   : Using TestExecutionListeners: [org.springframework.test.context.web.ServletTestExecutionListener@30538030, org.springframework.test.context.support.DirtiesContextBeforeModesTestExecutionListener@3a04e819, org.springframework.test.context.support.DependencyInjectionTestExecutionListener@1821df11, org.springframework.test.context.support.DirtiesContextTestExecutionListener@57bbe177, org.springframework.test.context.transaction.TransactionalTestExecutionListener@6fcf78a0, org.springframework.test.context.jdbc.SqlScriptsTestExecutionListener@1df889b9]
]]></system-out>
  <system-err><![CDATA[]]></system-err>
</testsuite>
