<?xml version="1.0" encoding="UTF-8"?>
<testsuite name="com.uniritter.monitor.persistence.TestMetricaDao" tests="3" skipped="0" failures="0" errors="0" timestamp="2016-06-17T21:38:24" hostname="ZS-LAB103-65023" time="0.073">
  <properties/>
  <testcase name="testDataBase" classname="com.uniritter.monitor.persistence.TestMetricaDao" time="0.037"/>
  <testcase name="testMetricaDaoGetList" classname="com.uniritter.monitor.persistence.TestMetricaDao" time="0.034"/>
  <testcase name="testMetricaDaoCreate" classname="com.uniritter.monitor.persistence.TestMetricaDao" time="0.001"/>
  <system-out><![CDATA[2016-06-17 18:38:24.860  INFO 5636 --- [    Test worker] o.s.t.c.support.AbstractContextLoader    : Could not detect default resource locations for test class [com.uniritter.monitor.persistence.TestMetricaDao]: no resource found for suffixes {-context.xml, Context.groovy}.
2016-06-17 18:38:24.862  INFO 5636 --- [    Test worker] o.s.t.c.web.WebTestContextBootstrapper   : Loaded default TestExecutionListener class names from location [META-INF/spring.factories]: [org.springframework.test.context.web.ServletTestExecutionListener, org.springframework.test.context.support.DirtiesContextBeforeModesTestExecutionListener, org.springframework.test.context.support.DependencyInjectionTestExecutionListener, org.springframework.test.context.support.DirtiesContextTestExecutionListener, org.springframework.test.context.transaction.TransactionalTestExecutionListener, org.springframework.test.context.jdbc.SqlScriptsTestExecutionListener]
2016-06-17 18:38:24.862  INFO 5636 --- [    Test worker] o.s.t.c.web.WebTestContextBootstrapper   : Using TestExecutionListeners: [org.springframework.test.context.web.ServletTestExecutionListener@61f51eb, org.springframework.test.context.support.DirtiesContextBeforeModesTestExecutionListener@723b1e70, org.springframework.test.context.support.DependencyInjectionTestExecutionListener@74b85a7, org.springframework.test.context.support.DirtiesContextTestExecutionListener@6f339aae, org.springframework.test.context.transaction.TransactionalTestExecutionListener@24f04e8b, org.springframework.test.context.jdbc.SqlScriptsTestExecutionListener@1cb49a9f]
]]></system-out>
  <system-err><![CDATA[]]></system-err>
</testsuite>
