<?xml version="1.0" encoding="UTF-8"?>
<testsuite name="com.uniritter.monitor.rest.TestMetricaTipoController" tests="1" skipped="0" failures="0" errors="0" timestamp="2016-06-07T01:58:07" hostname="Note_Fontana" time="0.023">
  <properties/>
  <testcase name="testGetTipos" classname="com.uniritter.monitor.rest.TestMetricaTipoController" time="0.023"/>
  <system-out><![CDATA[2016-06-06 22:58:07.031  INFO 4940 --- [    Test worker] o.s.t.c.support.AbstractContextLoader    : Could not detect default resource locations for test class [com.uniritter.monitor.rest.TestMetricaTipoController]: no resource found for suffixes {-context.xml, Context.groovy}.
2016-06-06 22:58:07.034  INFO 4940 --- [    Test worker] WebAppIntegrationTestContextBootstrapper : Loaded default TestExecutionListener class names from location [META-INF/spring.factories]: [org.springframework.test.context.web.ServletTestExecutionListener, org.springframework.test.context.support.DirtiesContextBeforeModesTestExecutionListener, org.springframework.test.context.support.DependencyInjectionTestExecutionListener, org.springframework.test.context.support.DirtiesContextTestExecutionListener, org.springframework.test.context.transaction.TransactionalTestExecutionListener, org.springframework.test.context.jdbc.SqlScriptsTestExecutionListener]
2016-06-06 22:58:07.034  INFO 4940 --- [    Test worker] WebAppIntegrationTestContextBootstrapper : Using TestExecutionListeners: [org.springframework.test.context.web.ServletTestExecutionListener@44d3366, org.springframework.test.context.support.DirtiesContextBeforeModesTestExecutionListener@17f12f6, org.springframework.test.context.support.DependencyInjectionTestExecutionListener@69d8c8, org.springframework.test.context.support.DirtiesContextTestExecutionListener@5487c9ae, org.springframework.test.context.transaction.TransactionalTestExecutionListener@39bc065b, org.springframework.test.context.jdbc.SqlScriptsTestExecutionListener@402d4b38]
]]></system-out>
  <system-err><![CDATA[]]></system-err>
</testsuite>
