<?xml version="1.0" encoding="UTF-8"?>
<testsuite name="com.uniritter.monitor.rest.TestHostGrupoController" tests="1" skipped="0" failures="0" errors="0" timestamp="2016-07-01T23:38:31" hostname="ZS-LAB103-65023" time="0.013">
  <properties/>
  <testcase name="testGetGrupos" classname="com.uniritter.monitor.rest.TestHostGrupoController" time="0.013"/>
  <system-out><![CDATA[2016-07-01 20:38:31.353  INFO 7228 --- [    Test worker] o.s.t.c.support.AbstractContextLoader    : Could not detect default resource locations for test class [com.uniritter.monitor.rest.TestHostGrupoController]: no resource found for suffixes {-context.xml, Context.groovy}.
2016-07-01 20:38:31.355  INFO 7228 --- [    Test worker] WebAppIntegrationTestContextBootstrapper : Loaded default TestExecutionListener class names from location [META-INF/spring.factories]: [org.springframework.test.context.web.ServletTestExecutionListener, org.springframework.test.context.support.DirtiesContextBeforeModesTestExecutionListener, org.springframework.test.context.support.DependencyInjectionTestExecutionListener, org.springframework.test.context.support.DirtiesContextTestExecutionListener, org.springframework.test.context.transaction.TransactionalTestExecutionListener, org.springframework.test.context.jdbc.SqlScriptsTestExecutionListener]
2016-07-01 20:38:31.355  INFO 7228 --- [    Test worker] WebAppIntegrationTestContextBootstrapper : Using TestExecutionListeners: [org.springframework.test.context.web.ServletTestExecutionListener@4e22c96, org.springframework.test.context.support.DirtiesContextBeforeModesTestExecutionListener@1cdd2e5b, org.springframework.test.context.support.DependencyInjectionTestExecutionListener@7d0e672a, org.springframework.test.context.support.DirtiesContextTestExecutionListener@3c97368a, org.springframework.test.context.transaction.TransactionalTestExecutionListener@6b7dbd19, org.springframework.test.context.jdbc.SqlScriptsTestExecutionListener@c09eb71]
]]></system-out>
  <system-err><![CDATA[]]></system-err>
</testsuite>
