<?xml version="1.0" encoding="UTF-8"?>
<testsuite name="com.uniritter.monitor.rest.TestMetricaTipoController" tests="1" skipped="0" failures="0" errors="0" timestamp="2016-07-01T23:57:21" hostname="ZS-LAB103-65023" time="0.016">
  <properties/>
  <testcase name="testGetTipos" classname="com.uniritter.monitor.rest.TestMetricaTipoController" time="0.016"/>
  <system-out><![CDATA[2016-07-01 20:57:21.379  INFO 5668 --- [    Test worker] o.s.t.c.support.AbstractContextLoader    : Could not detect default resource locations for test class [com.uniritter.monitor.rest.TestMetricaTipoController]: no resource found for suffixes {-context.xml, Context.groovy}.
2016-07-01 20:57:21.379  INFO 5668 --- [    Test worker] WebAppIntegrationTestContextBootstrapper : Loaded default TestExecutionListener class names from location [META-INF/spring.factories]: [org.springframework.test.context.web.ServletTestExecutionListener, org.springframework.test.context.support.DirtiesContextBeforeModesTestExecutionListener, org.springframework.test.context.support.DependencyInjectionTestExecutionListener, org.springframework.test.context.support.DirtiesContextTestExecutionListener, org.springframework.test.context.transaction.TransactionalTestExecutionListener, org.springframework.test.context.jdbc.SqlScriptsTestExecutionListener]
2016-07-01 20:57:21.379  INFO 5668 --- [    Test worker] WebAppIntegrationTestContextBootstrapper : Using TestExecutionListeners: [org.springframework.test.context.web.ServletTestExecutionListener@346e63c4, org.springframework.test.context.support.DirtiesContextBeforeModesTestExecutionListener@3b57f3c0, org.springframework.test.context.support.DependencyInjectionTestExecutionListener@b43e0b0, org.springframework.test.context.support.DirtiesContextTestExecutionListener@15544897, org.springframework.test.context.transaction.TransactionalTestExecutionListener@5069bc71, org.springframework.test.context.jdbc.SqlScriptsTestExecutionListener@4dd2c7f5]
]]></system-out>
  <system-err><![CDATA[]]></system-err>
</testsuite>
