<?xml version="1.0" encoding="UTF-8"?>
<testsuite name="com.uniritter.monitor.domain.TestMetricaService" tests="7" skipped="0" failures="0" errors="0" timestamp="2016-06-19T13:32:42" hostname="Note_Fontana" time="0.99">
  <properties/>
  <testcase name="testMetricaGetHistoricoMedicoes" classname="com.uniritter.monitor.domain.TestMetricaService" time="0.115"/>
  <testcase name="testDeleteMetricaEHosts" classname="com.uniritter.monitor.domain.TestMetricaService" time="0.011"/>
  <testcase name="testGetMetricaComHosts" classname="com.uniritter.monitor.domain.TestMetricaService" time="0.071"/>
  <testcase name="testMetricaGetUltimaMedicao" classname="com.uniritter.monitor.domain.TestMetricaService" time="0.176"/>
  <testcase name="testCriarNovaMetrica" classname="com.uniritter.monitor.domain.TestMetricaService" time="0.02"/>
  <testcase name="testGetMetricas" classname="com.uniritter.monitor.domain.TestMetricaService" time="0.141"/>
  <testcase name="testGetMetrica" classname="com.uniritter.monitor.domain.TestMetricaService" time="0.001"/>
  <system-out><![CDATA[2016-06-19 10:32:42.480  INFO 2012 --- [    Test worker] o.s.t.c.support.AbstractContextLoader    : Could not detect default resource locations for test class [com.uniritter.monitor.domain.TestMetricaService]: no resource found for suffixes {-context.xml, Context.groovy}.
2016-06-19 10:32:42.484  INFO 2012 --- [    Test worker] o.s.t.c.web.WebTestContextBootstrapper   : Loaded default TestExecutionListener class names from location [META-INF/spring.factories]: [org.springframework.test.context.web.ServletTestExecutionListener, org.springframework.test.context.support.DirtiesContextBeforeModesTestExecutionListener, org.springframework.test.context.support.DependencyInjectionTestExecutionListener, org.springframework.test.context.support.DirtiesContextTestExecutionListener, org.springframework.test.context.transaction.TransactionalTestExecutionListener, org.springframework.test.context.jdbc.SqlScriptsTestExecutionListener]
2016-06-19 10:32:42.484  INFO 2012 --- [    Test worker] o.s.t.c.web.WebTestContextBootstrapper   : Using TestExecutionListeners: [org.springframework.test.context.web.ServletTestExecutionListener@1c0ccefd, org.springframework.test.context.support.DirtiesContextBeforeModesTestExecutionListener@326b7c06, org.springframework.test.context.support.DependencyInjectionTestExecutionListener@71ffb219, org.springframework.test.context.support.DirtiesContextTestExecutionListener@18e4024b, org.springframework.test.context.transaction.TransactionalTestExecutionListener@62e55c8c, org.springframework.test.context.jdbc.SqlScriptsTestExecutionListener@b07979a]
]]></system-out>
  <system-err><![CDATA[]]></system-err>
</testsuite>
