<?xml version="1.0" encoding="UTF-8"?>
<testsuite name="com.uniritter.monitor.domain.TestMedicaoService" tests="2" skipped="0" failures="0" errors="0" timestamp="2016-06-08T00:49:21" hostname="Note_Fontana" time="0.037">
  <properties/>
  <testcase name="testGetMedicoes" classname="com.uniritter.monitor.domain.TestMedicaoService" time="0.017"/>
  <testcase name="testCreateMedicao" classname="com.uniritter.monitor.domain.TestMedicaoService" time="0.02"/>
  <system-out><![CDATA[2016-06-07 21:49:21.004  INFO 4768 --- [    Test worker] o.s.t.c.support.AbstractContextLoader    : Could not detect default resource locations for test class [com.uniritter.monitor.domain.TestMedicaoService]: no resource found for suffixes {-context.xml, Context.groovy}.
2016-06-07 21:49:21.008  INFO 4768 --- [    Test worker] o.s.t.c.web.WebTestContextBootstrapper   : Loaded default TestExecutionListener class names from location [META-INF/spring.factories]: [org.springframework.test.context.web.ServletTestExecutionListener, org.springframework.test.context.support.DirtiesContextBeforeModesTestExecutionListener, org.springframework.test.context.support.DependencyInjectionTestExecutionListener, org.springframework.test.context.support.DirtiesContextTestExecutionListener, org.springframework.test.context.transaction.TransactionalTestExecutionListener, org.springframework.test.context.jdbc.SqlScriptsTestExecutionListener]
2016-06-07 21:49:21.008  INFO 4768 --- [    Test worker] o.s.t.c.web.WebTestContextBootstrapper   : Using TestExecutionListeners: [org.springframework.test.context.web.ServletTestExecutionListener@18d690e6, org.springframework.test.context.support.DirtiesContextBeforeModesTestExecutionListener@1e38b182, org.springframework.test.context.support.DependencyInjectionTestExecutionListener@54e42764, org.springframework.test.context.support.DirtiesContextTestExecutionListener@b59f84c, org.springframework.test.context.transaction.TransactionalTestExecutionListener@27240861, org.springframework.test.context.jdbc.SqlScriptsTestExecutionListener@7c4b19a6]
]]></system-out>
  <system-err><![CDATA[]]></system-err>
</testsuite>
