<?xml version="1.0" encoding="UTF-8"?>
<testsuite name="com.uniritter.monitor.persistence.TestMetricaRepository" tests="2" skipped="0" failures="0" errors="0" timestamp="2016-06-03T01:50:10" hostname="Note_Fontana" time="0.023">
  <properties/>
  <testcase name="testMetricaRepositorySave" classname="com.uniritter.monitor.persistence.TestMetricaRepository" time="0.001"/>
  <testcase name="testMetricaRepositoryGetList" classname="com.uniritter.monitor.persistence.TestMetricaRepository" time="0.021"/>
  <system-out><![CDATA[2016-06-02 22:50:10.104  INFO 5280 --- [    Test worker] o.s.t.c.support.AbstractContextLoader    : Could not detect default resource locations for test class [com.uniritter.monitor.persistence.TestMetricaRepository]: no resource found for suffixes {-context.xml, Context.groovy}.
2016-06-02 22:50:10.108  INFO 5280 --- [    Test worker] o.s.t.c.web.WebTestContextBootstrapper   : Loaded default TestExecutionListener class names from location [META-INF/spring.factories]: [org.springframework.test.context.web.ServletTestExecutionListener, org.springframework.test.context.support.DirtiesContextBeforeModesTestExecutionListener, org.springframework.test.context.support.DependencyInjectionTestExecutionListener, org.springframework.test.context.support.DirtiesContextTestExecutionListener, org.springframework.test.context.transaction.TransactionalTestExecutionListener, org.springframework.test.context.jdbc.SqlScriptsTestExecutionListener]
2016-06-02 22:50:10.108  INFO 5280 --- [    Test worker] o.s.t.c.web.WebTestContextBootstrapper   : Using TestExecutionListeners: [org.springframework.test.context.web.ServletTestExecutionListener@59b724cf, org.springframework.test.context.support.DirtiesContextBeforeModesTestExecutionListener@4818a9a7, org.springframework.test.context.support.DependencyInjectionTestExecutionListener@405f86, org.springframework.test.context.support.DirtiesContextTestExecutionListener@3900e53c, org.springframework.test.context.transaction.TransactionalTestExecutionListener@59f13f8f, org.springframework.test.context.jdbc.SqlScriptsTestExecutionListener@5429e087]
]]></system-out>
  <system-err><![CDATA[]]></system-err>
</testsuite>
