<?xml version="1.0" encoding="UTF-8"?>
<testsuite name="com.uniritter.monitor.rest.TestMetricaController" tests="7" skipped="0" failures="0" errors="0" timestamp="2016-06-03T01:50:18" hostname="Note_Fontana" time="0.545">
  <properties/>
  <testcase name="testDeleteMetricaInexistente" classname="com.uniritter.monitor.rest.TestMetricaController" time="0.026"/>
  <testcase name="testDeleteMetrica" classname="com.uniritter.monitor.rest.TestMetricaController" time="0.185"/>
  <testcase name="testGetMetricaInexistente" classname="com.uniritter.monitor.rest.TestMetricaController" time="0.033"/>
  <testcase name="testGetTodasMetricas" classname="com.uniritter.monitor.rest.TestMetricaController" time="0.225"/>
  <testcase name="testCreateMetrica" classname="com.uniritter.monitor.rest.TestMetricaController" time="0.016"/>
  <testcase name="testGetMetrica" classname="com.uniritter.monitor.rest.TestMetricaController" time="0.03"/>
  <testcase name="testCreateMetricaTipoInvalido" classname="com.uniritter.monitor.rest.TestMetricaController" time="0.024"/>
  <system-out><![CDATA[2016-06-02 22:50:18.972  INFO 5280 --- [    Test worker] o.s.t.c.support.AbstractContextLoader    : Could not detect default resource locations for test class [com.uniritter.monitor.rest.TestMetricaController]: no resource found for suffixes {-context.xml, Context.groovy}.
2016-06-02 22:50:18.978  INFO 5280 --- [    Test worker] WebAppIntegrationTestContextBootstrapper : Loaded default TestExecutionListener class names from location [META-INF/spring.factories]: [org.springframework.test.context.web.ServletTestExecutionListener, org.springframework.test.context.support.DirtiesContextBeforeModesTestExecutionListener, org.springframework.test.context.support.DependencyInjectionTestExecutionListener, org.springframework.test.context.support.DirtiesContextTestExecutionListener, org.springframework.test.context.transaction.TransactionalTestExecutionListener, org.springframework.test.context.jdbc.SqlScriptsTestExecutionListener]
2016-06-02 22:50:18.979  INFO 5280 --- [    Test worker] WebAppIntegrationTestContextBootstrapper : Using TestExecutionListeners: [org.springframework.test.context.web.ServletTestExecutionListener@4ce554f7, org.springframework.test.context.support.DirtiesContextBeforeModesTestExecutionListener@31cff5f7, org.springframework.test.context.support.DependencyInjectionTestExecutionListener@4f65d9fc, org.springframework.test.context.support.DirtiesContextTestExecutionListener@4737f2b8, org.springframework.test.context.transaction.TransactionalTestExecutionListener@21134445, org.springframework.test.context.jdbc.SqlScriptsTestExecutionListener@6f3d7ddd]
]]></system-out>
  <system-err><![CDATA[]]></system-err>
</testsuite>
