<?xml version="1.0" encoding="UTF-8"?>
<testsuite name="com.uniritter.monitor.rest.TestAlertaRegraController" tests="1" skipped="0" failures="0" errors="0" timestamp="2016-06-17T21:38:28" hostname="ZS-LAB103-65023" time="0.015">
  <properties/>
  <testcase name="testGetRegras" classname="com.uniritter.monitor.rest.TestAlertaRegraController" time="0.015"/>
  <system-out><![CDATA[2016-06-17 18:38:28.271  INFO 5636 --- [    Test worker] o.s.t.c.support.AbstractContextLoader    : Could not detect default resource locations for test class [com.uniritter.monitor.rest.TestAlertaRegraController]: no resource found for suffixes {-context.xml, Context.groovy}.
2016-06-17 18:38:28.273  INFO 5636 --- [    Test worker] WebAppIntegrationTestContextBootstrapper : Loaded default TestExecutionListener class names from location [META-INF/spring.factories]: [org.springframework.test.context.web.ServletTestExecutionListener, org.springframework.test.context.support.DirtiesContextBeforeModesTestExecutionListener, org.springframework.test.context.support.DependencyInjectionTestExecutionListener, org.springframework.test.context.support.DirtiesContextTestExecutionListener, org.springframework.test.context.transaction.TransactionalTestExecutionListener, org.springframework.test.context.jdbc.SqlScriptsTestExecutionListener]
2016-06-17 18:38:28.273  INFO 5636 --- [    Test worker] WebAppIntegrationTestContextBootstrapper : Using TestExecutionListeners: [org.springframework.test.context.web.ServletTestExecutionListener@2acba4f1, org.springframework.test.context.support.DirtiesContextBeforeModesTestExecutionListener@1fb9e02a, org.springframework.test.context.support.DependencyInjectionTestExecutionListener@642bf5ab, org.springframework.test.context.support.DirtiesContextTestExecutionListener@20de0ee, org.springframework.test.context.transaction.TransactionalTestExecutionListener@5d2a2a4f, org.springframework.test.context.jdbc.SqlScriptsTestExecutionListener@7b3fd851]
]]></system-out>
  <system-err><![CDATA[]]></system-err>
</testsuite>
