<?xml version="1.0" encoding="UTF-8"?>
<testsuite name="com.uniritter.monitor.rest.TestHostGrupoController" tests="1" skipped="0" failures="0" errors="0" timestamp="2016-07-01T21:37:32" hostname="ZS-LAB103-65023" time="0.013">
  <properties/>
  <testcase name="testGetGrupos" classname="com.uniritter.monitor.rest.TestHostGrupoController" time="0.013"/>
  <system-out><![CDATA[2016-07-01 18:37:32.542  INFO 8124 --- [    Test worker] o.s.t.c.support.AbstractContextLoader    : Could not detect default resource locations for test class [com.uniritter.monitor.rest.TestHostGrupoController]: no resource found for suffixes {-context.xml, Context.groovy}.
2016-07-01 18:37:32.544  INFO 8124 --- [    Test worker] WebAppIntegrationTestContextBootstrapper : Loaded default TestExecutionListener class names from location [META-INF/spring.factories]: [org.springframework.test.context.web.ServletTestExecutionListener, org.springframework.test.context.support.DirtiesContextBeforeModesTestExecutionListener, org.springframework.test.context.support.DependencyInjectionTestExecutionListener, org.springframework.test.context.support.DirtiesContextTestExecutionListener, org.springframework.test.context.transaction.TransactionalTestExecutionListener, org.springframework.test.context.jdbc.SqlScriptsTestExecutionListener]
2016-07-01 18:37:32.544  INFO 8124 --- [    Test worker] WebAppIntegrationTestContextBootstrapper : Using TestExecutionListeners: [org.springframework.test.context.web.ServletTestExecutionListener@6401a64d, org.springframework.test.context.support.DirtiesContextBeforeModesTestExecutionListener@284d3c86, org.springframework.test.context.support.DependencyInjectionTestExecutionListener@66c09615, org.springframework.test.context.support.DirtiesContextTestExecutionListener@6dbd7166, org.springframework.test.context.transaction.TransactionalTestExecutionListener@306017d3, org.springframework.test.context.jdbc.SqlScriptsTestExecutionListener@74bc3674]
]]></system-out>
  <system-err><![CDATA[]]></system-err>
</testsuite>
