<?xml version="1.0" encoding="UTF-8"?>
<testsuite name="com.uniritter.monitor.persistence.TestMetricaDao" tests="5" skipped="0" failures="0" errors="0" timestamp="2016-07-01T23:57:17" hostname="ZS-LAB103-65023" time="0.093">
  <properties/>
  <testcase name="testDataBase" classname="com.uniritter.monitor.persistence.TestMetricaDao" time="0.046"/>
  <testcase name="testMetricaDaoRegisterNotExist" classname="com.uniritter.monitor.persistence.TestMetricaDao" time="0.0"/>
  <testcase name="testMetricaDaoGetList" classname="com.uniritter.monitor.persistence.TestMetricaDao" time="0.047"/>
  <testcase name="testMetricaDaoRegisterExist" classname="com.uniritter.monitor.persistence.TestMetricaDao" time="0.0"/>
  <testcase name="testMetricaDaoCreate" classname="com.uniritter.monitor.persistence.TestMetricaDao" time="0.0"/>
  <system-out><![CDATA[2016-07-01 20:57:17.147  INFO 5668 --- [    Test worker] o.s.t.c.support.AbstractContextLoader    : Could not detect default resource locations for test class [com.uniritter.monitor.persistence.TestMetricaDao]: no resource found for suffixes {-context.xml, Context.groovy}.
2016-07-01 20:57:17.147  INFO 5668 --- [    Test worker] o.s.t.c.web.WebTestContextBootstrapper   : Loaded default TestExecutionListener class names from location [META-INF/spring.factories]: [org.springframework.test.context.web.ServletTestExecutionListener, org.springframework.test.context.support.DirtiesContextBeforeModesTestExecutionListener, org.springframework.test.context.support.DependencyInjectionTestExecutionListener, org.springframework.test.context.support.DirtiesContextTestExecutionListener, org.springframework.test.context.transaction.TransactionalTestExecutionListener, org.springframework.test.context.jdbc.SqlScriptsTestExecutionListener]
2016-07-01 20:57:17.147  INFO 5668 --- [    Test worker] o.s.t.c.web.WebTestContextBootstrapper   : Using TestExecutionListeners: [org.springframework.test.context.web.ServletTestExecutionListener@3b1fe29e, org.springframework.test.context.support.DirtiesContextBeforeModesTestExecutionListener@2a571165, org.springframework.test.context.support.DependencyInjectionTestExecutionListener@3a37139a, org.springframework.test.context.support.DirtiesContextTestExecutionListener@75e80151, org.springframework.test.context.transaction.TransactionalTestExecutionListener@52aea950, org.springframework.test.context.jdbc.SqlScriptsTestExecutionListener@48eded98]
]]></system-out>
  <system-err><![CDATA[]]></system-err>
</testsuite>
