<?xml version="1.0" encoding="UTF-8"?>
<testsuite name="com.uniritter.monitor.TestMonitorApplication" tests="2" skipped="0" failures="0" errors="0" timestamp="2016-05-29T15:11:09" hostname="Note_Fontana" time="0.006">
  <properties/>
  <testcase name="testMetricaMapperList" classname="com.uniritter.monitor.TestMonitorApplication" time="0.003"/>
  <testcase name="testMetricaMapperList2" classname="com.uniritter.monitor.TestMonitorApplication" time="0.002"/>
  <system-out><![CDATA[2016-05-29 12:11:09.947  INFO 5040 --- [    Test worker] o.s.t.c.support.AbstractContextLoader    : Could not detect default resource locations for test class [com.uniritter.monitor.TestMonitorApplication]: no resource found for suffixes {-context.xml, Context.groovy}.
2016-05-29 12:11:09.954  INFO 5040 --- [    Test worker] o.s.t.c.web.WebTestContextBootstrapper   : Loaded default TestExecutionListener class names from location [META-INF/spring.factories]: [org.springframework.test.context.web.ServletTestExecutionListener, org.springframework.test.context.support.DirtiesContextBeforeModesTestExecutionListener, org.springframework.test.context.support.DependencyInjectionTestExecutionListener, org.springframework.test.context.support.DirtiesContextTestExecutionListener, org.springframework.test.context.transaction.TransactionalTestExecutionListener, org.springframework.test.context.jdbc.SqlScriptsTestExecutionListener]
2016-05-29 12:11:09.954  INFO 5040 --- [    Test worker] o.s.t.c.web.WebTestContextBootstrapper   : Using TestExecutionListeners: [org.springframework.test.context.web.ServletTestExecutionListener@782a67f7, org.springframework.test.context.support.DirtiesContextBeforeModesTestExecutionListener@4876ff32, org.springframework.test.context.support.DependencyInjectionTestExecutionListener@360301e0, org.springframework.test.context.support.DirtiesContextTestExecutionListener@15c096d8, org.springframework.test.context.transaction.TransactionalTestExecutionListener@3e7e5e48, org.springframework.test.context.jdbc.SqlScriptsTestExecutionListener@418ea9da]
]]></system-out>
  <system-err><![CDATA[]]></system-err>
</testsuite>
