<?xml version="1.0" encoding="UTF-8"?>
<testsuite name="com.uniritter.monitor.domain.TestMetricaService" tests="5" skipped="0" failures="0" errors="0" timestamp="2016-06-07T01:58:00" hostname="Note_Fontana" time="0.219">
  <properties/>
  <testcase name="testDeleteMetricaEHosts" classname="com.uniritter.monitor.domain.TestMetricaService" time="0.011"/>
  <testcase name="testGetMetricaComHosts" classname="com.uniritter.monitor.domain.TestMetricaService" time="0.058"/>
  <testcase name="testCriarNovaMetrica" classname="com.uniritter.monitor.domain.TestMetricaService" time="0.005"/>
  <testcase name="testGetMetricas" classname="com.uniritter.monitor.domain.TestMetricaService" time="0.137"/>
  <testcase name="testGetMetrica" classname="com.uniritter.monitor.domain.TestMetricaService" time="0.003"/>
  <system-out><![CDATA[2016-06-06 22:58:00.283  INFO 4940 --- [    Test worker] o.s.t.c.support.AbstractContextLoader    : Could not detect default resource locations for test class [com.uniritter.monitor.domain.TestMetricaService]: no resource found for suffixes {-context.xml, Context.groovy}.
2016-06-06 22:58:00.286  INFO 4940 --- [    Test worker] o.s.t.c.web.WebTestContextBootstrapper   : Loaded default TestExecutionListener class names from location [META-INF/spring.factories]: [org.springframework.test.context.web.ServletTestExecutionListener, org.springframework.test.context.support.DirtiesContextBeforeModesTestExecutionListener, org.springframework.test.context.support.DependencyInjectionTestExecutionListener, org.springframework.test.context.support.DirtiesContextTestExecutionListener, org.springframework.test.context.transaction.TransactionalTestExecutionListener, org.springframework.test.context.jdbc.SqlScriptsTestExecutionListener]
2016-06-06 22:58:00.287  INFO 4940 --- [    Test worker] o.s.t.c.web.WebTestContextBootstrapper   : Using TestExecutionListeners: [org.springframework.test.context.web.ServletTestExecutionListener@20395a3a, org.springframework.test.context.support.DirtiesContextBeforeModesTestExecutionListener@6c333756, org.springframework.test.context.support.DependencyInjectionTestExecutionListener@52390025, org.springframework.test.context.support.DirtiesContextTestExecutionListener@33b6e61c, org.springframework.test.context.transaction.TransactionalTestExecutionListener@59b482da, org.springframework.test.context.jdbc.SqlScriptsTestExecutionListener@2cc8973d]
]]></system-out>
  <system-err><![CDATA[]]></system-err>
</testsuite>
