<?xml version="1.0" encoding="UTF-8"?>
<testsuite name="com.uniritter.monitor.persistence.TestMetricaDao" tests="3" skipped="0" failures="0" errors="0" timestamp="2016-05-29T22:56:27" hostname="Note_Fontana" time="0.053">
  <properties/>
  <testcase name="testDataBase" classname="com.uniritter.monitor.persistence.TestMetricaDao" time="0.006"/>
  <testcase name="testMetricaDaoCreateMetrica" classname="com.uniritter.monitor.persistence.TestMetricaDao" time="0.003"/>
  <testcase name="testMetricaDaoGetMetricas" classname="com.uniritter.monitor.persistence.TestMetricaDao" time="0.041"/>
  <system-out><![CDATA[2016-05-29 19:56:27.272  INFO 5236 --- [    Test worker] o.s.t.c.support.AbstractContextLoader    : Could not detect default resource locations for test class [com.uniritter.monitor.persistence.TestMetricaDao]: no resource found for suffixes {-context.xml, Context.groovy}.
2016-05-29 19:56:27.275  INFO 5236 --- [    Test worker] o.s.t.c.web.WebTestContextBootstrapper   : Loaded default TestExecutionListener class names from location [META-INF/spring.factories]: [org.springframework.test.context.web.ServletTestExecutionListener, org.springframework.test.context.support.DirtiesContextBeforeModesTestExecutionListener, org.springframework.test.context.support.DependencyInjectionTestExecutionListener, org.springframework.test.context.support.DirtiesContextTestExecutionListener, org.springframework.test.context.transaction.TransactionalTestExecutionListener, org.springframework.test.context.jdbc.SqlScriptsTestExecutionListener]
2016-05-29 19:56:27.277  INFO 5236 --- [    Test worker] o.s.t.c.web.WebTestContextBootstrapper   : Using TestExecutionListeners: [org.springframework.test.context.web.ServletTestExecutionListener@1c07ccb5, org.springframework.test.context.support.DirtiesContextBeforeModesTestExecutionListener@1531e181, org.springframework.test.context.support.DependencyInjectionTestExecutionListener@159899be, org.springframework.test.context.support.DirtiesContextTestExecutionListener@6b19c09e, org.springframework.test.context.transaction.TransactionalTestExecutionListener@49d9db2c, org.springframework.test.context.jdbc.SqlScriptsTestExecutionListener@537e067f]
]]></system-out>
  <system-err><![CDATA[]]></system-err>
</testsuite>
