<?xml version="1.0" encoding="UTF-8"?>
<testsuite name="com.uniritter.monitor.persistence.TestMetricaRepository" tests="2" skipped="0" failures="0" errors="0" timestamp="2016-06-19T13:32:43" hostname="Note_Fontana" time="0.024">
  <properties/>
  <testcase name="testMetricaRepositorySave" classname="com.uniritter.monitor.persistence.TestMetricaRepository" time="0.0"/>
  <testcase name="testMetricaRepositoryGetList" classname="com.uniritter.monitor.persistence.TestMetricaRepository" time="0.021"/>
  <system-out><![CDATA[2016-06-19 10:32:43.746  INFO 2012 --- [    Test worker] o.s.t.c.support.AbstractContextLoader    : Could not detect default resource locations for test class [com.uniritter.monitor.persistence.TestMetricaRepository]: no resource found for suffixes {-context.xml, Context.groovy}.
2016-06-19 10:32:43.748  INFO 2012 --- [    Test worker] o.s.t.c.web.WebTestContextBootstrapper   : Loaded default TestExecutionListener class names from location [META-INF/spring.factories]: [org.springframework.test.context.web.ServletTestExecutionListener, org.springframework.test.context.support.DirtiesContextBeforeModesTestExecutionListener, org.springframework.test.context.support.DependencyInjectionTestExecutionListener, org.springframework.test.context.support.DirtiesContextTestExecutionListener, org.springframework.test.context.transaction.TransactionalTestExecutionListener, org.springframework.test.context.jdbc.SqlScriptsTestExecutionListener]
2016-06-19 10:32:43.749  INFO 2012 --- [    Test worker] o.s.t.c.web.WebTestContextBootstrapper   : Using TestExecutionListeners: [org.springframework.test.context.web.ServletTestExecutionListener@6f63e80b, org.springframework.test.context.support.DirtiesContextBeforeModesTestExecutionListener@4f5c7cbe, org.springframework.test.context.support.DependencyInjectionTestExecutionListener@290a2155, org.springframework.test.context.support.DirtiesContextTestExecutionListener@6f7d8067, org.springframework.test.context.transaction.TransactionalTestExecutionListener@1f2e0e33, org.springframework.test.context.jdbc.SqlScriptsTestExecutionListener@33bb28e4]
]]></system-out>
  <system-err><![CDATA[]]></system-err>
</testsuite>
