<?xml version="1.0" encoding="UTF-8"?>
<testsuite name="com.uniritter.monitor.domain.TestMedicaoService" tests="3" skipped="0" failures="0" errors="0" timestamp="2016-07-01T21:37:26" hostname="ZS-LAB103-65023" time="0.033">
  <properties/>
  <testcase name="testGetMedicoes" classname="com.uniritter.monitor.domain.TestMedicaoService" time="0.004"/>
  <testcase name="testCreateMedicao" classname="com.uniritter.monitor.domain.TestMedicaoService" time="0.011"/>
  <testcase name="testDisparaNotificaoAlertaValidoParaMedicaoRealizada" classname="com.uniritter.monitor.domain.TestMedicaoService" time="0.017"/>
  <system-out><![CDATA[2016-07-01 18:37:26.191  INFO 8124 --- [    Test worker] o.s.t.c.support.AbstractContextLoader    : Could not detect default resource locations for test class [com.uniritter.monitor.domain.TestMedicaoService]: no resource found for suffixes {-context.xml, Context.groovy}.
2016-07-01 18:37:26.193  INFO 8124 --- [    Test worker] o.s.t.c.web.WebTestContextBootstrapper   : Loaded default TestExecutionListener class names from location [META-INF/spring.factories]: [org.springframework.test.context.web.ServletTestExecutionListener, org.springframework.test.context.support.DirtiesContextBeforeModesTestExecutionListener, org.springframework.test.context.support.DependencyInjectionTestExecutionListener, org.springframework.test.context.support.DirtiesContextTestExecutionListener, org.springframework.test.context.transaction.TransactionalTestExecutionListener, org.springframework.test.context.jdbc.SqlScriptsTestExecutionListener]
2016-07-01 18:37:26.194  INFO 8124 --- [    Test worker] o.s.t.c.web.WebTestContextBootstrapper   : Using TestExecutionListeners: [org.springframework.test.context.web.ServletTestExecutionListener@3eef52dd, org.springframework.test.context.support.DirtiesContextBeforeModesTestExecutionListener@52294b72, org.springframework.test.context.support.DependencyInjectionTestExecutionListener@15185382, org.springframework.test.context.support.DirtiesContextTestExecutionListener@7012869f, org.springframework.test.context.transaction.TransactionalTestExecutionListener@50446a34, org.springframework.test.context.jdbc.SqlScriptsTestExecutionListener@3b98a517]
]]></system-out>
  <system-err><![CDATA[]]></system-err>
</testsuite>
