<?xml version="1.0" encoding="UTF-8"?>
<testsuite name="com.uniritter.monitor.rest.TestHostGrupoController" tests="1" skipped="0" failures="0" errors="0" timestamp="2016-06-03T21:36:52" hostname="ZS-LAB103-65023" time="0.016">
  <properties/>
  <testcase name="testGetTipos" classname="com.uniritter.monitor.rest.TestHostGrupoController" time="0.016"/>
  <system-out><![CDATA[2016-06-03 18:36:52.141  INFO 7328 --- [    Test worker] o.s.t.c.support.AbstractContextLoader    : Could not detect default resource locations for test class [com.uniritter.monitor.rest.TestHostGrupoController]: no resource found for suffixes {-context.xml, Context.groovy}.
2016-06-03 18:36:52.143  INFO 7328 --- [    Test worker] WebAppIntegrationTestContextBootstrapper : Loaded default TestExecutionListener class names from location [META-INF/spring.factories]: [org.springframework.test.context.web.ServletTestExecutionListener, org.springframework.test.context.support.DirtiesContextBeforeModesTestExecutionListener, org.springframework.test.context.support.DependencyInjectionTestExecutionListener, org.springframework.test.context.support.DirtiesContextTestExecutionListener, org.springframework.test.context.transaction.TransactionalTestExecutionListener, org.springframework.test.context.jdbc.SqlScriptsTestExecutionListener]
2016-06-03 18:36:52.143  INFO 7328 --- [    Test worker] WebAppIntegrationTestContextBootstrapper : Using TestExecutionListeners: [org.springframework.test.context.web.ServletTestExecutionListener@259015b, org.springframework.test.context.support.DirtiesContextBeforeModesTestExecutionListener@2167fe91, org.springframework.test.context.support.DependencyInjectionTestExecutionListener@3279f2b9, org.springframework.test.context.support.DirtiesContextTestExecutionListener@642e6992, org.springframework.test.context.transaction.TransactionalTestExecutionListener@231523a0, org.springframework.test.context.jdbc.SqlScriptsTestExecutionListener@40d5ef5e]
]]></system-out>
  <system-err><![CDATA[]]></system-err>
</testsuite>
