<?xml version="1.0" encoding="UTF-8"?>
<testsuite name="com.uniritter.monitor.rest.TestHostController" tests="2" skipped="0" failures="0" errors="0" timestamp="2016-06-26T15:07:21" hostname="Note_Fontana" time="0.111">
  <properties/>
  <testcase name="testCreateHost" classname="com.uniritter.monitor.rest.TestHostController" time="0.035"/>
  <testcase name="testGetTodoHostsDaMetrica" classname="com.uniritter.monitor.rest.TestHostController" time="0.073"/>
  <system-out><![CDATA[2016-06-26 12:07:21.120  INFO 3284 --- [    Test worker] o.s.t.c.support.AbstractContextLoader    : Could not detect default resource locations for test class [com.uniritter.monitor.rest.TestHostController]: no resource found for suffixes {-context.xml, Context.groovy}.
2016-06-26 12:07:21.123  INFO 3284 --- [    Test worker] WebAppIntegrationTestContextBootstrapper : Loaded default TestExecutionListener class names from location [META-INF/spring.factories]: [org.springframework.test.context.web.ServletTestExecutionListener, org.springframework.test.context.support.DirtiesContextBeforeModesTestExecutionListener, org.springframework.test.context.support.DependencyInjectionTestExecutionListener, org.springframework.test.context.support.DirtiesContextTestExecutionListener, org.springframework.test.context.transaction.TransactionalTestExecutionListener, org.springframework.test.context.jdbc.SqlScriptsTestExecutionListener]
2016-06-26 12:07:21.123  INFO 3284 --- [    Test worker] WebAppIntegrationTestContextBootstrapper : Using TestExecutionListeners: [org.springframework.test.context.web.ServletTestExecutionListener@12d28d2d, org.springframework.test.context.support.DirtiesContextBeforeModesTestExecutionListener@125ed2dc, org.springframework.test.context.support.DependencyInjectionTestExecutionListener@119d1159, org.springframework.test.context.support.DirtiesContextTestExecutionListener@3e585ef0, org.springframework.test.context.transaction.TransactionalTestExecutionListener@38e517f3, org.springframework.test.context.jdbc.SqlScriptsTestExecutionListener@5cc9fa01]
]]></system-out>
  <system-err><![CDATA[]]></system-err>
</testsuite>
