<?xml version="1.0" encoding="UTF-8"?>
<testsuite name="com.uniritter.monitor.persistence.TestMetricaRepository" tests="1" skipped="0" failures="0" errors="0" timestamp="2016-07-01T23:38:28" hostname="ZS-LAB103-65023" time="0.03">
  <properties/>
  <testcase name="testMetricaRepositoryGetList" classname="com.uniritter.monitor.persistence.TestMetricaRepository" time="0.03"/>
  <system-out><![CDATA[2016-07-01 20:38:28.117  INFO 7228 --- [    Test worker] o.s.t.c.support.AbstractContextLoader    : Could not detect default resource locations for test class [com.uniritter.monitor.persistence.TestMetricaRepository]: no resource found for suffixes {-context.xml, Context.groovy}.
2016-07-01 20:38:28.119  INFO 7228 --- [    Test worker] o.s.t.c.web.WebTestContextBootstrapper   : Loaded default TestExecutionListener class names from location [META-INF/spring.factories]: [org.springframework.test.context.web.ServletTestExecutionListener, org.springframework.test.context.support.DirtiesContextBeforeModesTestExecutionListener, org.springframework.test.context.support.DependencyInjectionTestExecutionListener, org.springframework.test.context.support.DirtiesContextTestExecutionListener, org.springframework.test.context.transaction.TransactionalTestExecutionListener, org.springframework.test.context.jdbc.SqlScriptsTestExecutionListener]
2016-07-01 20:38:28.119  INFO 7228 --- [    Test worker] o.s.t.c.web.WebTestContextBootstrapper   : Using TestExecutionListeners: [org.springframework.test.context.web.ServletTestExecutionListener@66f82265, org.springframework.test.context.support.DirtiesContextBeforeModesTestExecutionListener@2c9a49b3, org.springframework.test.context.support.DependencyInjectionTestExecutionListener@455c9da5, org.springframework.test.context.support.DirtiesContextTestExecutionListener@4371df36, org.springframework.test.context.transaction.TransactionalTestExecutionListener@68f574d1, org.springframework.test.context.jdbc.SqlScriptsTestExecutionListener@4ac87b2c]
]]></system-out>
  <system-err><![CDATA[]]></system-err>
</testsuite>
