<?xml version="1.0" encoding="UTF-8"?>
<testsuite name="com.uniritter.monitor.rest.TestMedicaoController" tests="6" skipped="0" failures="0" errors="0" timestamp="2016-07-01T23:57:20" hostname="ZS-LAB103-65023" time="0.293">
  <properties/>
  <testcase name="testGetAllMedicoesDaMetrica" classname="com.uniritter.monitor.rest.TestMedicaoController" time="0.063"/>
  <testcase name="testGetHistoricoMedicoesDaMetrica" classname="com.uniritter.monitor.rest.TestMedicaoController" time="0.07"/>
  <testcase name="testGetUltimaMedicaoDaMetrica" classname="com.uniritter.monitor.rest.TestMedicaoController" time="0.047"/>
  <testcase name="testGetMedicoesDeMetricaInexistente" classname="com.uniritter.monitor.rest.TestMedicaoController" time="0.001"/>
  <testcase name="testCreateMedicao" classname="com.uniritter.monitor.rest.TestMedicaoController" time="0.096"/>
  <testcase name="testCreateMedicaoDeMetricaInexistente" classname="com.uniritter.monitor.rest.TestMedicaoController" time="0.016"/>
  <system-out><![CDATA[2016-07-01 20:57:20.220  INFO 5668 --- [    Test worker] o.s.t.c.support.AbstractContextLoader    : Could not detect default resource locations for test class [com.uniritter.monitor.rest.TestMedicaoController]: no resource found for suffixes {-context.xml, Context.groovy}.
2016-07-01 20:57:20.220  INFO 5668 --- [    Test worker] WebAppIntegrationTestContextBootstrapper : Loaded default TestExecutionListener class names from location [META-INF/spring.factories]: [org.springframework.test.context.web.ServletTestExecutionListener, org.springframework.test.context.support.DirtiesContextBeforeModesTestExecutionListener, org.springframework.test.context.support.DependencyInjectionTestExecutionListener, org.springframework.test.context.support.DirtiesContextTestExecutionListener, org.springframework.test.context.transaction.TransactionalTestExecutionListener, org.springframework.test.context.jdbc.SqlScriptsTestExecutionListener]
2016-07-01 20:57:20.220  INFO 5668 --- [    Test worker] WebAppIntegrationTestContextBootstrapper : Using TestExecutionListeners: [org.springframework.test.context.web.ServletTestExecutionListener@639a9ea6, org.springframework.test.context.support.DirtiesContextBeforeModesTestExecutionListener@3c25d760, org.springframework.test.context.support.DependencyInjectionTestExecutionListener@585efe79, org.springframework.test.context.support.DirtiesContextTestExecutionListener@4494e742, org.springframework.test.context.transaction.TransactionalTestExecutionListener@bdac13b, org.springframework.test.context.jdbc.SqlScriptsTestExecutionListener@46c40e91]
]]></system-out>
  <system-err><![CDATA[]]></system-err>
</testsuite>
