<?xml version="1.0" encoding="UTF-8"?>
<testsuite name="com.uniritter.monitor.rest.TestMedicaoController" tests="6" skipped="0" failures="0" errors="0" timestamp="2016-06-17T21:38:28" hostname="ZS-LAB103-65023" time="0.174">
  <properties/>
  <testcase name="testGetAllMedicoesDaMetrica" classname="com.uniritter.monitor.rest.TestMedicaoController" time="0.04"/>
  <testcase name="testGetHistoricoMedicoesDaMetrica" classname="com.uniritter.monitor.rest.TestMedicaoController" time="0.032"/>
  <testcase name="testGetUltimaMedicaoDaMetrica" classname="com.uniritter.monitor.rest.TestMedicaoController" time="0.033"/>
  <testcase name="testGetMedicoesDeMetricaInexistente" classname="com.uniritter.monitor.rest.TestMedicaoController" time="0.013"/>
  <testcase name="testCreateMedicao" classname="com.uniritter.monitor.rest.TestMedicaoController" time="0.044"/>
  <testcase name="testCreateMedicaoDeMetricaInexistente" classname="com.uniritter.monitor.rest.TestMedicaoController" time="0.012"/>
  <system-out><![CDATA[2016-06-17 18:38:28.387  INFO 5636 --- [    Test worker] o.s.t.c.support.AbstractContextLoader    : Could not detect default resource locations for test class [com.uniritter.monitor.rest.TestMedicaoController]: no resource found for suffixes {-context.xml, Context.groovy}.
2016-06-17 18:38:28.388  INFO 5636 --- [    Test worker] WebAppIntegrationTestContextBootstrapper : Loaded default TestExecutionListener class names from location [META-INF/spring.factories]: [org.springframework.test.context.web.ServletTestExecutionListener, org.springframework.test.context.support.DirtiesContextBeforeModesTestExecutionListener, org.springframework.test.context.support.DependencyInjectionTestExecutionListener, org.springframework.test.context.support.DirtiesContextTestExecutionListener, org.springframework.test.context.transaction.TransactionalTestExecutionListener, org.springframework.test.context.jdbc.SqlScriptsTestExecutionListener]
2016-06-17 18:38:28.389  INFO 5636 --- [    Test worker] WebAppIntegrationTestContextBootstrapper : Using TestExecutionListeners: [org.springframework.test.context.web.ServletTestExecutionListener@289290df, org.springframework.test.context.support.DirtiesContextBeforeModesTestExecutionListener@2e653548, org.springframework.test.context.support.DependencyInjectionTestExecutionListener@768d21c3, org.springframework.test.context.support.DirtiesContextTestExecutionListener@2ba3c603, org.springframework.test.context.transaction.TransactionalTestExecutionListener@d1d0557, org.springframework.test.context.jdbc.SqlScriptsTestExecutionListener@6c49997a]
]]></system-out>
  <system-err><![CDATA[]]></system-err>
</testsuite>
