<?xml version="1.0" encoding="UTF-8"?>
<testsuite name="com.uniritter.monitor.persistence.TestAlertaDao" tests="4" skipped="0" failures="0" errors="0" timestamp="2016-07-01T23:38:27" hostname="ZS-LAB103-65023" time="0.068">
  <properties/>
  <testcase name="testAlertaDaoGetById" classname="com.uniritter.monitor.persistence.TestAlertaDao" time="0.002"/>
  <testcase name="testAlertaDaoGetList" classname="com.uniritter.monitor.persistence.TestAlertaDao" time="0.049"/>
  <testcase name="testAlertaDaoCreate" classname="com.uniritter.monitor.persistence.TestAlertaDao" time="0.001"/>
  <testcase name="testAlertaDaoGetFromParent" classname="com.uniritter.monitor.persistence.TestAlertaDao" time="0.014"/>
  <system-out><![CDATA[2016-07-01 20:38:27.873  INFO 7228 --- [    Test worker] o.s.t.c.support.AbstractContextLoader    : Could not detect default resource locations for test class [com.uniritter.monitor.persistence.TestAlertaDao]: no resource found for suffixes {-context.xml, Context.groovy}.
2016-07-01 20:38:27.875  INFO 7228 --- [    Test worker] o.s.t.c.web.WebTestContextBootstrapper   : Loaded default TestExecutionListener class names from location [META-INF/spring.factories]: [org.springframework.test.context.web.ServletTestExecutionListener, org.springframework.test.context.support.DirtiesContextBeforeModesTestExecutionListener, org.springframework.test.context.support.DependencyInjectionTestExecutionListener, org.springframework.test.context.support.DirtiesContextTestExecutionListener, org.springframework.test.context.transaction.TransactionalTestExecutionListener, org.springframework.test.context.jdbc.SqlScriptsTestExecutionListener]
2016-07-01 20:38:27.875  INFO 7228 --- [    Test worker] o.s.t.c.web.WebTestContextBootstrapper   : Using TestExecutionListeners: [org.springframework.test.context.web.ServletTestExecutionListener@6a682006, org.springframework.test.context.support.DirtiesContextBeforeModesTestExecutionListener@5a0ea07d, org.springframework.test.context.support.DependencyInjectionTestExecutionListener@764a9cbb, org.springframework.test.context.support.DirtiesContextTestExecutionListener@1c77f5a9, org.springframework.test.context.transaction.TransactionalTestExecutionListener@7a138d9, org.springframework.test.context.jdbc.SqlScriptsTestExecutionListener@699b3278]
]]></system-out>
  <system-err><![CDATA[]]></system-err>
</testsuite>
