<?xml version="1.0" encoding="UTF-8"?>
<testsuite name="com.uniritter.monitor.rest.TestHostController" tests="2" skipped="0" failures="0" errors="0" timestamp="2016-07-01T23:57:20" hostname="ZS-LAB103-65023" time="0.062">
  <properties/>
  <testcase name="testCreateHost" classname="com.uniritter.monitor.rest.TestHostController" time="0.015"/>
  <testcase name="testGetTodoHostsDaMetrica" classname="com.uniritter.monitor.rest.TestHostController" time="0.047"/>
  <system-out><![CDATA[2016-07-01 20:57:20.111  INFO 5668 --- [    Test worker] o.s.t.c.support.AbstractContextLoader    : Could not detect default resource locations for test class [com.uniritter.monitor.rest.TestHostController]: no resource found for suffixes {-context.xml, Context.groovy}.
2016-07-01 20:57:20.111  INFO 5668 --- [    Test worker] WebAppIntegrationTestContextBootstrapper : Loaded default TestExecutionListener class names from location [META-INF/spring.factories]: [org.springframework.test.context.web.ServletTestExecutionListener, org.springframework.test.context.support.DirtiesContextBeforeModesTestExecutionListener, org.springframework.test.context.support.DependencyInjectionTestExecutionListener, org.springframework.test.context.support.DirtiesContextTestExecutionListener, org.springframework.test.context.transaction.TransactionalTestExecutionListener, org.springframework.test.context.jdbc.SqlScriptsTestExecutionListener]
2016-07-01 20:57:20.127  INFO 5668 --- [    Test worker] WebAppIntegrationTestContextBootstrapper : Using TestExecutionListeners: [org.springframework.test.context.web.ServletTestExecutionListener@19de8384, org.springframework.test.context.support.DirtiesContextBeforeModesTestExecutionListener@5f8c5c60, org.springframework.test.context.support.DependencyInjectionTestExecutionListener@7804d3a1, org.springframework.test.context.support.DirtiesContextTestExecutionListener@4e22c96, org.springframework.test.context.transaction.TransactionalTestExecutionListener@1cdd2e5b, org.springframework.test.context.jdbc.SqlScriptsTestExecutionListener@7d0e672a]
]]></system-out>
  <system-err><![CDATA[]]></system-err>
</testsuite>
