<?xml version="1.0" encoding="UTF-8"?>
<testsuite name="com.uniritter.monitor.TestMonitorApplication" tests="2" skipped="0" failures="0" errors="0" timestamp="2016-05-29T16:40:10" hostname="Note_Fontana" time="0.01">
  <properties/>
  <testcase name="testMetricaMapperList" classname="com.uniritter.monitor.TestMonitorApplication" time="0.006"/>
  <testcase name="testMetricaMapperList2" classname="com.uniritter.monitor.TestMonitorApplication" time="0.004"/>
  <system-out><![CDATA[2016-05-29 13:40:10.913  INFO 2724 --- [    Test worker] o.s.t.c.support.AbstractContextLoader    : Could not detect default resource locations for test class [com.uniritter.monitor.TestMonitorApplication]: no resource found for suffixes {-context.xml, Context.groovy}.
2016-05-29 13:40:10.918  INFO 2724 --- [    Test worker] o.s.t.c.web.WebTestContextBootstrapper   : Loaded default TestExecutionListener class names from location [META-INF/spring.factories]: [org.springframework.test.context.web.ServletTestExecutionListener, org.springframework.test.context.support.DirtiesContextBeforeModesTestExecutionListener, org.springframework.test.context.support.DependencyInjectionTestExecutionListener, org.springframework.test.context.support.DirtiesContextTestExecutionListener, org.springframework.test.context.transaction.TransactionalTestExecutionListener, org.springframework.test.context.jdbc.SqlScriptsTestExecutionListener]
2016-05-29 13:40:10.918  INFO 2724 --- [    Test worker] o.s.t.c.web.WebTestContextBootstrapper   : Using TestExecutionListeners: [org.springframework.test.context.web.ServletTestExecutionListener@78616fce, org.springframework.test.context.support.DirtiesContextBeforeModesTestExecutionListener@267e0a5b, org.springframework.test.context.support.DependencyInjectionTestExecutionListener@61d29862, org.springframework.test.context.support.DirtiesContextTestExecutionListener@d5fecc9, org.springframework.test.context.transaction.TransactionalTestExecutionListener@7e33fdb3, org.springframework.test.context.jdbc.SqlScriptsTestExecutionListener@28491cfc]
]]></system-out>
  <system-err><![CDATA[]]></system-err>
</testsuite>
