<?xml version="1.0" encoding="UTF-8"?>
<testsuite name="com.uniritter.monitor.domain.TestMetricaService" tests="8" skipped="0" failures="0" errors="0" timestamp="2016-06-26T15:07:08" hostname="Note_Fontana" time="1.016">
  <properties/>
  <testcase name="testMetricaGetHistoricoMedicoes" classname="com.uniritter.monitor.domain.TestMetricaService" time="0.143"/>
  <testcase name="testAddHostNaMetrica" classname="com.uniritter.monitor.domain.TestMetricaService" time="0.392"/>
  <testcase name="testDeleteMetricaEHosts" classname="com.uniritter.monitor.domain.TestMetricaService" time="0.03"/>
  <testcase name="testGetMetricaComHosts" classname="com.uniritter.monitor.domain.TestMetricaService" time="0.087"/>
  <testcase name="testMetricaGetUltimaMedicao" classname="com.uniritter.monitor.domain.TestMetricaService" time="0.188"/>
  <testcase name="testCriarNovaMetrica" classname="com.uniritter.monitor.domain.TestMetricaService" time="0.002"/>
  <testcase name="testGetMetricas" classname="com.uniritter.monitor.domain.TestMetricaService" time="0.158"/>
  <testcase name="testGetMetrica" classname="com.uniritter.monitor.domain.TestMetricaService" time="0.002"/>
  <system-out><![CDATA[2016-06-26 12:07:08.437  INFO 3284 --- [    Test worker] o.s.t.c.support.AbstractContextLoader    : Could not detect default resource locations for test class [com.uniritter.monitor.domain.TestMetricaService]: no resource found for suffixes {-context.xml, Context.groovy}.
2016-06-26 12:07:08.441  INFO 3284 --- [    Test worker] o.s.t.c.web.WebTestContextBootstrapper   : Loaded default TestExecutionListener class names from location [META-INF/spring.factories]: [org.springframework.test.context.web.ServletTestExecutionListener, org.springframework.test.context.support.DirtiesContextBeforeModesTestExecutionListener, org.springframework.test.context.support.DependencyInjectionTestExecutionListener, org.springframework.test.context.support.DirtiesContextTestExecutionListener, org.springframework.test.context.transaction.TransactionalTestExecutionListener, org.springframework.test.context.jdbc.SqlScriptsTestExecutionListener]
2016-06-26 12:07:08.441  INFO 3284 --- [    Test worker] o.s.t.c.web.WebTestContextBootstrapper   : Using TestExecutionListeners: [org.springframework.test.context.web.ServletTestExecutionListener@22c0ee94, org.springframework.test.context.support.DirtiesContextBeforeModesTestExecutionListener@2daad5df, org.springframework.test.context.support.DependencyInjectionTestExecutionListener@2b4d06a0, org.springframework.test.context.support.DirtiesContextTestExecutionListener@3803ebde, org.springframework.test.context.transaction.TransactionalTestExecutionListener@1d121604, org.springframework.test.context.jdbc.SqlScriptsTestExecutionListener@666d2c54]
]]></system-out>
  <system-err><![CDATA[]]></system-err>
</testsuite>
