<?xml version="1.0" encoding="UTF-8"?>
<testsuite name="com.uniritter.monitor.rest.TestMedicaoController" tests="6" skipped="0" failures="0" errors="0" timestamp="2016-06-19T13:33:08" hostname="Note_Fontana" time="1.712">
  <properties/>
  <testcase name="testGetAllMedicoesDaMetrica" classname="com.uniritter.monitor.rest.TestMedicaoController" time="0.377"/>
  <testcase name="testGetHistoricoMedicoesDaMetrica" classname="com.uniritter.monitor.rest.TestMedicaoController" time="0.959"/>
  <testcase name="testGetUltimaMedicaoDaMetrica" classname="com.uniritter.monitor.rest.TestMedicaoController" time="0.065"/>
  <testcase name="testGetMedicoesDeMetricaInexistente" classname="com.uniritter.monitor.rest.TestMedicaoController" time="0.02"/>
  <testcase name="testCreateMedicao" classname="com.uniritter.monitor.rest.TestMedicaoController" time="0.234"/>
  <testcase name="testCreateMedicaoDeMetricaInexistente" classname="com.uniritter.monitor.rest.TestMedicaoController" time="0.046"/>
  <system-out><![CDATA[2016-06-19 10:33:08.452  INFO 2012 --- [    Test worker] o.s.t.c.support.AbstractContextLoader    : Could not detect default resource locations for test class [com.uniritter.monitor.rest.TestMedicaoController]: no resource found for suffixes {-context.xml, Context.groovy}.
2016-06-19 10:33:08.456  INFO 2012 --- [    Test worker] WebAppIntegrationTestContextBootstrapper : Loaded default TestExecutionListener class names from location [META-INF/spring.factories]: [org.springframework.test.context.web.ServletTestExecutionListener, org.springframework.test.context.support.DirtiesContextBeforeModesTestExecutionListener, org.springframework.test.context.support.DependencyInjectionTestExecutionListener, org.springframework.test.context.support.DirtiesContextTestExecutionListener, org.springframework.test.context.transaction.TransactionalTestExecutionListener, org.springframework.test.context.jdbc.SqlScriptsTestExecutionListener]
2016-06-19 10:33:08.456  INFO 2012 --- [    Test worker] WebAppIntegrationTestContextBootstrapper : Using TestExecutionListeners: [org.springframework.test.context.web.ServletTestExecutionListener@1e6d6e7c, org.springframework.test.context.support.DirtiesContextBeforeModesTestExecutionListener@23eda886, org.springframework.test.context.support.DependencyInjectionTestExecutionListener@6d9b07b7, org.springframework.test.context.support.DirtiesContextTestExecutionListener@1687f0ca, org.springframework.test.context.transaction.TransactionalTestExecutionListener@636c72e8, org.springframework.test.context.jdbc.SqlScriptsTestExecutionListener@2d0b4f9b]
]]></system-out>
  <system-err><![CDATA[]]></system-err>
</testsuite>
