<?xml version="1.0" encoding="UTF-8"?>
<testsuite name="com.uniritter.monitor.rest.TestMetricaTipoController" tests="1" skipped="0" failures="0" errors="0" timestamp="2016-06-26T15:07:23" hostname="Note_Fontana" time="0.039">
  <properties/>
  <testcase name="testGetTipos" classname="com.uniritter.monitor.rest.TestMetricaTipoController" time="0.039"/>
  <system-out><![CDATA[2016-06-26 12:07:23.298  INFO 3284 --- [    Test worker] o.s.t.c.support.AbstractContextLoader    : Could not detect default resource locations for test class [com.uniritter.monitor.rest.TestMetricaTipoController]: no resource found for suffixes {-context.xml, Context.groovy}.
2016-06-26 12:07:23.300  INFO 3284 --- [    Test worker] WebAppIntegrationTestContextBootstrapper : Loaded default TestExecutionListener class names from location [META-INF/spring.factories]: [org.springframework.test.context.web.ServletTestExecutionListener, org.springframework.test.context.support.DirtiesContextBeforeModesTestExecutionListener, org.springframework.test.context.support.DependencyInjectionTestExecutionListener, org.springframework.test.context.support.DirtiesContextTestExecutionListener, org.springframework.test.context.transaction.TransactionalTestExecutionListener, org.springframework.test.context.jdbc.SqlScriptsTestExecutionListener]
2016-06-26 12:07:23.300  INFO 3284 --- [    Test worker] WebAppIntegrationTestContextBootstrapper : Using TestExecutionListeners: [org.springframework.test.context.web.ServletTestExecutionListener@79b7893d, org.springframework.test.context.support.DirtiesContextBeforeModesTestExecutionListener@cdd3048, org.springframework.test.context.support.DependencyInjectionTestExecutionListener@1b1fe7b6, org.springframework.test.context.support.DirtiesContextTestExecutionListener@1f480cb7, org.springframework.test.context.transaction.TransactionalTestExecutionListener@5af39002, org.springframework.test.context.jdbc.SqlScriptsTestExecutionListener@3fc9b464]
]]></system-out>
  <system-err><![CDATA[]]></system-err>
</testsuite>
