<?xml version="1.0" encoding="UTF-8"?>
<testsuite name="com.uniritter.monitor.rest.TestHostGrupoController" tests="1" skipped="0" failures="0" errors="0" timestamp="2016-07-01T23:57:20" hostname="ZS-LAB103-65023" time="0.015">
  <properties/>
  <testcase name="testGetGrupos" classname="com.uniritter.monitor.rest.TestHostGrupoController" time="0.015"/>
  <system-out><![CDATA[2016-07-01 20:57:20.189  INFO 5668 --- [    Test worker] o.s.t.c.support.AbstractContextLoader    : Could not detect default resource locations for test class [com.uniritter.monitor.rest.TestHostGrupoController]: no resource found for suffixes {-context.xml, Context.groovy}.
2016-07-01 20:57:20.205  INFO 5668 --- [    Test worker] WebAppIntegrationTestContextBootstrapper : Loaded default TestExecutionListener class names from location [META-INF/spring.factories]: [org.springframework.test.context.web.ServletTestExecutionListener, org.springframework.test.context.support.DirtiesContextBeforeModesTestExecutionListener, org.springframework.test.context.support.DependencyInjectionTestExecutionListener, org.springframework.test.context.support.DirtiesContextTestExecutionListener, org.springframework.test.context.transaction.TransactionalTestExecutionListener, org.springframework.test.context.jdbc.SqlScriptsTestExecutionListener]
2016-07-01 20:57:20.205  INFO 5668 --- [    Test worker] WebAppIntegrationTestContextBootstrapper : Using TestExecutionListeners: [org.springframework.test.context.web.ServletTestExecutionListener@58efbc1b, org.springframework.test.context.support.DirtiesContextBeforeModesTestExecutionListener@6326be3a, org.springframework.test.context.support.DependencyInjectionTestExecutionListener@49304b1, org.springframework.test.context.support.DirtiesContextTestExecutionListener@501902cf, org.springframework.test.context.transaction.TransactionalTestExecutionListener@1a078d1e, org.springframework.test.context.jdbc.SqlScriptsTestExecutionListener@65c1b9eb]
]]></system-out>
  <system-err><![CDATA[]]></system-err>
</testsuite>
