<?xml version="1.0" encoding="UTF-8"?>
<testsuite name="com.uniritter.monitor.persistence.TestMetricaDao" tests="3" skipped="0" failures="0" errors="0" timestamp="2016-05-29T16:40:01" hostname="Note_Fontana" time="0.049">
  <properties/>
  <testcase name="testDataBase" classname="com.uniritter.monitor.persistence.TestMetricaDao" time="0.007"/>
  <testcase name="testMetricaDaoCreateMetrica" classname="com.uniritter.monitor.persistence.TestMetricaDao" time="0.002"/>
  <testcase name="testMetricaDaoGetMetricas" classname="com.uniritter.monitor.persistence.TestMetricaDao" time="0.038"/>
  <system-out><![CDATA[2016-05-29 13:40:01.136  INFO 2724 --- [    Test worker] o.s.t.c.support.AbstractContextLoader    : Could not detect default resource locations for test class [com.uniritter.monitor.persistence.TestMetricaDao]: no resource found for suffixes {-context.xml, Context.groovy}.
2016-05-29 13:40:01.140  INFO 2724 --- [    Test worker] o.s.t.c.web.WebTestContextBootstrapper   : Loaded default TestExecutionListener class names from location [META-INF/spring.factories]: [org.springframework.test.context.web.ServletTestExecutionListener, org.springframework.test.context.support.DirtiesContextBeforeModesTestExecutionListener, org.springframework.test.context.support.DependencyInjectionTestExecutionListener, org.springframework.test.context.support.DirtiesContextTestExecutionListener, org.springframework.test.context.transaction.TransactionalTestExecutionListener, org.springframework.test.context.jdbc.SqlScriptsTestExecutionListener]
2016-05-29 13:40:01.140  INFO 2724 --- [    Test worker] o.s.t.c.web.WebTestContextBootstrapper   : Using TestExecutionListeners: [org.springframework.test.context.web.ServletTestExecutionListener@315e57d6, org.springframework.test.context.support.DirtiesContextBeforeModesTestExecutionListener@bc6be33, org.springframework.test.context.support.DependencyInjectionTestExecutionListener@4bd02542, org.springframework.test.context.support.DirtiesContextTestExecutionListener@3a104a57, org.springframework.test.context.transaction.TransactionalTestExecutionListener@79b34a24, org.springframework.test.context.jdbc.SqlScriptsTestExecutionListener@47ba5407]
]]></system-out>
  <system-err><![CDATA[]]></system-err>
</testsuite>
