<?xml version="1.0" encoding="UTF-8"?>
<testsuite name="com.uniritter.monitor.persistence.TestMetricaRepository" tests="2" skipped="0" failures="0" errors="0" timestamp="2016-06-03T21:36:48" hostname="ZS-LAB103-65023" time="0.019">
  <properties/>
  <testcase name="testMetricaRepositorySave" classname="com.uniritter.monitor.persistence.TestMetricaRepository" time="0.0"/>
  <testcase name="testMetricaRepositoryGetList" classname="com.uniritter.monitor.persistence.TestMetricaRepository" time="0.019"/>
  <system-out><![CDATA[2016-06-03 18:36:48.686  INFO 7328 --- [    Test worker] o.s.t.c.support.AbstractContextLoader    : Could not detect default resource locations for test class [com.uniritter.monitor.persistence.TestMetricaRepository]: no resource found for suffixes {-context.xml, Context.groovy}.
2016-06-03 18:36:48.688  INFO 7328 --- [    Test worker] o.s.t.c.web.WebTestContextBootstrapper   : Loaded default TestExecutionListener class names from location [META-INF/spring.factories]: [org.springframework.test.context.web.ServletTestExecutionListener, org.springframework.test.context.support.DirtiesContextBeforeModesTestExecutionListener, org.springframework.test.context.support.DependencyInjectionTestExecutionListener, org.springframework.test.context.support.DirtiesContextTestExecutionListener, org.springframework.test.context.transaction.TransactionalTestExecutionListener, org.springframework.test.context.jdbc.SqlScriptsTestExecutionListener]
2016-06-03 18:36:48.688  INFO 7328 --- [    Test worker] o.s.t.c.web.WebTestContextBootstrapper   : Using TestExecutionListeners: [org.springframework.test.context.web.ServletTestExecutionListener@17958244, org.springframework.test.context.support.DirtiesContextBeforeModesTestExecutionListener@589b4a74, org.springframework.test.context.support.DependencyInjectionTestExecutionListener@3b35331e, org.springframework.test.context.support.DirtiesContextTestExecutionListener@21af14f0, org.springframework.test.context.transaction.TransactionalTestExecutionListener@6d87a9d6, org.springframework.test.context.jdbc.SqlScriptsTestExecutionListener@659f58c7]
]]></system-out>
  <system-err><![CDATA[]]></system-err>
</testsuite>
