<?xml version="1.0" encoding="UTF-8"?>
<testsuite name="com.uniritter.monitor.rest.TestAlertaRegraController" tests="1" skipped="0" failures="0" errors="0" timestamp="2016-07-01T23:38:31" hostname="ZS-LAB103-65023" time="0.015">
  <properties/>
  <testcase name="testGetRegras" classname="com.uniritter.monitor.rest.TestAlertaRegraController" time="0.015"/>
  <system-out><![CDATA[2016-07-01 20:38:31.252  INFO 7228 --- [    Test worker] o.s.t.c.support.AbstractContextLoader    : Could not detect default resource locations for test class [com.uniritter.monitor.rest.TestAlertaRegraController]: no resource found for suffixes {-context.xml, Context.groovy}.
2016-07-01 20:38:31.254  INFO 7228 --- [    Test worker] WebAppIntegrationTestContextBootstrapper : Loaded default TestExecutionListener class names from location [META-INF/spring.factories]: [org.springframework.test.context.web.ServletTestExecutionListener, org.springframework.test.context.support.DirtiesContextBeforeModesTestExecutionListener, org.springframework.test.context.support.DependencyInjectionTestExecutionListener, org.springframework.test.context.support.DirtiesContextTestExecutionListener, org.springframework.test.context.transaction.TransactionalTestExecutionListener, org.springframework.test.context.jdbc.SqlScriptsTestExecutionListener]
2016-07-01 20:38:31.254  INFO 7228 --- [    Test worker] WebAppIntegrationTestContextBootstrapper : Using TestExecutionListeners: [org.springframework.test.context.web.ServletTestExecutionListener@790ffd6, org.springframework.test.context.support.DirtiesContextBeforeModesTestExecutionListener@408c3e7b, org.springframework.test.context.support.DependencyInjectionTestExecutionListener@375a1e58, org.springframework.test.context.support.DirtiesContextTestExecutionListener@7d7e3fcb, org.springframework.test.context.transaction.TransactionalTestExecutionListener@6b8e68ca, org.springframework.test.context.jdbc.SqlScriptsTestExecutionListener@5281dcf0]
]]></system-out>
  <system-err><![CDATA[]]></system-err>
</testsuite>
