<?xml version="1.0" encoding="UTF-8"?>
<testsuite name="com.uniritter.monitor.domain.TestHostService" tests="2" skipped="0" failures="0" errors="0" timestamp="2016-06-19T13:32:41" hostname="Note_Fontana" time="0.288">
  <properties/>
  <testcase name="testGetHosts" classname="com.uniritter.monitor.domain.TestHostService" time="0.235"/>
  <testcase name="testCreateHost" classname="com.uniritter.monitor.domain.TestHostService" time="0.051"/>
  <system-out><![CDATA[2016-06-19 10:32:41.916  INFO 2012 --- [    Test worker] o.s.t.c.support.AbstractContextLoader    : Could not detect default resource locations for test class [com.uniritter.monitor.domain.TestHostService]: no resource found for suffixes {-context.xml, Context.groovy}.
2016-06-19 10:32:41.922  INFO 2012 --- [    Test worker] o.s.t.c.web.WebTestContextBootstrapper   : Loaded default TestExecutionListener class names from location [META-INF/spring.factories]: [org.springframework.test.context.web.ServletTestExecutionListener, org.springframework.test.context.support.DirtiesContextBeforeModesTestExecutionListener, org.springframework.test.context.support.DependencyInjectionTestExecutionListener, org.springframework.test.context.support.DirtiesContextTestExecutionListener, org.springframework.test.context.transaction.TransactionalTestExecutionListener, org.springframework.test.context.jdbc.SqlScriptsTestExecutionListener]
2016-06-19 10:32:41.923  INFO 2012 --- [    Test worker] o.s.t.c.web.WebTestContextBootstrapper   : Using TestExecutionListeners: [org.springframework.test.context.web.ServletTestExecutionListener@51bbbc9d, org.springframework.test.context.support.DirtiesContextBeforeModesTestExecutionListener@577c7256, org.springframework.test.context.support.DependencyInjectionTestExecutionListener@493acbca, org.springframework.test.context.support.DirtiesContextTestExecutionListener@25bc6d74, org.springframework.test.context.transaction.TransactionalTestExecutionListener@296f720a, org.springframework.test.context.jdbc.SqlScriptsTestExecutionListener@1d355bb3]
]]></system-out>
  <system-err><![CDATA[]]></system-err>
</testsuite>
