<?xml version="1.0" encoding="UTF-8"?>
<testsuite name="com.uniritter.monitor.rest.TestAlertaRegraController" tests="1" skipped="0" failures="0" errors="0" timestamp="2016-06-26T15:07:20" hostname="Note_Fontana" time="0.273">
  <properties/>
  <testcase name="testGetRegras" classname="com.uniritter.monitor.rest.TestAlertaRegraController" time="0.273"/>
  <system-out><![CDATA[2016-06-26 12:07:20.829  INFO 3284 --- [    Test worker] o.s.t.c.support.AbstractContextLoader    : Could not detect default resource locations for test class [com.uniritter.monitor.rest.TestAlertaRegraController]: no resource found for suffixes {-context.xml, Context.groovy}.
2016-06-26 12:07:20.837  INFO 3284 --- [    Test worker] WebAppIntegrationTestContextBootstrapper : Loaded default TestExecutionListener class names from location [META-INF/spring.factories]: [org.springframework.test.context.web.ServletTestExecutionListener, org.springframework.test.context.support.DirtiesContextBeforeModesTestExecutionListener, org.springframework.test.context.support.DependencyInjectionTestExecutionListener, org.springframework.test.context.support.DirtiesContextTestExecutionListener, org.springframework.test.context.transaction.TransactionalTestExecutionListener, org.springframework.test.context.jdbc.SqlScriptsTestExecutionListener]
2016-06-26 12:07:20.837  INFO 3284 --- [    Test worker] WebAppIntegrationTestContextBootstrapper : Using TestExecutionListeners: [org.springframework.test.context.web.ServletTestExecutionListener@315083bc, org.springframework.test.context.support.DirtiesContextBeforeModesTestExecutionListener@e6f3341, org.springframework.test.context.support.DependencyInjectionTestExecutionListener@5bd9d95b, org.springframework.test.context.support.DirtiesContextTestExecutionListener@c2613bd, org.springframework.test.context.transaction.TransactionalTestExecutionListener@39de3ce6, org.springframework.test.context.jdbc.SqlScriptsTestExecutionListener@4edce5a7]
]]></system-out>
  <system-err><![CDATA[]]></system-err>
</testsuite>
