<?xml version="1.0" encoding="UTF-8"?>
<testsuite name="com.uniritter.monitor.persistence.TestMetricaDao" tests="3" skipped="0" failures="0" errors="0" timestamp="2016-06-03T21:36:48" hostname="ZS-LAB103-65023" time="0.028">
  <properties/>
  <testcase name="testDataBase" classname="com.uniritter.monitor.persistence.TestMetricaDao" time="0.012"/>
  <testcase name="testMetricaDaoCreateMetrica" classname="com.uniritter.monitor.persistence.TestMetricaDao" time="0.001"/>
  <testcase name="testMetricaDaoGetMetricas" classname="com.uniritter.monitor.persistence.TestMetricaDao" time="0.014"/>
  <system-out><![CDATA[2016-06-03 18:36:48.649  INFO 7328 --- [    Test worker] o.s.t.c.support.AbstractContextLoader    : Could not detect default resource locations for test class [com.uniritter.monitor.persistence.TestMetricaDao]: no resource found for suffixes {-context.xml, Context.groovy}.
2016-06-03 18:36:48.651  INFO 7328 --- [    Test worker] o.s.t.c.web.WebTestContextBootstrapper   : Loaded default TestExecutionListener class names from location [META-INF/spring.factories]: [org.springframework.test.context.web.ServletTestExecutionListener, org.springframework.test.context.support.DirtiesContextBeforeModesTestExecutionListener, org.springframework.test.context.support.DependencyInjectionTestExecutionListener, org.springframework.test.context.support.DirtiesContextTestExecutionListener, org.springframework.test.context.transaction.TransactionalTestExecutionListener, org.springframework.test.context.jdbc.SqlScriptsTestExecutionListener]
2016-06-03 18:36:48.651  INFO 7328 --- [    Test worker] o.s.t.c.web.WebTestContextBootstrapper   : Using TestExecutionListeners: [org.springframework.test.context.web.ServletTestExecutionListener@f6bcf3c, org.springframework.test.context.support.DirtiesContextBeforeModesTestExecutionListener@6ef2740c, org.springframework.test.context.support.DependencyInjectionTestExecutionListener@6fa0f8bb, org.springframework.test.context.support.DirtiesContextTestExecutionListener@3129f63e, org.springframework.test.context.transaction.TransactionalTestExecutionListener@39e579a9, org.springframework.test.context.jdbc.SqlScriptsTestExecutionListener@89663f1]
]]></system-out>
  <system-err><![CDATA[]]></system-err>
</testsuite>
