<?xml version="1.0" encoding="UTF-8"?>
<testsuite name="com.uniritter.monitor.persistence.TestMetricaDao" tests="3" skipped="0" failures="0" errors="0" timestamp="2016-06-01T01:39:59" hostname="Note_Fontana" time="0.036">
  <properties/>
  <testcase name="testDataBase" classname="com.uniritter.monitor.persistence.TestMetricaDao" time="0.016"/>
  <testcase name="testMetricaDaoCreateMetrica" classname="com.uniritter.monitor.persistence.TestMetricaDao" time="0.005"/>
  <testcase name="testMetricaDaoGetMetricas" classname="com.uniritter.monitor.persistence.TestMetricaDao" time="0.014"/>
  <system-out><![CDATA[2016-05-31 22:39:59.481  INFO 668 --- [    Test worker] o.s.t.c.support.AbstractContextLoader    : Could not detect default resource locations for test class [com.uniritter.monitor.persistence.TestMetricaDao]: no resource found for suffixes {-context.xml, Context.groovy}.
2016-05-31 22:39:59.485  INFO 668 --- [    Test worker] o.s.t.c.web.WebTestContextBootstrapper   : Loaded default TestExecutionListener class names from location [META-INF/spring.factories]: [org.springframework.test.context.web.ServletTestExecutionListener, org.springframework.test.context.support.DirtiesContextBeforeModesTestExecutionListener, org.springframework.test.context.support.DependencyInjectionTestExecutionListener, org.springframework.test.context.support.DirtiesContextTestExecutionListener, org.springframework.test.context.transaction.TransactionalTestExecutionListener, org.springframework.test.context.jdbc.SqlScriptsTestExecutionListener]
2016-05-31 22:39:59.486  INFO 668 --- [    Test worker] o.s.t.c.web.WebTestContextBootstrapper   : Using TestExecutionListeners: [org.springframework.test.context.web.ServletTestExecutionListener@1c0072b0, org.springframework.test.context.support.DirtiesContextBeforeModesTestExecutionListener@12c14fab, org.springframework.test.context.support.DependencyInjectionTestExecutionListener@68a0e834, org.springframework.test.context.support.DirtiesContextTestExecutionListener@6b1f8580, org.springframework.test.context.transaction.TransactionalTestExecutionListener@7495ffa1, org.springframework.test.context.jdbc.SqlScriptsTestExecutionListener@6cb14a8f]
]]></system-out>
  <system-err><![CDATA[]]></system-err>
</testsuite>
