<?xml version="1.0" encoding="UTF-8"?>
<testsuite name="com.uniritter.monitor.rest.TestMedicaoController" tests="4" skipped="0" failures="0" errors="0" timestamp="2016-06-12T14:37:23" hostname="Note_Fontana" time="0.145">
  <properties/>
  <testcase name="testGetAllMedicoesDaMetrica" classname="com.uniritter.monitor.rest.TestMedicaoController" time="0.042"/>
  <testcase name="testGetMedicoesDeMetricaInexistente" classname="com.uniritter.monitor.rest.TestMedicaoController" time="0.02"/>
  <testcase name="testCreateMedicao" classname="com.uniritter.monitor.rest.TestMedicaoController" time="0.047"/>
  <testcase name="testCreateMedicaoDeMetricaInexistente" classname="com.uniritter.monitor.rest.TestMedicaoController" time="0.034"/>
  <system-out><![CDATA[2016-06-12 11:37:23.054  INFO 5216 --- [    Test worker] o.s.t.c.support.AbstractContextLoader    : Could not detect default resource locations for test class [com.uniritter.monitor.rest.TestMedicaoController]: no resource found for suffixes {-context.xml, Context.groovy}.
2016-06-12 11:37:23.059  INFO 5216 --- [    Test worker] WebAppIntegrationTestContextBootstrapper : Loaded default TestExecutionListener class names from location [META-INF/spring.factories]: [org.springframework.test.context.web.ServletTestExecutionListener, org.springframework.test.context.support.DirtiesContextBeforeModesTestExecutionListener, org.springframework.test.context.support.DependencyInjectionTestExecutionListener, org.springframework.test.context.support.DirtiesContextTestExecutionListener, org.springframework.test.context.transaction.TransactionalTestExecutionListener, org.springframework.test.context.jdbc.SqlScriptsTestExecutionListener]
2016-06-12 11:37:23.060  INFO 5216 --- [    Test worker] WebAppIntegrationTestContextBootstrapper : Using TestExecutionListeners: [org.springframework.test.context.web.ServletTestExecutionListener@6f97dc6c, org.springframework.test.context.support.DirtiesContextBeforeModesTestExecutionListener@1079f22b, org.springframework.test.context.support.DependencyInjectionTestExecutionListener@594f9472, org.springframework.test.context.support.DirtiesContextTestExecutionListener@7d9e1a79, org.springframework.test.context.transaction.TransactionalTestExecutionListener@2c3bcd1a, org.springframework.test.context.jdbc.SqlScriptsTestExecutionListener@738c8a1c]
]]></system-out>
  <system-err><![CDATA[]]></system-err>
</testsuite>
