<?xml version="1.0" encoding="UTF-8"?>
<testsuite name="com.uniritter.monitor.persistence.TestMetricaRepository" tests="1" skipped="0" failures="0" errors="0" timestamp="2016-07-01T21:37:27" hostname="ZS-LAB103-65023" time="0.027">
  <properties/>
  <testcase name="testMetricaRepositoryGetList" classname="com.uniritter.monitor.persistence.TestMetricaRepository" time="0.027"/>
  <system-out><![CDATA[2016-07-01 18:37:27.201  INFO 8124 --- [    Test worker] o.s.t.c.support.AbstractContextLoader    : Could not detect default resource locations for test class [com.uniritter.monitor.persistence.TestMetricaRepository]: no resource found for suffixes {-context.xml, Context.groovy}.
2016-07-01 18:37:27.203  INFO 8124 --- [    Test worker] o.s.t.c.web.WebTestContextBootstrapper   : Loaded default TestExecutionListener class names from location [META-INF/spring.factories]: [org.springframework.test.context.web.ServletTestExecutionListener, org.springframework.test.context.support.DirtiesContextBeforeModesTestExecutionListener, org.springframework.test.context.support.DependencyInjectionTestExecutionListener, org.springframework.test.context.support.DirtiesContextTestExecutionListener, org.springframework.test.context.transaction.TransactionalTestExecutionListener, org.springframework.test.context.jdbc.SqlScriptsTestExecutionListener]
2016-07-01 18:37:27.203  INFO 8124 --- [    Test worker] o.s.t.c.web.WebTestContextBootstrapper   : Using TestExecutionListeners: [org.springframework.test.context.web.ServletTestExecutionListener@671a160e, org.springframework.test.context.support.DirtiesContextBeforeModesTestExecutionListener@619e2603, org.springframework.test.context.support.DependencyInjectionTestExecutionListener@55d1c106, org.springframework.test.context.support.DirtiesContextTestExecutionListener@3dd79cee, org.springframework.test.context.transaction.TransactionalTestExecutionListener@167fecfa, org.springframework.test.context.jdbc.SqlScriptsTestExecutionListener@289f1ca0]
]]></system-out>
  <system-err><![CDATA[]]></system-err>
</testsuite>
