<?xml version="1.0" encoding="UTF-8"?>
<testsuite name="com.uniritter.monitor.rest.TestMetricaTipoController" tests="1" skipped="0" failures="0" errors="0" timestamp="2016-06-19T13:33:12" hostname="Note_Fontana" time="0.019">
  <properties/>
  <testcase name="testGetTipos" classname="com.uniritter.monitor.rest.TestMetricaTipoController" time="0.019"/>
  <system-out><![CDATA[2016-06-19 10:33:12.724  INFO 2012 --- [    Test worker] o.s.t.c.support.AbstractContextLoader    : Could not detect default resource locations for test class [com.uniritter.monitor.rest.TestMetricaTipoController]: no resource found for suffixes {-context.xml, Context.groovy}.
2016-06-19 10:33:12.728  INFO 2012 --- [    Test worker] WebAppIntegrationTestContextBootstrapper : Loaded default TestExecutionListener class names from location [META-INF/spring.factories]: [org.springframework.test.context.web.ServletTestExecutionListener, org.springframework.test.context.support.DirtiesContextBeforeModesTestExecutionListener, org.springframework.test.context.support.DependencyInjectionTestExecutionListener, org.springframework.test.context.support.DirtiesContextTestExecutionListener, org.springframework.test.context.transaction.TransactionalTestExecutionListener, org.springframework.test.context.jdbc.SqlScriptsTestExecutionListener]
2016-06-19 10:33:12.728  INFO 2012 --- [    Test worker] WebAppIntegrationTestContextBootstrapper : Using TestExecutionListeners: [org.springframework.test.context.web.ServletTestExecutionListener@7a196b9f, org.springframework.test.context.support.DirtiesContextBeforeModesTestExecutionListener@6132b90d, org.springframework.test.context.support.DependencyInjectionTestExecutionListener@70aa4b9d, org.springframework.test.context.support.DirtiesContextTestExecutionListener@218faeab, org.springframework.test.context.transaction.TransactionalTestExecutionListener@10fb7c96, org.springframework.test.context.jdbc.SqlScriptsTestExecutionListener@64f55555]
]]></system-out>
  <system-err><![CDATA[]]></system-err>
</testsuite>
