<?xml version="1.0" encoding="UTF-8"?>
<testsuite name="com.uniritter.monitor.persistence.TestAlertaDao" tests="4" skipped="0" failures="0" errors="0" timestamp="2016-07-01T22:51:56" hostname="ZS-LAB103-65023" time="0.09">
  <properties/>
  <testcase name="testAlertaDaoGetById" classname="com.uniritter.monitor.persistence.TestAlertaDao" time="0.002"/>
  <testcase name="testAlertaDaoGetList" classname="com.uniritter.monitor.persistence.TestAlertaDao" time="0.071"/>
  <testcase name="testAlertaDaoCreate" classname="com.uniritter.monitor.persistence.TestAlertaDao" time="0.0"/>
  <testcase name="testAlertaDaoGetFromParent" classname="com.uniritter.monitor.persistence.TestAlertaDao" time="0.016"/>
  <system-out><![CDATA[2016-07-01 19:51:56.579  INFO 6560 --- [    Test worker] o.s.t.c.support.AbstractContextLoader    : Could not detect default resource locations for test class [com.uniritter.monitor.persistence.TestAlertaDao]: no resource found for suffixes {-context.xml, Context.groovy}.
2016-07-01 19:51:56.581  INFO 6560 --- [    Test worker] o.s.t.c.web.WebTestContextBootstrapper   : Loaded default TestExecutionListener class names from location [META-INF/spring.factories]: [org.springframework.test.context.web.ServletTestExecutionListener, org.springframework.test.context.support.DirtiesContextBeforeModesTestExecutionListener, org.springframework.test.context.support.DependencyInjectionTestExecutionListener, org.springframework.test.context.support.DirtiesContextTestExecutionListener, org.springframework.test.context.transaction.TransactionalTestExecutionListener, org.springframework.test.context.jdbc.SqlScriptsTestExecutionListener]
2016-07-01 19:51:56.582  INFO 6560 --- [    Test worker] o.s.t.c.web.WebTestContextBootstrapper   : Using TestExecutionListeners: [org.springframework.test.context.web.ServletTestExecutionListener@70936325, org.springframework.test.context.support.DirtiesContextBeforeModesTestExecutionListener@5c524be0, org.springframework.test.context.support.DependencyInjectionTestExecutionListener@1ef38e7a, org.springframework.test.context.support.DirtiesContextTestExecutionListener@80efb76, org.springframework.test.context.transaction.TransactionalTestExecutionListener@f9f041c, org.springframework.test.context.jdbc.SqlScriptsTestExecutionListener@10c6d247]
]]></system-out>
  <system-err><![CDATA[]]></system-err>
</testsuite>
