<?xml version="1.0" encoding="UTF-8"?>
<testsuite name="com.uniritter.monitor.domain.TestModel" tests="5" skipped="0" failures="0" errors="0" timestamp="2016-05-29T12:03:59" hostname="Note_Fontana" time="0.017">
  <properties/>
  <testcase name="testNotificar" classname="com.uniritter.monitor.domain.TestModel" time="0.004"/>
  <testcase name="testCriarMedicao" classname="com.uniritter.monitor.domain.TestModel" time="0.001"/>
  <testcase name="testNovaMedicao" classname="com.uniritter.monitor.domain.TestModel" time="0.004"/>
  <testcase name="testNovaMetrica" classname="com.uniritter.monitor.domain.TestModel" time="0.0"/>
  <testcase name="testUltimaMedicao" classname="com.uniritter.monitor.domain.TestModel" time="0.0"/>
  <system-out><![CDATA[2016-05-29 09:03:59.917  INFO 5960 --- [    Test worker] o.s.t.c.support.AbstractContextLoader    : Could not detect default resource locations for test class [com.uniritter.monitor.domain.TestModel]: no resource found for suffixes {-context.xml, Context.groovy}.
2016-05-29 09:03:59.920  INFO 5960 --- [    Test worker] o.s.t.c.web.WebTestContextBootstrapper   : Loaded default TestExecutionListener class names from location [META-INF/spring.factories]: [org.springframework.test.context.web.ServletTestExecutionListener, org.springframework.test.context.support.DirtiesContextBeforeModesTestExecutionListener, org.springframework.test.context.support.DependencyInjectionTestExecutionListener, org.springframework.test.context.support.DirtiesContextTestExecutionListener, org.springframework.test.context.transaction.TransactionalTestExecutionListener, org.springframework.test.context.jdbc.SqlScriptsTestExecutionListener]
2016-05-29 09:03:59.921  INFO 5960 --- [    Test worker] o.s.t.c.web.WebTestContextBootstrapper   : Using TestExecutionListeners: [org.springframework.test.context.web.ServletTestExecutionListener@5a6fe0d3, org.springframework.test.context.support.DirtiesContextBeforeModesTestExecutionListener@1ba4e512, org.springframework.test.context.support.DependencyInjectionTestExecutionListener@1da0eea0, org.springframework.test.context.support.DirtiesContextTestExecutionListener@4b734d8a, org.springframework.test.context.transaction.TransactionalTestExecutionListener@6e3f454f, org.springframework.test.context.jdbc.SqlScriptsTestExecutionListener@520fa1ef]
]]></system-out>
  <system-err><![CDATA[]]></system-err>
</testsuite>
