<?xml version="1.0" encoding="UTF-8"?>
<testsuite name="com.uniritter.monitor.persistence.TestMetricaRepository" tests="2" skipped="0" failures="0" errors="0" timestamp="2016-05-29T16:40:01" hostname="Note_Fontana" time="0.018">
  <properties/>
  <testcase name="testMetricaRepositorySave" classname="com.uniritter.monitor.persistence.TestMetricaRepository" time="0.0"/>
  <testcase name="testMetricaRepositoryGetList" classname="com.uniritter.monitor.persistence.TestMetricaRepository" time="0.017"/>
  <system-out><![CDATA[2016-05-29 13:40:01.201  INFO 2724 --- [    Test worker] o.s.t.c.support.AbstractContextLoader    : Could not detect default resource locations for test class [com.uniritter.monitor.persistence.TestMetricaRepository]: no resource found for suffixes {-context.xml, Context.groovy}.
2016-05-29 13:40:01.225  INFO 2724 --- [    Test worker] o.s.t.c.web.WebTestContextBootstrapper   : Loaded default TestExecutionListener class names from location [META-INF/spring.factories]: [org.springframework.test.context.web.ServletTestExecutionListener, org.springframework.test.context.support.DirtiesContextBeforeModesTestExecutionListener, org.springframework.test.context.support.DependencyInjectionTestExecutionListener, org.springframework.test.context.support.DirtiesContextTestExecutionListener, org.springframework.test.context.transaction.TransactionalTestExecutionListener, org.springframework.test.context.jdbc.SqlScriptsTestExecutionListener]
2016-05-29 13:40:01.225  INFO 2724 --- [    Test worker] o.s.t.c.web.WebTestContextBootstrapper   : Using TestExecutionListeners: [org.springframework.test.context.web.ServletTestExecutionListener@2bbc57eb, org.springframework.test.context.support.DirtiesContextBeforeModesTestExecutionListener@6a9ecdd9, org.springframework.test.context.support.DependencyInjectionTestExecutionListener@23fcb378, org.springframework.test.context.support.DirtiesContextTestExecutionListener@1efe5dbc, org.springframework.test.context.transaction.TransactionalTestExecutionListener@57344287, org.springframework.test.context.jdbc.SqlScriptsTestExecutionListener@4b58bdbd]
]]></system-out>
  <system-err><![CDATA[]]></system-err>
</testsuite>
