<?xml version="1.0" encoding="UTF-8"?>
<testsuite name="com.uniritter.monitor.rest.TestHostGrupoController" tests="1" skipped="0" failures="0" errors="0" timestamp="2016-06-17T00:59:19" hostname="Note_Fontana" time="0.022">
  <properties/>
  <testcase name="testGetGrupos" classname="com.uniritter.monitor.rest.TestHostGrupoController" time="0.022"/>
  <system-out><![CDATA[2016-06-16 21:59:19.699  INFO 5164 --- [    Test worker] o.s.t.c.support.AbstractContextLoader    : Could not detect default resource locations for test class [com.uniritter.monitor.rest.TestHostGrupoController]: no resource found for suffixes {-context.xml, Context.groovy}.
2016-06-16 21:59:19.705  INFO 5164 --- [    Test worker] WebAppIntegrationTestContextBootstrapper : Loaded default TestExecutionListener class names from location [META-INF/spring.factories]: [org.springframework.test.context.web.ServletTestExecutionListener, org.springframework.test.context.support.DirtiesContextBeforeModesTestExecutionListener, org.springframework.test.context.support.DependencyInjectionTestExecutionListener, org.springframework.test.context.support.DirtiesContextTestExecutionListener, org.springframework.test.context.transaction.TransactionalTestExecutionListener, org.springframework.test.context.jdbc.SqlScriptsTestExecutionListener]
2016-06-16 21:59:19.706  INFO 5164 --- [    Test worker] WebAppIntegrationTestContextBootstrapper : Using TestExecutionListeners: [org.springframework.test.context.web.ServletTestExecutionListener@3083dc67, org.springframework.test.context.support.DirtiesContextBeforeModesTestExecutionListener@6f0ae0db, org.springframework.test.context.support.DependencyInjectionTestExecutionListener@2925cf71, org.springframework.test.context.support.DirtiesContextTestExecutionListener@7460311d, org.springframework.test.context.transaction.TransactionalTestExecutionListener@5aaeab12, org.springframework.test.context.jdbc.SqlScriptsTestExecutionListener@621a94a4]
]]></system-out>
  <system-err><![CDATA[]]></system-err>
</testsuite>
