<?xml version="1.0" encoding="UTF-8"?>
<testsuite name="com.uniritter.monitor.rest.TestAlertaRegraController" tests="1" skipped="0" failures="0" errors="0" timestamp="2016-07-01T23:57:20" hostname="ZS-LAB103-65023" time="0.016">
  <properties/>
  <testcase name="testGetRegras" classname="com.uniritter.monitor.rest.TestAlertaRegraController" time="0.016"/>
  <system-out><![CDATA[2016-07-01 20:57:20.095  INFO 5668 --- [    Test worker] o.s.t.c.support.AbstractContextLoader    : Could not detect default resource locations for test class [com.uniritter.monitor.rest.TestAlertaRegraController]: no resource found for suffixes {-context.xml, Context.groovy}.
2016-07-01 20:57:20.095  INFO 5668 --- [    Test worker] WebAppIntegrationTestContextBootstrapper : Loaded default TestExecutionListener class names from location [META-INF/spring.factories]: [org.springframework.test.context.web.ServletTestExecutionListener, org.springframework.test.context.support.DirtiesContextBeforeModesTestExecutionListener, org.springframework.test.context.support.DependencyInjectionTestExecutionListener, org.springframework.test.context.support.DirtiesContextTestExecutionListener, org.springframework.test.context.transaction.TransactionalTestExecutionListener, org.springframework.test.context.jdbc.SqlScriptsTestExecutionListener]
2016-07-01 20:57:20.095  INFO 5668 --- [    Test worker] WebAppIntegrationTestContextBootstrapper : Using TestExecutionListeners: [org.springframework.test.context.web.ServletTestExecutionListener@3288dcd7, org.springframework.test.context.support.DirtiesContextBeforeModesTestExecutionListener@375ac12c, org.springframework.test.context.support.DependencyInjectionTestExecutionListener@27404c18, org.springframework.test.context.support.DirtiesContextTestExecutionListener@6e43cfc9, org.springframework.test.context.transaction.TransactionalTestExecutionListener@25fecdad, org.springframework.test.context.jdbc.SqlScriptsTestExecutionListener@7b712c57]
]]></system-out>
  <system-err><![CDATA[]]></system-err>
</testsuite>
