<?xml version="1.0" encoding="UTF-8"?>
<testsuite name="com.uniritter.monitor.TestMonitorApplication" tests="3" skipped="0" failures="0" errors="0" timestamp="2016-05-29T12:04:00" hostname="Note_Fontana" time="0.01">
  <properties/>
  <testcase name="testMetricaMapper" classname="com.uniritter.monitor.TestMonitorApplication" time="0.004"/>
  <testcase name="testMetricaMapperList" classname="com.uniritter.monitor.TestMonitorApplication" time="0.003"/>
  <testcase name="testMetricaMapperList2" classname="com.uniritter.monitor.TestMonitorApplication" time="0.002"/>
  <system-out><![CDATA[2016-05-29 09:04:00.080  INFO 5960 --- [    Test worker] o.s.t.c.support.AbstractContextLoader    : Could not detect default resource locations for test class [com.uniritter.monitor.TestMonitorApplication]: no resource found for suffixes {-context.xml, Context.groovy}.
2016-05-29 09:04:00.083  INFO 5960 --- [    Test worker] o.s.t.c.web.WebTestContextBootstrapper   : Loaded default TestExecutionListener class names from location [META-INF/spring.factories]: [org.springframework.test.context.web.ServletTestExecutionListener, org.springframework.test.context.support.DirtiesContextBeforeModesTestExecutionListener, org.springframework.test.context.support.DependencyInjectionTestExecutionListener, org.springframework.test.context.support.DirtiesContextTestExecutionListener, org.springframework.test.context.transaction.TransactionalTestExecutionListener, org.springframework.test.context.jdbc.SqlScriptsTestExecutionListener]
2016-05-29 09:04:00.090  INFO 5960 --- [    Test worker] o.s.t.c.web.WebTestContextBootstrapper   : Using TestExecutionListeners: [org.springframework.test.context.web.ServletTestExecutionListener@47b7bfb4, org.springframework.test.context.support.DirtiesContextBeforeModesTestExecutionListener@1f8f417f, org.springframework.test.context.support.DependencyInjectionTestExecutionListener@1f6e755c, org.springframework.test.context.support.DirtiesContextTestExecutionListener@442d8b5, org.springframework.test.context.transaction.TransactionalTestExecutionListener@7ef28d96, org.springframework.test.context.jdbc.SqlScriptsTestExecutionListener@1b93af8e]
]]></system-out>
  <system-err><![CDATA[]]></system-err>
</testsuite>
