<?xml version="1.0" encoding="UTF-8"?>
<testsuite name="com.uniritter.monitor.persistence.TestAlertaDao" tests="4" skipped="0" failures="0" errors="0" timestamp="2016-06-26T15:07:09" hostname="Note_Fontana" time="0.064">
  <properties/>
  <testcase name="testAlertaDaoGetById" classname="com.uniritter.monitor.persistence.TestAlertaDao" time="0.006"/>
  <testcase name="testAlertaDaoGetList" classname="com.uniritter.monitor.persistence.TestAlertaDao" time="0.041"/>
  <testcase name="testAlertaDaoCreate" classname="com.uniritter.monitor.persistence.TestAlertaDao" time="0.004"/>
  <testcase name="testAlertaDaoGetFromParent" classname="com.uniritter.monitor.persistence.TestAlertaDao" time="0.01"/>
  <system-out><![CDATA[2016-06-26 12:07:09.464  INFO 3284 --- [    Test worker] o.s.t.c.support.AbstractContextLoader    : Could not detect default resource locations for test class [com.uniritter.monitor.persistence.TestAlertaDao]: no resource found for suffixes {-context.xml, Context.groovy}.
2016-06-26 12:07:09.467  INFO 3284 --- [    Test worker] o.s.t.c.web.WebTestContextBootstrapper   : Loaded default TestExecutionListener class names from location [META-INF/spring.factories]: [org.springframework.test.context.web.ServletTestExecutionListener, org.springframework.test.context.support.DirtiesContextBeforeModesTestExecutionListener, org.springframework.test.context.support.DependencyInjectionTestExecutionListener, org.springframework.test.context.support.DirtiesContextTestExecutionListener, org.springframework.test.context.transaction.TransactionalTestExecutionListener, org.springframework.test.context.jdbc.SqlScriptsTestExecutionListener]
2016-06-26 12:07:09.468  INFO 3284 --- [    Test worker] o.s.t.c.web.WebTestContextBootstrapper   : Using TestExecutionListeners: [org.springframework.test.context.web.ServletTestExecutionListener@7b862939, org.springframework.test.context.support.DirtiesContextBeforeModesTestExecutionListener@68e879ca, org.springframework.test.context.support.DependencyInjectionTestExecutionListener@38a4b779, org.springframework.test.context.support.DirtiesContextTestExecutionListener@3886df1d, org.springframework.test.context.transaction.TransactionalTestExecutionListener@7203f6d5, org.springframework.test.context.jdbc.SqlScriptsTestExecutionListener@598ef776]
]]></system-out>
  <system-err><![CDATA[]]></system-err>
</testsuite>
