<?xml version="1.0" encoding="UTF-8"?>
<testsuite name="com.uniritter.monitor.domain.TestMetricaService" tests="8" skipped="0" failures="0" errors="0" timestamp="2016-07-01T23:57:16" hostname="ZS-LAB103-65023" time="0.784">
  <properties/>
  <testcase name="testMetricaGetHistoricoMedicoes" classname="com.uniritter.monitor.domain.TestMetricaService" time="0.14"/>
  <testcase name="testAddHostNaMetrica" classname="com.uniritter.monitor.domain.TestMetricaService" time="0.251"/>
  <testcase name="testDeleteMetricaEHosts" classname="com.uniritter.monitor.domain.TestMetricaService" time="0.0"/>
  <testcase name="testGetMetricaComHosts" classname="com.uniritter.monitor.domain.TestMetricaService" time="0.062"/>
  <testcase name="testMetricaGetUltimaMedicao" classname="com.uniritter.monitor.domain.TestMetricaService" time="0.159"/>
  <testcase name="testCriarNovaMetrica" classname="com.uniritter.monitor.domain.TestMetricaService" time="0.0"/>
  <testcase name="testGetMetricas" classname="com.uniritter.monitor.domain.TestMetricaService" time="0.172"/>
  <testcase name="testGetMetrica" classname="com.uniritter.monitor.domain.TestMetricaService" time="0.0"/>
  <system-out><![CDATA[2016-07-01 20:57:16.191  INFO 5668 --- [    Test worker] o.s.t.c.support.AbstractContextLoader    : Could not detect default resource locations for test class [com.uniritter.monitor.domain.TestMetricaService]: no resource found for suffixes {-context.xml, Context.groovy}.
2016-07-01 20:57:16.191  INFO 5668 --- [    Test worker] o.s.t.c.web.WebTestContextBootstrapper   : Loaded default TestExecutionListener class names from location [META-INF/spring.factories]: [org.springframework.test.context.web.ServletTestExecutionListener, org.springframework.test.context.support.DirtiesContextBeforeModesTestExecutionListener, org.springframework.test.context.support.DependencyInjectionTestExecutionListener, org.springframework.test.context.support.DirtiesContextTestExecutionListener, org.springframework.test.context.transaction.TransactionalTestExecutionListener, org.springframework.test.context.jdbc.SqlScriptsTestExecutionListener]
2016-07-01 20:57:16.191  INFO 5668 --- [    Test worker] o.s.t.c.web.WebTestContextBootstrapper   : Using TestExecutionListeners: [org.springframework.test.context.web.ServletTestExecutionListener@5f26e223, org.springframework.test.context.support.DirtiesContextBeforeModesTestExecutionListener@71c898a2, org.springframework.test.context.support.DependencyInjectionTestExecutionListener@289cee0a, org.springframework.test.context.support.DirtiesContextTestExecutionListener@56cfe75a, org.springframework.test.context.transaction.TransactionalTestExecutionListener@6b5df23c, org.springframework.test.context.jdbc.SqlScriptsTestExecutionListener@64ca7835]
]]></system-out>
  <system-err><![CDATA[]]></system-err>
</testsuite>
