<?xml version="1.0" encoding="UTF-8"?>
<testsuite name="com.uniritter.monitor.persistence.TestMedicaoDao" tests="4" skipped="0" failures="0" errors="0" timestamp="2016-06-17T21:38:24" hostname="ZS-LAB103-65023" time="0.036">
  <properties/>
  <testcase name="testMedicaoDaoGetById" classname="com.uniritter.monitor.persistence.TestMedicaoDao" time="0.001"/>
  <testcase name="testMedicaoDaoGetList" classname="com.uniritter.monitor.persistence.TestMedicaoDao" time="0.024"/>
  <testcase name="testMedicaoDaoCreate" classname="com.uniritter.monitor.persistence.TestMedicaoDao" time="0.002"/>
  <testcase name="testMedicaoDaoGetFromParent" classname="com.uniritter.monitor.persistence.TestMedicaoDao" time="0.008"/>
  <system-out><![CDATA[2016-06-17 18:38:24.815  INFO 5636 --- [    Test worker] o.s.t.c.support.AbstractContextLoader    : Could not detect default resource locations for test class [com.uniritter.monitor.persistence.TestMedicaoDao]: no resource found for suffixes {-context.xml, Context.groovy}.
2016-06-17 18:38:24.817  INFO 5636 --- [    Test worker] o.s.t.c.web.WebTestContextBootstrapper   : Loaded default TestExecutionListener class names from location [META-INF/spring.factories]: [org.springframework.test.context.web.ServletTestExecutionListener, org.springframework.test.context.support.DirtiesContextBeforeModesTestExecutionListener, org.springframework.test.context.support.DependencyInjectionTestExecutionListener, org.springframework.test.context.support.DirtiesContextTestExecutionListener, org.springframework.test.context.transaction.TransactionalTestExecutionListener, org.springframework.test.context.jdbc.SqlScriptsTestExecutionListener]
2016-06-17 18:38:24.818  INFO 5636 --- [    Test worker] o.s.t.c.web.WebTestContextBootstrapper   : Using TestExecutionListeners: [org.springframework.test.context.web.ServletTestExecutionListener@782817d7, org.springframework.test.context.support.DirtiesContextBeforeModesTestExecutionListener@103561e2, org.springframework.test.context.support.DependencyInjectionTestExecutionListener@20ad44be, org.springframework.test.context.support.DirtiesContextTestExecutionListener@4f7c26b4, org.springframework.test.context.transaction.TransactionalTestExecutionListener@5fd11c30, org.springframework.test.context.jdbc.SqlScriptsTestExecutionListener@1991c475]
]]></system-out>
  <system-err><![CDATA[]]></system-err>
</testsuite>
