<?xml version="1.0" encoding="UTF-8"?>
<testsuite name="com.uniritter.monitor.persistence.TestMedicaoDao" tests="4" skipped="0" failures="0" errors="0" timestamp="2016-07-01T23:38:27" hostname="ZS-LAB103-65023" time="0.066">
  <properties/>
  <testcase name="testMedicaoDaoGetById" classname="com.uniritter.monitor.persistence.TestMedicaoDao" time="0.002"/>
  <testcase name="testMedicaoDaoGetList" classname="com.uniritter.monitor.persistence.TestMedicaoDao" time="0.046"/>
  <testcase name="testMedicaoDaoCreate" classname="com.uniritter.monitor.persistence.TestMedicaoDao" time="0.001"/>
  <testcase name="testMedicaoDaoGetFromParent" classname="com.uniritter.monitor.persistence.TestMedicaoDao" time="0.015"/>
  <system-out><![CDATA[2016-07-01 20:38:27.948  INFO 7228 --- [    Test worker] o.s.t.c.support.AbstractContextLoader    : Could not detect default resource locations for test class [com.uniritter.monitor.persistence.TestMedicaoDao]: no resource found for suffixes {-context.xml, Context.groovy}.
2016-07-01 20:38:27.950  INFO 7228 --- [    Test worker] o.s.t.c.web.WebTestContextBootstrapper   : Loaded default TestExecutionListener class names from location [META-INF/spring.factories]: [org.springframework.test.context.web.ServletTestExecutionListener, org.springframework.test.context.support.DirtiesContextBeforeModesTestExecutionListener, org.springframework.test.context.support.DependencyInjectionTestExecutionListener, org.springframework.test.context.support.DirtiesContextTestExecutionListener, org.springframework.test.context.transaction.TransactionalTestExecutionListener, org.springframework.test.context.jdbc.SqlScriptsTestExecutionListener]
2016-07-01 20:38:27.950  INFO 7228 --- [    Test worker] o.s.t.c.web.WebTestContextBootstrapper   : Using TestExecutionListeners: [org.springframework.test.context.web.ServletTestExecutionListener@2b284cfc, org.springframework.test.context.support.DirtiesContextBeforeModesTestExecutionListener@62d64a86, org.springframework.test.context.support.DependencyInjectionTestExecutionListener@62b6d61b, org.springframework.test.context.support.DirtiesContextTestExecutionListener@51a2b93e, org.springframework.test.context.transaction.TransactionalTestExecutionListener@122fbf51, org.springframework.test.context.jdbc.SqlScriptsTestExecutionListener@7cb9682a]
]]></system-out>
  <system-err><![CDATA[]]></system-err>
</testsuite>
