<?xml version="1.0" encoding="UTF-8"?>
<testsuite name="com.uniritter.monitor.domain.TestMedicaoService" tests="2" skipped="0" failures="0" errors="0" timestamp="2016-06-12T14:37:16" hostname="Note_Fontana" time="0.044">
  <properties/>
  <testcase name="testGetMedicoes" classname="com.uniritter.monitor.domain.TestMedicaoService" time="0.009"/>
  <testcase name="testCreateMedicao" classname="com.uniritter.monitor.domain.TestMedicaoService" time="0.032"/>
  <system-out><![CDATA[2016-06-12 11:37:16.536  INFO 5216 --- [    Test worker] o.s.t.c.support.AbstractContextLoader    : Could not detect default resource locations for test class [com.uniritter.monitor.domain.TestMedicaoService]: no resource found for suffixes {-context.xml, Context.groovy}.
2016-06-12 11:37:16.539  INFO 5216 --- [    Test worker] o.s.t.c.web.WebTestContextBootstrapper   : Loaded default TestExecutionListener class names from location [META-INF/spring.factories]: [org.springframework.test.context.web.ServletTestExecutionListener, org.springframework.test.context.support.DirtiesContextBeforeModesTestExecutionListener, org.springframework.test.context.support.DependencyInjectionTestExecutionListener, org.springframework.test.context.support.DirtiesContextTestExecutionListener, org.springframework.test.context.transaction.TransactionalTestExecutionListener, org.springframework.test.context.jdbc.SqlScriptsTestExecutionListener]
2016-06-12 11:37:16.540  INFO 5216 --- [    Test worker] o.s.t.c.web.WebTestContextBootstrapper   : Using TestExecutionListeners: [org.springframework.test.context.web.ServletTestExecutionListener@3552c923, org.springframework.test.context.support.DirtiesContextBeforeModesTestExecutionListener@1a73b3fb, org.springframework.test.context.support.DependencyInjectionTestExecutionListener@5022988c, org.springframework.test.context.support.DirtiesContextTestExecutionListener@11748ca7, org.springframework.test.context.transaction.TransactionalTestExecutionListener@324c447b, org.springframework.test.context.jdbc.SqlScriptsTestExecutionListener@35a7c5a2]
]]></system-out>
  <system-err><![CDATA[]]></system-err>
</testsuite>
