<?xml version="1.0" encoding="UTF-8"?>
<testsuite name="com.uniritter.monitor.persistence.TestMetricaRepository" tests="1" skipped="0" failures="0" errors="0" timestamp="2016-06-26T15:07:09" hostname="Note_Fontana" time="0.052">
  <properties/>
  <testcase name="testMetricaRepositoryGetList" classname="com.uniritter.monitor.persistence.TestMetricaRepository" time="0.052"/>
  <system-out><![CDATA[2016-06-26 12:07:09.734  INFO 3284 --- [    Test worker] o.s.t.c.support.AbstractContextLoader    : Could not detect default resource locations for test class [com.uniritter.monitor.persistence.TestMetricaRepository]: no resource found for suffixes {-context.xml, Context.groovy}.
2016-06-26 12:07:09.737  INFO 3284 --- [    Test worker] o.s.t.c.web.WebTestContextBootstrapper   : Loaded default TestExecutionListener class names from location [META-INF/spring.factories]: [org.springframework.test.context.web.ServletTestExecutionListener, org.springframework.test.context.support.DirtiesContextBeforeModesTestExecutionListener, org.springframework.test.context.support.DependencyInjectionTestExecutionListener, org.springframework.test.context.support.DirtiesContextTestExecutionListener, org.springframework.test.context.transaction.TransactionalTestExecutionListener, org.springframework.test.context.jdbc.SqlScriptsTestExecutionListener]
2016-06-26 12:07:09.739  INFO 3284 --- [    Test worker] o.s.t.c.web.WebTestContextBootstrapper   : Using TestExecutionListeners: [org.springframework.test.context.web.ServletTestExecutionListener@1eb7f3c0, org.springframework.test.context.support.DirtiesContextBeforeModesTestExecutionListener@7d6e7541, org.springframework.test.context.support.DependencyInjectionTestExecutionListener@14b2230b, org.springframework.test.context.support.DirtiesContextTestExecutionListener@2d8e9b89, org.springframework.test.context.transaction.TransactionalTestExecutionListener@c86440b, org.springframework.test.context.jdbc.SqlScriptsTestExecutionListener@2ccfca7]
]]></system-out>
  <system-err><![CDATA[]]></system-err>
</testsuite>
