<?xml version="1.0" encoding="UTF-8"?>
<testsuite name="com.uniritter.monitor.persistence.TestMedicaoDao" tests="4" skipped="0" failures="0" errors="0" timestamp="2016-06-17T00:59:09" hostname="Note_Fontana" time="0.035">
  <properties/>
  <testcase name="testMedicaoDaoGetById" classname="com.uniritter.monitor.persistence.TestMedicaoDao" time="0.004"/>
  <testcase name="testMedicaoDaoGetList" classname="com.uniritter.monitor.persistence.TestMedicaoDao" time="0.014"/>
  <testcase name="testMedicaoDaoCreate" classname="com.uniritter.monitor.persistence.TestMedicaoDao" time="0.003"/>
  <testcase name="testMedicaoDaoGetFromParent" classname="com.uniritter.monitor.persistence.TestMedicaoDao" time="0.012"/>
  <system-out><![CDATA[2016-06-16 21:59:09.724  INFO 5164 --- [    Test worker] o.s.t.c.support.AbstractContextLoader    : Could not detect default resource locations for test class [com.uniritter.monitor.persistence.TestMedicaoDao]: no resource found for suffixes {-context.xml, Context.groovy}.
2016-06-16 21:59:09.729  INFO 5164 --- [    Test worker] o.s.t.c.web.WebTestContextBootstrapper   : Loaded default TestExecutionListener class names from location [META-INF/spring.factories]: [org.springframework.test.context.web.ServletTestExecutionListener, org.springframework.test.context.support.DirtiesContextBeforeModesTestExecutionListener, org.springframework.test.context.support.DependencyInjectionTestExecutionListener, org.springframework.test.context.support.DirtiesContextTestExecutionListener, org.springframework.test.context.transaction.TransactionalTestExecutionListener, org.springframework.test.context.jdbc.SqlScriptsTestExecutionListener]
2016-06-16 21:59:09.729  INFO 5164 --- [    Test worker] o.s.t.c.web.WebTestContextBootstrapper   : Using TestExecutionListeners: [org.springframework.test.context.web.ServletTestExecutionListener@1363a19f, org.springframework.test.context.support.DirtiesContextBeforeModesTestExecutionListener@2877d2b5, org.springframework.test.context.support.DependencyInjectionTestExecutionListener@61866a92, org.springframework.test.context.support.DirtiesContextTestExecutionListener@13bc973b, org.springframework.test.context.transaction.TransactionalTestExecutionListener@1dddb38a, org.springframework.test.context.jdbc.SqlScriptsTestExecutionListener@b2938fe]
]]></system-out>
  <system-err><![CDATA[]]></system-err>
</testsuite>
