<?xml version="1.0" encoding="UTF-8"?>
<testsuite name="com.uniritter.monitor.persistence.TestMetricaRepository" tests="2" skipped="0" failures="0" errors="0" timestamp="2016-05-29T22:56:27" hostname="Note_Fontana" time="0.013">
  <properties/>
  <testcase name="testMetricaRepositorySave" classname="com.uniritter.monitor.persistence.TestMetricaRepository" time="0.0"/>
  <testcase name="testMetricaRepositoryGetList" classname="com.uniritter.monitor.persistence.TestMetricaRepository" time="0.011"/>
  <system-out><![CDATA[2016-05-29 19:56:27.343  INFO 5236 --- [    Test worker] o.s.t.c.support.AbstractContextLoader    : Could not detect default resource locations for test class [com.uniritter.monitor.persistence.TestMetricaRepository]: no resource found for suffixes {-context.xml, Context.groovy}.
2016-05-29 19:56:27.346  INFO 5236 --- [    Test worker] o.s.t.c.web.WebTestContextBootstrapper   : Loaded default TestExecutionListener class names from location [META-INF/spring.factories]: [org.springframework.test.context.web.ServletTestExecutionListener, org.springframework.test.context.support.DirtiesContextBeforeModesTestExecutionListener, org.springframework.test.context.support.DependencyInjectionTestExecutionListener, org.springframework.test.context.support.DirtiesContextTestExecutionListener, org.springframework.test.context.transaction.TransactionalTestExecutionListener, org.springframework.test.context.jdbc.SqlScriptsTestExecutionListener]
2016-05-29 19:56:27.347  INFO 5236 --- [    Test worker] o.s.t.c.web.WebTestContextBootstrapper   : Using TestExecutionListeners: [org.springframework.test.context.web.ServletTestExecutionListener@793b7d36, org.springframework.test.context.support.DirtiesContextBeforeModesTestExecutionListener@673dabf3, org.springframework.test.context.support.DependencyInjectionTestExecutionListener@61cbdfc5, org.springframework.test.context.support.DirtiesContextTestExecutionListener@5739bc37, org.springframework.test.context.transaction.TransactionalTestExecutionListener@75c9a92b, org.springframework.test.context.jdbc.SqlScriptsTestExecutionListener@7f21f652]
]]></system-out>
  <system-err><![CDATA[]]></system-err>
</testsuite>
