<?xml version="1.0" encoding="UTF-8"?>
<testsuite name="com.uniritter.monitor.rest.TestHostGrupoController" tests="1" skipped="0" failures="0" errors="0" timestamp="2016-06-07T01:58:06" hostname="Note_Fontana" time="0.023">
  <properties/>
  <testcase name="testGetGrupos" classname="com.uniritter.monitor.rest.TestHostGrupoController" time="0.023"/>
  <system-out><![CDATA[2016-06-06 22:58:06.623  INFO 4940 --- [    Test worker] o.s.t.c.support.AbstractContextLoader    : Could not detect default resource locations for test class [com.uniritter.monitor.rest.TestHostGrupoController]: no resource found for suffixes {-context.xml, Context.groovy}.
2016-06-06 22:58:06.626  INFO 4940 --- [    Test worker] WebAppIntegrationTestContextBootstrapper : Loaded default TestExecutionListener class names from location [META-INF/spring.factories]: [org.springframework.test.context.web.ServletTestExecutionListener, org.springframework.test.context.support.DirtiesContextBeforeModesTestExecutionListener, org.springframework.test.context.support.DependencyInjectionTestExecutionListener, org.springframework.test.context.support.DirtiesContextTestExecutionListener, org.springframework.test.context.transaction.TransactionalTestExecutionListener, org.springframework.test.context.jdbc.SqlScriptsTestExecutionListener]
2016-06-06 22:58:06.626  INFO 4940 --- [    Test worker] WebAppIntegrationTestContextBootstrapper : Using TestExecutionListeners: [org.springframework.test.context.web.ServletTestExecutionListener@3bc05f63, org.springframework.test.context.support.DirtiesContextBeforeModesTestExecutionListener@76a25fb5, org.springframework.test.context.support.DependencyInjectionTestExecutionListener@254a8946, org.springframework.test.context.support.DirtiesContextTestExecutionListener@2f2db7ff, org.springframework.test.context.transaction.TransactionalTestExecutionListener@162fce3e, org.springframework.test.context.jdbc.SqlScriptsTestExecutionListener@729464b9]
]]></system-out>
  <system-err><![CDATA[]]></system-err>
</testsuite>
