<?xml version="1.0" encoding="UTF-8"?>
<testsuite name="com.uniritter.monitor.domain.TestHostService" tests="3" skipped="0" failures="0" errors="0" timestamp="2016-06-26T15:07:07" hostname="Note_Fontana" time="1.018">
  <properties/>
  <testcase name="testSalvarHostVazio" classname="com.uniritter.monitor.domain.TestHostService" time="0.622"/>
  <testcase name="testGetHosts" classname="com.uniritter.monitor.domain.TestHostService" time="0.267"/>
  <testcase name="testCreateHost" classname="com.uniritter.monitor.domain.TestHostService" time="0.015"/>
  <system-out><![CDATA[2016-06-26 12:07:07.315  INFO 3284 --- [    Test worker] o.s.t.c.support.AbstractContextLoader    : Could not detect default resource locations for test class [com.uniritter.monitor.domain.TestHostService]: no resource found for suffixes {-context.xml, Context.groovy}.
2016-06-26 12:07:07.319  INFO 3284 --- [    Test worker] o.s.t.c.web.WebTestContextBootstrapper   : Loaded default TestExecutionListener class names from location [META-INF/spring.factories]: [org.springframework.test.context.web.ServletTestExecutionListener, org.springframework.test.context.support.DirtiesContextBeforeModesTestExecutionListener, org.springframework.test.context.support.DependencyInjectionTestExecutionListener, org.springframework.test.context.support.DirtiesContextTestExecutionListener, org.springframework.test.context.transaction.TransactionalTestExecutionListener, org.springframework.test.context.jdbc.SqlScriptsTestExecutionListener]
2016-06-26 12:07:07.320  INFO 3284 --- [    Test worker] o.s.t.c.web.WebTestContextBootstrapper   : Using TestExecutionListeners: [org.springframework.test.context.web.ServletTestExecutionListener@3c9025ee, org.springframework.test.context.support.DirtiesContextBeforeModesTestExecutionListener@2bbc57eb, org.springframework.test.context.support.DependencyInjectionTestExecutionListener@6a9ecdd9, org.springframework.test.context.support.DirtiesContextTestExecutionListener@23fcb378, org.springframework.test.context.transaction.TransactionalTestExecutionListener@1efe5dbc, org.springframework.test.context.jdbc.SqlScriptsTestExecutionListener@57344287]
2016-06-26 12:07:07.355  INFO 3284 --- [    Test worker] o.s.b.f.xml.XmlBeanDefinitionReader      : Loading XML bean definitions from class path resource [org/springframework/jdbc/support/sql-error-codes.xml]
2016-06-26 12:07:07.940  INFO 3284 --- [    Test worker] o.s.jdbc.support.SQLErrorCodesFactory    : SQLErrorCodes loaded: [DB2, Derby, H2, HSQL, Informix, MS-SQL, MySQL, Oracle, PostgreSQL, Sybase, Hana]
]]></system-out>
  <system-err><![CDATA[]]></system-err>
</testsuite>
