<?xml version="1.0" encoding="UTF-8"?>
<testsuite name="com.uniritter.monitor.domain.TestMedicaoService" tests="3" skipped="0" failures="0" errors="0" timestamp="2016-07-01T22:51:55" hostname="ZS-LAB103-65023" time="0.03">
  <properties/>
  <testcase name="testGetMedicoes" classname="com.uniritter.monitor.domain.TestMedicaoService" time="0.015"/>
  <testcase name="testCreateMedicao" classname="com.uniritter.monitor.domain.TestMedicaoService" time="0.001"/>
  <testcase name="testDisparaNotificaoAlertaValidoParaMedicaoRealizada" classname="com.uniritter.monitor.domain.TestMedicaoService" time="0.014"/>
  <system-out><![CDATA[2016-07-01 19:51:55.707  INFO 6560 --- [    Test worker] o.s.t.c.support.AbstractContextLoader    : Could not detect default resource locations for test class [com.uniritter.monitor.domain.TestMedicaoService]: no resource found for suffixes {-context.xml, Context.groovy}.
2016-07-01 19:51:55.707  INFO 6560 --- [    Test worker] o.s.t.c.web.WebTestContextBootstrapper   : Loaded default TestExecutionListener class names from location [META-INF/spring.factories]: [org.springframework.test.context.web.ServletTestExecutionListener, org.springframework.test.context.support.DirtiesContextBeforeModesTestExecutionListener, org.springframework.test.context.support.DependencyInjectionTestExecutionListener, org.springframework.test.context.support.DirtiesContextTestExecutionListener, org.springframework.test.context.transaction.TransactionalTestExecutionListener, org.springframework.test.context.jdbc.SqlScriptsTestExecutionListener]
2016-07-01 19:51:55.707  INFO 6560 --- [    Test worker] o.s.t.c.web.WebTestContextBootstrapper   : Using TestExecutionListeners: [org.springframework.test.context.web.ServletTestExecutionListener@792e50c8, org.springframework.test.context.support.DirtiesContextBeforeModesTestExecutionListener@4fb9b89f, org.springframework.test.context.support.DependencyInjectionTestExecutionListener@2a07f79d, org.springframework.test.context.support.DirtiesContextTestExecutionListener@711179f9, org.springframework.test.context.transaction.TransactionalTestExecutionListener@325f046d, org.springframework.test.context.jdbc.SqlScriptsTestExecutionListener@7c1ba9f0]
]]></system-out>
  <system-err><![CDATA[]]></system-err>
</testsuite>
