<?xml version="1.0" encoding="UTF-8"?>
<testsuite name="com.uniritter.monitor.persistence.TestMetricaRepository" tests="1" skipped="0" failures="0" errors="0" timestamp="2016-07-01T22:51:56" hostname="ZS-LAB103-65023" time="0.031">
  <properties/>
  <testcase name="testMetricaRepositoryGetList" classname="com.uniritter.monitor.persistence.TestMetricaRepository" time="0.031"/>
  <system-out><![CDATA[2016-07-01 19:51:56.853  INFO 6560 --- [    Test worker] o.s.t.c.support.AbstractContextLoader    : Could not detect default resource locations for test class [com.uniritter.monitor.persistence.TestMetricaRepository]: no resource found for suffixes {-context.xml, Context.groovy}.
2016-07-01 19:51:56.853  INFO 6560 --- [    Test worker] o.s.t.c.web.WebTestContextBootstrapper   : Loaded default TestExecutionListener class names from location [META-INF/spring.factories]: [org.springframework.test.context.web.ServletTestExecutionListener, org.springframework.test.context.support.DirtiesContextBeforeModesTestExecutionListener, org.springframework.test.context.support.DependencyInjectionTestExecutionListener, org.springframework.test.context.support.DirtiesContextTestExecutionListener, org.springframework.test.context.transaction.TransactionalTestExecutionListener, org.springframework.test.context.jdbc.SqlScriptsTestExecutionListener]
2016-07-01 19:51:56.853  INFO 6560 --- [    Test worker] o.s.t.c.web.WebTestContextBootstrapper   : Using TestExecutionListeners: [org.springframework.test.context.web.ServletTestExecutionListener@218726f1, org.springframework.test.context.support.DirtiesContextBeforeModesTestExecutionListener@300da969, org.springframework.test.context.support.DependencyInjectionTestExecutionListener@50ed4524, org.springframework.test.context.support.DirtiesContextTestExecutionListener@95667fe, org.springframework.test.context.transaction.TransactionalTestExecutionListener@7c5597c, org.springframework.test.context.jdbc.SqlScriptsTestExecutionListener@2d75dfe0]
]]></system-out>
  <system-err><![CDATA[]]></system-err>
</testsuite>
