<?xml version="1.0" encoding="UTF-8"?>
<testsuite name="com.uniritter.monitor.rest.TestHostController" tests="2" skipped="0" failures="0" errors="0" timestamp="2016-06-07T01:58:06" hostname="Note_Fontana" time="0.359">
  <properties/>
  <testcase name="testGetTodoHostsDaMetrica2" classname="com.uniritter.monitor.rest.TestHostController" time="0.208"/>
  <testcase name="testCreateHost" classname="com.uniritter.monitor.rest.TestHostController" time="0.149"/>
  <system-out><![CDATA[2016-06-06 22:58:06.242  INFO 4940 --- [    Test worker] o.s.t.c.support.AbstractContextLoader    : Could not detect default resource locations for test class [com.uniritter.monitor.rest.TestHostController]: no resource found for suffixes {-context.xml, Context.groovy}.
2016-06-06 22:58:06.251  INFO 4940 --- [    Test worker] WebAppIntegrationTestContextBootstrapper : Loaded default TestExecutionListener class names from location [META-INF/spring.factories]: [org.springframework.test.context.web.ServletTestExecutionListener, org.springframework.test.context.support.DirtiesContextBeforeModesTestExecutionListener, org.springframework.test.context.support.DependencyInjectionTestExecutionListener, org.springframework.test.context.support.DirtiesContextTestExecutionListener, org.springframework.test.context.transaction.TransactionalTestExecutionListener, org.springframework.test.context.jdbc.SqlScriptsTestExecutionListener]
2016-06-06 22:58:06.252  INFO 4940 --- [    Test worker] WebAppIntegrationTestContextBootstrapper : Using TestExecutionListeners: [org.springframework.test.context.web.ServletTestExecutionListener@14f5a14, org.springframework.test.context.support.DirtiesContextBeforeModesTestExecutionListener@76db2818, org.springframework.test.context.support.DependencyInjectionTestExecutionListener@322a55ac, org.springframework.test.context.support.DirtiesContextTestExecutionListener@7118186, org.springframework.test.context.transaction.TransactionalTestExecutionListener@7c75e48a, org.springframework.test.context.jdbc.SqlScriptsTestExecutionListener@53c188f4]
]]></system-out>
  <system-err><![CDATA[]]></system-err>
</testsuite>
