<?xml version="1.0" encoding="UTF-8"?>
<testsuite name="com.uniritter.monitor.rest.TestHostGrupoController" tests="1" skipped="0" failures="0" errors="0" timestamp="2016-06-01T01:40:08" hostname="Note_Fontana" time="0.051">
  <properties/>
  <testcase name="testGetTipos" classname="com.uniritter.monitor.rest.TestHostGrupoController" time="0.051"/>
  <system-out><![CDATA[2016-05-31 22:40:08.162  INFO 668 --- [    Test worker] o.s.t.c.support.AbstractContextLoader    : Could not detect default resource locations for test class [com.uniritter.monitor.rest.TestHostGrupoController]: no resource found for suffixes {-context.xml, Context.groovy}.
2016-05-31 22:40:08.167  INFO 668 --- [    Test worker] WebAppIntegrationTestContextBootstrapper : Loaded default TestExecutionListener class names from location [META-INF/spring.factories]: [org.springframework.test.context.web.ServletTestExecutionListener, org.springframework.test.context.support.DirtiesContextBeforeModesTestExecutionListener, org.springframework.test.context.support.DependencyInjectionTestExecutionListener, org.springframework.test.context.support.DirtiesContextTestExecutionListener, org.springframework.test.context.transaction.TransactionalTestExecutionListener, org.springframework.test.context.jdbc.SqlScriptsTestExecutionListener]
2016-05-31 22:40:08.167  INFO 668 --- [    Test worker] WebAppIntegrationTestContextBootstrapper : Using TestExecutionListeners: [org.springframework.test.context.web.ServletTestExecutionListener@4c5179c1, org.springframework.test.context.support.DirtiesContextBeforeModesTestExecutionListener@5b4d39b, org.springframework.test.context.support.DependencyInjectionTestExecutionListener@3b06fdb9, org.springframework.test.context.support.DirtiesContextTestExecutionListener@4621e767, org.springframework.test.context.transaction.TransactionalTestExecutionListener@1790113, org.springframework.test.context.jdbc.SqlScriptsTestExecutionListener@227232ac]
]]></system-out>
  <system-err><![CDATA[]]></system-err>
</testsuite>
