<?xml version="1.0" encoding="UTF-8"?>
<testsuite name="com.uniritter.monitor.domain.TestMetricaService" tests="7" skipped="0" failures="0" errors="0" timestamp="2016-06-17T00:59:09" hostname="Note_Fontana" time="0.434">
  <properties/>
  <testcase name="testMetricaGetHistoricoMedicoes" classname="com.uniritter.monitor.domain.TestMetricaService" time="0.049"/>
  <testcase name="testDeleteMetricaEHosts" classname="com.uniritter.monitor.domain.TestMetricaService" time="0.011"/>
  <testcase name="testGetMetricaComHosts" classname="com.uniritter.monitor.domain.TestMetricaService" time="0.118"/>
  <testcase name="testMetricaGetUltimaMedicao" classname="com.uniritter.monitor.domain.TestMetricaService" time="0.095"/>
  <testcase name="testCriarNovaMetrica" classname="com.uniritter.monitor.domain.TestMetricaService" time="0.002"/>
  <testcase name="testGetMetricas" classname="com.uniritter.monitor.domain.TestMetricaService" time="0.15"/>
  <testcase name="testGetMetrica" classname="com.uniritter.monitor.domain.TestMetricaService" time="0.002"/>
  <system-out><![CDATA[2016-06-16 21:59:09.190  INFO 5164 --- [    Test worker] o.s.t.c.support.AbstractContextLoader    : Could not detect default resource locations for test class [com.uniritter.monitor.domain.TestMetricaService]: no resource found for suffixes {-context.xml, Context.groovy}.
2016-06-16 21:59:09.193  INFO 5164 --- [    Test worker] o.s.t.c.web.WebTestContextBootstrapper   : Loaded default TestExecutionListener class names from location [META-INF/spring.factories]: [org.springframework.test.context.web.ServletTestExecutionListener, org.springframework.test.context.support.DirtiesContextBeforeModesTestExecutionListener, org.springframework.test.context.support.DependencyInjectionTestExecutionListener, org.springframework.test.context.support.DirtiesContextTestExecutionListener, org.springframework.test.context.transaction.TransactionalTestExecutionListener, org.springframework.test.context.jdbc.SqlScriptsTestExecutionListener]
2016-06-16 21:59:09.194  INFO 5164 --- [    Test worker] o.s.t.c.web.WebTestContextBootstrapper   : Using TestExecutionListeners: [org.springframework.test.context.web.ServletTestExecutionListener@8ab422, org.springframework.test.context.support.DirtiesContextBeforeModesTestExecutionListener@17fc5f84, org.springframework.test.context.support.DependencyInjectionTestExecutionListener@41f7c477, org.springframework.test.context.support.DirtiesContextTestExecutionListener@6465c996, org.springframework.test.context.transaction.TransactionalTestExecutionListener@311b4a9c, org.springframework.test.context.jdbc.SqlScriptsTestExecutionListener@446e3344]
]]></system-out>
  <system-err><![CDATA[]]></system-err>
</testsuite>
